cgt_vs_cgtdb Data/cgt_mcts_results/cgt_cgtdb_06.txt 6x6 100 runs...
1: B f2f3
2: W d3d4
3: B e1e2
4: W c2b2
5: B c1b1
6: W f5e5
7: B b6c6
8: W c4c3
9: B a3a2
10: W b5a5
11: B f6e6
12: W d1d2
13: B e2d2
14: W e5e6
15: B d6d5
16: W e4e3
17: B d5d4
18: W e3f3
19: B f4f3
20: W b2b1
21: B b4a4
22: W b1a1
23: B a4a5
24: W a1a2
25: B a5a6
winner:B wins
1: W b3c3
2: B f2f3
3: W c4b4
4: B e1e2
5: W a2a1
6: B b6c6
7: W d5e5
8: B a5b5
9: W c2c1
10: B b2b1
11: W e4e3
12: B b1c1
13: W f5f6
14: B d6e6
15: W d1d2
16: B d4d3
17: W e3d3
18: B e2d2
19: W f6e6
20: B d2d3
21: W c3d3
22: B a3a4
23: W b4a4
winner:W wins
