cgt_vs_cgtdb Data/cgt_mcts_results/cgt_cgtdb_06.txt 6x6 100 runs...
1: B f2e2
2: W e4f4
3: B e3d3
4: W c2b2
5: B b6c6
6: W c4b4
7: B a3a2
8: W d5d6
9: B c6d6
10: W e6f6
11: B e5f5
12: W f1e1
13: B a5b5
14: W b3c3
15: B c1d1
16: W c3d3
17: B f5f6
18: W e1e2
19: B d2d3
20: W b4b5
21: B c5b5
22: W b2a2
23: B a1a2
winner:B wins
1: W d3d2
2: B f2f3
3: W b5a5
4: B e1e2
5: W a2b2
6: B a1b1
7: W c4b4
8: B c3b3
9: W d5e5
10: B d4e4
11: W b2b3
12: B d6e6
13: W e5e4
14: B b6a6
15: W b3a3
16: B a6a5
17: W a4a5
18: B f6f5
19: W e4f4
20: B e2d2
21: W f4f5
22: B c1d1
23: W c2d2
24: B d1d2
25: W c6c5
winner:W wins
