cgt_vs_cgtdb Data/cgt_mcts_results/cgt_cgtdb_06.txt 6x6 100 runs...
1: B f2f3
2: W a2b2
3: B e1d1
4: W c4c3
5: B a5a4
6: W d3d4
7: B a1b1
8: W f5e5
9: B b6b5
10: W c2d2
11: B d6d5
12: W d4d5
13: B f6e6
14: W d5c5
15: B b5c5
16: W c6c5
17: B b4b3
18: W b2b3
19: B a3b3
20: W c3b3
21: B e6e5
22: W e4e5
23: B e3e2
24: W d2e2
winner:W wins
1: W b3b2
2: B a5a4
3: W d3d2
4: B b6b5
5: W c4d4
6: B f2f3
7: W e2e3
8: B d6d5
9: W f5e5
10: B d5e5
11: W d1c1
12: B a1a2
13: W c6c5
14: B c3c2
15: W c5b5
16: B c2b2
17: W b5b4
18: B a4b4
19: W f1e1
20: B e5e4
21: W e3e4
22: B f6e6
23: W e4f4
24: B f3f4
25: W b1b2
26: B a2b2
winner:B wins
