cgt_vs_cgtdb Data/cgt_mcts_results/cgt_cgtdb_06.txt 6x6 100 runs...
1: B d2d3
2: W b5c5
3: B e1e2
4: W c2c1
5: B b6c6
6: W e4e5
7: B a5a4
8: W b3b2
9: B f2f3
10: W d5d4
11: B c6c5
12: W a2a3
13: B a1b1
14: W d4d3
15: B c5c4
16: W d3e3
17: B b1b2
18: W a3a4
19: B f3e3
20: W a4b4
21: B d6e6
22: W e5e6
23: B f6f5
24: W b4c4
25: B c3c4
winner:B wins
1: W d3e3
2: B e1d1
3: W c2b2
4: B f2e2
5: W d5e5
6: B a1b1
7: W b5b6
8: B f4f5
9: W a4a3
10: B b4c4
11: W e6d6
12: B b1b2
13: W b3b2
14: B e2e3
15: W f3e3
16: B c5c6
17: W d6c6
18: B a5a6
19: W b6a6
20: B f5e5
21: W e4e5
winner:W wins
