cgt_vs_cgtdb Data/cgt_mcts_results/cgt_cgtdb_06.txt 6x6 100 runs...
1: B f2f3
2: W f5e5
3: B d4d3
4: W c4b4
5: B a5a4
6: W c2c3
7: B e1d1
8: W b1b2
9: B b6c6
10: W a2a1
11: B c5d5
12: W c3d3
13: B d2d3
14: W e2e3
15: B f6e6
16: W e5d5
17: B d6d5
18: W e4f4
19: B d3e3
20: W f4f3
21: B e3f3
22: W b4a4
23: B a3a4
winner:B wins
1: W e2d2
2: B e1d1
3: W b3c3
4: B f2f3
5: W a4b4
6: B c5c4
7: W e4d4
8: B b6c6
9: W b4c4
10: B f6f5
11: W e6d6
12: B b2c2
13: W b1c1
14: B d1d2
15: W d6c6
16: B a3a2
17: W a6a5
18: B e5d5
19: W c1c2
20: B d5d4
21: W d3d4
22: B d2c2
23: W c3c2
winner:W wins
