cgt_vs_cgtdb Data/cgt_mcts_results/cgt_cgtdb_06.txt 6x6 100 runs...
1: B e1d1
2: W a4b4
3: B b6c6
4: W b5c5
5: B c3d3
6: W e4e5
7: B c6c5
8: W f3f2
9: B c1c2
10: W f5f6
11: B e3e2
12: W d5d4
13: B a1a2
14: W d4d3
15: B d6e6
16: W a6a5
17: B c5c4
18: W d3d2
19: B d1d2
20: W b1b2
21: B e2f2
22: W b2a2
23: B c4b4
24: W b3a3
25: B e6f6
26: W f1f2
winner:W wins
1: W c2c1
2: B a5a4
3: W f5e5
4: B b6c6
5: W c4d4
6: B f6e6
7: W e2e1
8: B f2f3
9: W a2b2
10: B d2d1
11: W e1d1
12: B a1b1
13: W b5c5
14: B b1c1
15: W d3e3
16: B c6c5
17: W b3b4
18: B c1d1
19: W b4a4
20: B a3a4
21: W e3f3
22: B e6e5
23: W e4e5
24: B d6d5
25: W d4d5
26: B c5d5
27: W f3f4
28: B d5e5
winner:B wins
