cgt_vs_cgtdb Data/cgt_mcts_results/cgt_cgtdb_06.txt 6x6 100 runs...
1: B a5a4
2: W c2d2
3: B f2f3
4: W b3b4
5: B e1e2
6: W e6e5
7: B b6c6
8: W d3d4
9: B a1b1
10: W d5c5
11: B c3c4
12: W d2e2
13: B e3e4
14: W a2b2
15: B f4f5
16: W e5f5
17: B c4b4
18: W d4e4
19: B f6f5
20: W c5c6
21: B d6c6
22: W b5b4
23: B a4b4
24: W d1c1
25: B b1c1
winner:B wins
1: W b5c5
2: B b6c6
3: W c4b4
4: B e1d1
5: W d3e3
6: B f2e2
7: W f5e5
8: B f4e4
9: W a2b2
10: B a1b1
11: W e3e4
12: B f6e6
13: W c2d2
14: B b1b2
15: W b3a3
16: B a5a4
17: W d2d1
18: B a4b4
19: W d1c1
20: B d6d5
21: W c5d5
22: B e6e5
23: W e4e5
24: B d4d5
25: W e5d5
winner:W wins
