cgt_vs_cgtdb Data/cgt_mcts_results/cgt_cgtdb_06.txt 6x6 100 runs...
1: B f2e2
2: W d5c5
3: B e1d1
4: W c2d2
5: B a5a4
6: W b3a3
7: B b6b5
8: W e6e5
9: B f6f5
10: W f3e3
11: B a1b1
12: W e4d4
13: B e2e3
14: W e5f5
15: B c3c4
16: W c5c4
17: B d6c6
18: W f5f4
19: B b4c4
20: W d4c4
21: B a4a3
22: W a2a3
23: B e3d3
24: W d2d3
winner:W wins
1: W d5c5
2: B e1d1
3: W a4b4
4: B a5b5
5: W e4f4
6: B d6e6
7: W c2b2
8: B f2e2
9: W d3e3
10: B a1b1
11: W a6b6
12: B a3b3
13: W b6b5
14: B d4c4
15: W b2b1
16: B c4b4
17: W f5e5
18: B e6e5
19: W b1c1
20: B d1c1
21: W b5b4
22: B b3b4
23: W e3e2
24: B d2e2
winner:B wins
