cgt_vs_cgtdb Data/cgt_mcts_results/cgt_cgtdb_06.txt 6x6 100 runs...
1: B b6b5
2: W e2d2
3: B e1d1
4: W d3e3
5: B a5a4
6: W e4d4
7: B f4f5
8: W b3b2
9: B a1b1
10: W d5c5
11: B e5e6
12: W c6d6
13: B f2f1
14: W d6e6
15: B f6e6
16: W c5b5
17: B c3c2
18: W d2d1
19: B b4b5
20: W d1c1
21: B c2b2
22: W a2a3
23: B a4a3
24: W c1b1
25: B b2b1
winner:B wins
1: W b3b4
2: B a5a4
3: W f5e5
4: B b6c6
5: W d3e3
6: B f6e6
7: W d5d4
8: B f2f3
9: W a2b2
10: B e1e2
11: W d1c1
12: B a1b1
13: W e3e2
14: B c3c4
15: W e2d2
16: B b1c1
17: W d4c4
18: B c1c2
19: W b2c2
20: B a4b4
21: W b5b4
22: B c5c4
23: W b4c4
24: B e6e5
25: W e4e5
winner:W wins
