cgt_vs_cgtdb Data/cgt_mcts_results/cgt_cgtdb_06.txt 6x6 100 runs...
1: B a3b3
2: W c4d4
3: B b2c2
4: W d5c5
5: B f2e2
6: W e4f4
7: B c1d1
8: W b5a5
9: B d6e6
10: W d3c3
11: B c2c3
12: W f1e1
13: B d1e1
14: W a4b4
15: B a1a2
16: W f3e3
17: B b3b4
18: W f5f6
19: B e6f6
20: W e3e2
21: B b6c6
22: W c5c6
23: B d2e2
winner:B wins
1: W e2d2
2: B e1d1
3: W a2b2
4: B a5a4
5: W d3d4
6: B b6c6
7: W d5e5
8: B f4f5
9: W b3c3
10: B f6e6
11: W f3e3
12: B a1b1
13: W d2d1
14: B c5c4
15: W b5b4
16: B c1c2
17: W c3c2
18: B b1b2
19: W b4a4
20: B c4d4
21: W a4a3
22: B d4e4
23: W e5e4
24: B b2c2
25: W f1f2
winner:W wins
