cgt_vs_cgtdb Data/cgt_mcts_results/cgt_cgtdb_06.txt 6x6 100 runs...
1: B c1c2
2: W b3b2
3: B d2d3
4: W e2e3
5: B a1a2
6: W b5b4
7: B a5a4
8: W c6c5
9: B f4e4
10: W d5e5
11: B d6e6
12: W b4a4
13: B f2f3
14: W a4a3
15: B a2b2
16: W e3d3
17: B d4c4
18: W c5c4
19: B c3d3
20: W f5f6
21: B e6e5
22: W b1b2
23: B b6a6
24: W b2c2
25: B e1d1
winner:B wins
1: W b5c5
2: B b6c6
3: W e4e5
4: B a5a4
5: W b1c1
6: B f2f3
7: W a2b2
8: B d4d3
9: W c4c3
10: B f6f5
11: W e2e1
12: B f5e5
13: W e6d6
14: B e5d5
15: W c5d5
16: B c6d6
17: W d5d6
18: B d3c3
19: W c2c3
20: B d2d1
21: W c1d1
22: B a3b3
23: W c3b3
24: B b4b3
25: W b2b3
winner:W wins
