cgt_vs_cgtdb Data/cgt_mcts_results/cgt_cgtdb_06.txt 6x6 100 runs...
1: B b4c4
2: W f3e3
3: B a5b5
4: W d1d2
5: B f2e2
6: W c2c1
7: B a3a2
8: W c6d6
9: B e5d5
10: W a6b6
11: B f4e4
12: W d3c3
13: B e2e3
14: W b6b5
15: B c5b5
16: W b1a1
17: B f6f5
18: W b3b2
19: B c4c3
20: W b2a2
21: B e1f1
22: W d6d5
23: B d4d5
winner:B wins
1: W c2d2
2: B e1d1
3: W b3b4
4: B f2f3
5: W e4d4
6: B b2b1
7: W b5c5
8: B f6f5
9: W c6d6
10: B a3a4
11: W d3e3
12: B c3c4
13: W b4a4
14: B b6a6
15: W d2d1
16: B c4d4
17: W a4a5
18: B d4d5
19: W e3f3
20: B a1a2
21: W d1c1
22: B a6a5
23: W c1b1
24: B e5e6
25: W c5d5
26: B e6d6
27: W f3f4
28: B f5f4
29: W d5d6
winner:W wins
