cgt_vs_cgtdb Data/cgt_mcts_results/cgt_cgtdb_08.txt 8x8 100 runs...
1: B c7c6
2: W c2c1
3: B a7a6
4: W g2h2
5: B d8d7
6: W g4f4
7: B b6b5
8: W f1e1
9: B f8f7
10: W e2e3
11: B h4h3
12: W b3b4
13: B a3a2
14: W d5d4
15: B g5f5
16: W c4c3
17: B h6g6
18: W e6e5
19: B f5f4
20: W c8b8
21: B g1h1
22: W h7h8
23: B f4e4
24: W b1a1
25: B h1h2
26: W e8e7
27: B f7e7
28: W a1a2
29: B d2d3
30: W e5e4
31: B b2a2
32: W g8g7
33: B g6g7
34: W a4a5
35: B a6a5
36: W b4b5
37: B a5b5
38: W f3g3
39: B d3c3
40: W g3h3
41: B h2h3
winner:B wins
1: W g2f2
2: B f8f7
3: W b3c3
4: B g1f1
5: W f5f6
6: B a7a6
7: W d5d4
8: B b8b7
9: W e6e5
10: B h2h3
11: W b5a5
12: B d8d7
13: W e4e3
14: B c5c6
15: W a2a1
16: B f7f6
17: W g6g5
18: B h8h7
19: W b1b2
20: B d2d3
21: W d4d3
22: B e1e2
23: W f3g3
24: B e2f2
25: W c8c7
26: B b7c7
27: W a4a3
28: B b4c4
29: W e8e7
30: B c4c3
31: W e7d7
32: B d6d7
33: W h5h6
34: B c3c2
35: W a5a6
36: B b6a6
37: W h6h7
38: B g7g8
39: W g3h3
40: B f4g4
41: W h3h4
42: B g4h4
43: W d1c1
44: B c2b2
winner:B wins
