cgt_vs_cgtdb Data/cgt_mcts_results/cgt_cgtdb_08.txt 8x8 100 runs...
1: B e5e6
2: W b5c5
3: B f8f7
4: W b7b6
5: B b4a4
6: W b1c1
7: B a1a2
8: W f3e3
9: B f4f5
10: W g2g3
11: B d4d5
12: W e2e1
13: B a7a6
14: W c8d8
15: B g7g6
16: W d7c7
17: B c3b3
18: W c2d2
19: B h6h5
20: W h3h4
21: B g1f1
22: W a8b8
23: B e7e8
24: W d8e8
25: B d5c5
26: W c4c5
27: B g5g4
28: W h4g4
29: B h8h7
30: W h1h2
31: B a6b6
32: W c6b6
33: B f1e1
34: W d1e1
winner:W wins
1: W c2b2
2: B e3e4
3: W c6d6
4: B f2f3
5: W e6f6
6: B d2d3
7: W b1c1
8: B g1g2
9: W g8h8
10: B a5a4
11: W h5h6
12: B b6b5
13: W b7a7
14: B b8c8
15: W d7d8
16: B g5g4
17: W h1h2
18: B c3c4
19: W h7g7
20: B c8d8
21: W e8d8
22: B e5f5
23: W e2e1
24: B f5f6
25: W h3h4
26: B f6g6
27: W h2g2
28: B a1a2
29: W h4g4
30: B g3g4
31: W b3b4
32: B b5b4
33: W d5d4
34: B c4d4
35: W b2a2
36: B a3a2
37: W f7e7
38: B g6g7
winner:B wins
