cgt_vs_cgtdb Data/cgt_mcts_results/cgt_cgtdb_08.txt 8x8 100 runs...
1: B e5e4
2: W f3f4
3: B d4d3
4: W c6b6
5: B g7f7
6: W a2b2
7: B b8c8
8: W h3g3
9: B h6g6
10: W e6d6
11: B f2e2
12: W b5b4
13: B f8e8
14: W b1c1
15: B g1f1
16: W c2c3
17: B c5c4
18: W b7c7
19: B a5a4
20: W d1d2
21: B c4b4
22: W b3a3
23: B d3d2
24: W h5g5
25: B c8c7
26: W a3a4
27: B c7d7
28: W f4e4
29: B h2g2
30: W e4e3
31: B a7a8
32: W e3e2
33: B d2e2
34: W a4b4
35: B h8g8
36: W f5f6
37: B d7d6
38: W d5d6
39: B g2g3
40: W f6f7
41: B e7f7
42: W g4g3
43: B g6g5
winner:B wins
1: W g2f2
2: B c7c6
3: W g4g5
4: B d6d5
5: W f7f6
6: B d4c4
7: W c2c3
8: B d8e8
9: W b5a5
10: B b8b7
11: W a2a3
12: B b4a4
13: W h5h4
14: B g7g8
15: W f3f4
16: B h6g6
17: W d1e1
18: B e3e4
19: W b1b2
20: B g1h1
21: W h3g3
22: B e7e6
23: W f6e6
24: B a4a5
25: W e6e5
26: B e4e5
27: W a8a7
28: B d2d3
29: W h7h8
30: B g6g5
31: W h8g8
32: B a5a6
33: W g8f8
34: B e8f8
35: W c3c4
36: B c5c4
37: W a7a6
38: B g5f5
39: W a6b6
40: B c6b6
41: W f4f5
42: B e5f5
winner:B wins
