cgt_vs_cgtdb Data/cgt_mcts_results/cgt_cgtdb_08.txt 8x8 100 runs...
1: B g1f1
2: W b7a7
3: B e5f5
4: W b3b4
5: B b8c8
6: W b5a5
7: B b6c6
8: W g4h4
9: B h2g2
10: W f7e7
11: B h6h5
12: W d5d4
13: B g7g6
14: W c2c3
15: B a3a2
16: W d1e1
17: B f8e8
18: W f3f4
19: B f5f4
20: W e2e3
21: B c5c4
22: W d7c7
23: B c4d4
24: W c7c8
25: B d6e6
26: W e7e6
27: B g3h3
28: W e1f1
29: B h3h4
30: W f1f2
31: B f6e6
32: W f2g2
33: B d4e4
34: W c8d8
35: B e8d8
36: W b1b2
37: B h8h7
38: W b2a2
39: B a1a2
40: W e3e4
41: B d2d3
42: W c3d3
43: B f4e4
winner:B wins
1: W e6e7
2: B c5c4
3: W b7b6
4: B e3e4
5: W c2c1
6: B h2h3
7: W f5f6
8: B g1g2
9: W f7f8
10: B e1d1
11: W h5h6
12: B a7a6
13: W g8g7
14: B f4g4
15: W a4a3
16: B d1c1
17: W b1b2
18: B a1a2
19: W e8d8
20: B d2d3
21: W b3b4
22: B h8h7
23: W d5d6
24: B g3f3
25: W b6a6
26: B c7d7
27: W d8d7
28: B b8c8
29: W a3a2
30: B c4b4
31: W a6a5
32: B g5g6
33: W g7g6
34: B h7h6
35: W g6h6
36: B b4b5
37: W e2f2
38: B g2f2
39: W f1f2
40: B b5a5
41: W f2f3
winner:W wins
