cgt_vs_cgtdb Data/cgt_mcts_results/cgt_cgtdb_08.txt 8x8 100 runs...
1: B f6e6
2: W g2h2
3: B g1f1
4: W c2b2
5: B g5f5
6: W f3f2
7: B b4c4
8: W a2a3
9: B h6h7
10: W c8c7
11: B a5b5
12: W f7f8
13: B g7g8
14: W a6a7
15: B d6d5
16: W d3c3
17: B d2d1
18: W e4e5
19: B f5e5
20: W c6b6
21: B c4c3
22: W g4h4
23: B g3h3
24: W h4h3
25: B c3b3
26: W b1c1
27: B f1f2
28: W f8g8
29: B b8b7
30: W b6b5
31: B b7c7
32: W b5c5
33: B e7d7
34: W c5d5
35: B d4d5
36: W e8d8
37: B f2e2
38: W c1d1
39: B e1d1
40: W g8h8
41: B d7d8
42: W h8h7
43: B b3b2
winner:B wins
1: W c2d2
2: B g7f7
3: W c6c5
4: B a1b1
5: W g4g3
6: B g1g2
7: W d7c7
8: B f8e8
9: W b3b2
10: B f2f3
11: W g6h6
12: B e1e2
13: W f5g5
14: B d4e4
15: W c8b8
16: B a7a6
17: W e6e5
18: B b6b5
19: W h5h4
20: B g2g3
21: W d3c3
22: B h2h3
23: W a4b4
24: B b5c5
25: W e5e4
26: B f4e4
27: W d2e2
28: B h8g8
29: W e2e3
30: B f3e3
31: W h4h3
32: B g3h3
33: W d1c1
34: B b1b2
35: W d5d6
36: B c5c4
37: W c3c4
38: B b2a2
winner:B wins
