cgt_vs_cgtdb Data/cgt_mcts_results/cgt_cgtdb_08.txt 8x8 100 runs...
1: B a5a4
2: W g2g3
3: B g1f1
4: W c4c3
5: B e7f7
6: W b7b6
7: B e5f5
8: W d3d2
9: B b8c8
10: W d7d6
11: B h2h3
12: W c6c5
13: B f8g8
14: W f3e3
15: B f6g6
16: W b1c1
17: B d4e4
18: W a8a7
19: B b4b3
20: W h5h4
21: B a1a2
22: W h7g7
23: B e1d1
24: W c3b3
25: B e4e3
26: W g7g6
27: B d1c1
28: W b3a3
29: B h6g6
30: W a3a2
31: B e3e2
32: W e8d8
33: B e2d2
34: W d8c8
35: B d2c2
36: W a2b2
37: B g5g4
38: W b2c2
39: B c7c8
40: W h4g4
41: B f4g4
42: W g3h3
43: B c1c2
winner:B wins
1: W d5d4
2: B h2h3
3: W d7c7
4: B e5e4
5: W c4c3
6: B e1e2
7: W b3b2
8: B f4f3
9: W g4g3
10: B g1g2
11: W f7g7
12: B g2g3
13: W b5b4
14: B c1c2
15: W a6a5
16: B a3a2
17: W e6d6
18: B b8c8
19: W h7h6
20: B e7e8
21: W b7b6
22: B h8g8
23: W h5g5
24: B d2d3
25: W b2c2
26: B d3c3
27: W c7c8
28: B f6g6
29: W g7g8
30: B a1b1
31: W d4e4
32: B f2f1
33: W e4e3
34: B a7a8
35: W g8f8
36: B c3c2
37: W e3f3
38: B g6g5
39: W f3g3
40: B g5f5
41: W g3h3
42: B c5c6
43: W b6c6
44: B h4h3
45: W f8e8
46: B d8c8
winner:B wins
