cgt_vs_cgtdb Data/cgt_mcts_results/cgt_cgtdb_08.txt 8x8 100 runs...
1: B f4e4
2: W g6g5
3: B d4d5
4: W b7c7
5: B h4g4
6: W b5b4
7: B h2g2
8: W h7h6
9: B g1f1
10: W f3e3
11: B g4g5
12: W c2b2
13: B g5f5
14: W c6c5
15: B c3c4
16: W e8f8
17: B d2e2
18: W e6e5
19: B e4e3
20: W a2a3
21: B c4b4
22: W f7g7
23: B b8c8
24: W d7e7
25: B a5a6
26: W h3g3
27: B b4b3
28: W a8a7
29: B c1d1
30: W c5d5
31: B e3d3
32: W g3g2
33: B h8g8
34: W g2f2
35: B g8g7
36: W f2e2
37: B c8c7
38: W a7a6
39: B f5e5
40: W d5d6
41: B b6a6
42: W e2e1
43: B b3b2
44: W e1f1
45: B b2b1
winner:B wins
1: W c6b6
2: B d4d3
3: W e6e7
4: B f8f7
5: W e4f4
6: B g7g6
7: W g2h2
8: B d8d7
9: W f3g3
10: B b8b7
11: W c2c3
12: B a7a6
13: W b3b4
14: B g1f1
15: W d5c5
16: B d2e2
17: W h5h6
18: B a6b6
19: W d1c1
20: B a3a2
21: W b1a1
22: B a5a4
23: W f5g5
24: B a4b4
25: W e7d7
26: B h4g4
27: W g5g6
28: B c7d7
29: W c3d3
30: B b4b5
31: W a1a2
32: B b2a2
33: W d3e3
34: B e2e3
35: W g6f6
36: B h8g8
37: W f6f7
38: B g4f4
39: W c5b5
40: B b6b5
winner:B wins
