cgt_vs_cgtdb Data/cgt_mcts_results/cgt_cgtdb_08.txt 8x8 100 runs...
1: B e5d5
2: W g6f6
3: B c7d7
4: W d3c3
5: B b6c6
6: W b3b4
7: B e7e6
8: W f3f2
9: B b8c8
10: W c4c5
11: B g1f1
12: W a2a1
13: B h2h3
14: W a6a7
15: B c6c5
16: W e4d4
17: B c1d1
18: W h5g5
19: B b2c2
20: W g8h8
21: B f8f7
22: W f2f1
23: B e3e2
24: W g4g3
25: B f7f6
26: W f1e1
27: B d1e1
28: W c3c2
29: B c5b5
30: W d4d5
31: B d8e8
32: W d5d6
33: B g7h7
34: W h8h7
35: B h6h7
36: W c2d2
37: B e2d2
38: W b4b5
39: B a5a4
40: W f5f6
41: B e6d6
42: W g3h3
43: B h4h3
winner:B wins
1: W g6f6
2: B f4g4
3: W b5c5
4: B h2g2
5: W e6e5
6: B d6d5
7: W d7e7
8: B g1f1
9: W a4b4
10: B h4h5
11: W e2d2
12: B d5c5
13: W b7b8
14: B h8h7
15: W c8c7
16: B a7a6
17: W c2b2
18: B c5c6
19: W b1c1
20: B e3f3
21: W c4d4
22: B d8e8
23: W b3a3
24: B c3d3
25: W h3g3
26: B g2g3
27: W c7c6
28: B a1a2
29: W f5g5
30: B e8e7
31: W g8g7
32: B d3d2
33: W g7h7
34: B g4g5
35: W c6b6
36: B d2d1
37: W h7h6
38: B h5h6
39: W b6a6
40: B a5a6
41: W c1d1
42: B e1d1
43: W b2a2
44: B f8f7
45: W f6f7
46: B e7f7
winner:B wins
