cgt_vs_cgtdb Data/cgt_mcts_results/cgt_cgtdb_08.txt 8x8 100 runs...
1: B e1e2
2: W f5f6
3: B a7a6
4: W g4f4
5: B c1c2
6: W c4c5
7: B b2b3
8: W b1a1
9: B a3a4
10: W b7c7
11: B g1g2
12: W c6b6
13: B h2h3
14: W g8f8
15: B d4d3
16: W e6e7
17: B d6d5
18: W g6g7
19: B g5h5
20: W b5b4
21: B b3b4
22: W f3e3
23: B e2e3
24: W d1d2
25: B c2d2
26: W b6a6
27: B e5e4
28: W f1f2
29: B d5c5
30: W a8b8
31: B e4f4
32: W a6a5
33: B d8c8
34: W a5a4
35: B c8b8
36: W f2g2
37: B g3g2
38: W h7h6
39: B b4a4
40: W h6h5
41: B h4h5
winner:B wins
1: W e2e3
2: B b8c8
3: W g2g3
4: B a7a6
5: W c6d6
6: B g1f1
7: W g8f8
8: B h2h3
9: W a4a3
10: B c7d7
11: W d5e5
12: B f4e4
13: W b1b2
14: B d2d1
15: W c2c1
16: B e4e5
17: W c4c3
18: B c5b5
19: W e6f6
20: B h8h7
21: W g4g5
22: B e5f5
23: W g6h6
24: B e7e8
25: W h5h4
26: B e8f8
27: W c1d1
28: B f5f6
29: W f7f6
30: B d4d3
31: W d6d7
32: B a1a2
33: W d1e1
34: B d3c3
35: W b7b6
36: B a6b6
37: W f3f2
38: B d8d7
39: W h6h7
40: B g7h7
41: W g3h3
42: B f1f2
43: W b3b4
44: B a2a3
45: W b4b5
46: B b6b5
winner:B wins
