cgt_vs_cgtdb Data/cgt_mcts_results/cgt_cgtdb_08.txt 8x8 100 runs...
1: B f6f5
2: W f3g3
3: B d4d5
4: W c4b4
5: B c3b3
6: W d7d8
7: B g1f1
8: W h3h4
9: B h2g2
10: W c8c7
11: B e3e4
12: W h7g7
13: B a7a6
14: W d3d2
15: B c1d1
16: W f7e7
17: B b2a2
18: W g8f8
19: B f2e2
20: W c6d6
21: B g5g4
22: W g3g4
23: B h6h5
24: W b5a5
25: B b3b4
26: W d2e2
27: B b4a4
28: W e2e1
29: B a4a5
30: W b7b6
31: B a6b6
32: W b1a1
33: B a2a1
34: W e1f1
35: B b8a8
36: W g4f4
37: B h5h4
38: W d6d5
39: B c5d5
40: W f4e4
41: B e5e4
winner:B wins
1: W d5c5
2: B g3g4
3: W c2d2
4: B b6a6
5: W h5h4
6: B g1f1
7: W e2e3
8: B h2g2
9: W a4a3
10: B d8c8
11: W f7f6
12: B f4f3
13: W g6g7
14: B e7d7
15: W f5e5
16: B d6c6
17: W c4c3
18: B f8g8
19: W b3b4
20: B c1b1
21: W b7b8
22: B d4d3
23: W a2b2
24: B d3e3
25: W g7g8
26: B h8h7
27: W b2b1
28: B a1b1
29: W b5a5
30: B c8b8
31: W c5c6
32: B b8a8
33: W c6c7
34: B d7c7
35: W a5a6
36: B a7a6
37: W h4g4
38: B g5g4
39: W e4e3
40: B f3e3
41: W d1e1
42: B f1e1
winner:B wins
