cgt_vs_cgtdb Data/cgt_mcts_results/cgt_cgtdb_08.txt 8x8 100 runs...
1: B d4d3
2: W e6e5
3: B h2h3
4: W g4g5
5: B h6h5
6: W f7g7
7: B a7a6
8: W c8c7
9: B c5b5
10: W d1c1
11: B d6c6
12: W b3b4
13: B g1g2
14: W e2e3
15: B f2f3
16: W a4a3
17: B d3e3
18: W e4f4
19: B h8g8
20: W b1b2
21: B d8e8
22: W g6f6
23: B d2c2
24: W f1e1
25: B c2b2
26: W d7e7
27: B g8g7
28: W b7b6
29: B b5b6
30: W g5h5
31: B h4h5
32: W c7c6
33: B b8a8
34: W c6b6
35: B e8e7
36: W a2a1
37: B g7h7
38: W b6a6
39: B c3c4
40: W a6a5
41: B c4b4
42: W f4f3
43: B e3f3
winner:B wins
1: W g4g3
2: B e1e2
3: W c2c3
4: B a7b7
5: W f5e5
6: B d2d3
7: W g8g7
8: B f6e6
9: W d5d4
10: B b8c8
11: W a4b4
12: B d3c3
13: W h1h2
14: B e7e8
15: W a2b2
16: B a5b5
17: W f3f2
18: B h4h5
19: W b3a3
20: B b6c6
21: W c4c5
22: B c7d7
23: W c5c6
24: B c1b1
25: W g6h6
26: B e6e5
27: W c6d6
28: B g1f1
29: W d6d7
30: B h5h6
31: W b4b5
32: B f8f7
33: W b2b1
34: B a1b1
35: W d7d8
36: B e8d8
37: W h7h6
38: B f7g7
39: W e4e3
40: B e2f2
41: W g2f2
42: B f1f2
winner:B wins
