cgt_vs_cgtdb Data/cgt_mcts_results/cgt_cgtdb_08.txt 8x8 100 runs...
1: B e5f5
2: W c4b4
3: B g1f1
4: W a4a5
5: B g7g6
6: W d7e7
7: B h6h5
8: W f3f2
9: B h2g2
10: W g4g3
11: B f8f7
12: W c6c7
13: B g2f2
14: W d1c1
15: B a7a6
16: W e4d4
17: B e1e2
18: W b3c3
19: B d2c2
20: W c8b8
21: B c2c1
22: W d5c5
23: B b6b7
24: W c7b7
25: B a6a5
26: W b5a5
27: B d6e6
28: W g8h8
29: B h4h3
30: W g3h3
31: B d8e8
32: W e7e8
33: B e3d3
34: W d4d3
35: B c1b1
36: W a2a3
winner:W wins
1: W d5d4
2: B e3d3
3: W d1c1
4: B d3d4
5: W c6c5
6: B h6g6
7: W b3b4
8: B d6e6
9: W a2a3
10: B g7f7
11: W g2f2
12: B g1f1
13: W g4g3
14: B d2e2
15: W b7a7
16: B f4e4
17: W c8c7
18: B a5a6
19: W h5h4
20: B b6b5
21: W e8e7
22: B e6e7
23: W f5f6
24: B a1b1
25: W g8f8
26: B f7f8
27: W f2e2
28: B c3c2
29: W c1c2
30: B b2c2
31: W f6g6
32: B e1e2
33: W c5b5
34: B h2h3
35: W h7h8
36: B h3h4
37: W g6g5
38: B e7d7
39: W c7d7
40: B d8d7
41: W a7a6
42: B b8a8
43: W c4d4
44: B e4d4
winner:B wins
