cgt_vs_cgtdb Data/cgt_mcts_results/cgt_cgtdb_08.txt 8x8 100 runs...
1: B d4d3
2: W f7f6
3: B a3b3
4: W g4h4
5: B a5b5
6: W f1f2
7: B b2b1
8: W c4c3
9: B g7g6
10: W a6b6
11: B f8e8
12: W d5d6
13: B b8c8
14: W d1d2
15: B d3c3
16: W e2e1
17: B h6h5
18: W h3h2
19: B a7b7
20: W e4e5
21: B g6f6
22: W f3f4
23: B g3g2
24: W d7c7
25: B b7b6
26: W c6c5
27: B f6e6
28: W h7h8
29: B e6e5
30: W c7c8
31: B g2h2
32: W c8d8
33: B e8d8
34: W a2a1
35: B g1h1
36: W a1b1
37: B b4a4
38: W c5b5
39: B c1c2
40: W d2c2
41: B b6b5
42: W c2c3
43: B b3c3
44: W h4h5
45: B e5f5
46: W f4f5
47: B g5f5
winner:B wins
1: W g4g3
2: B d8d7
3: W d3e3
4: B h2h3
5: W e6e5
6: B g1f1
7: W b1b2
8: B h6h5
9: W b7c7
10: B a7a6
11: W b5b6
12: B g7g6
13: W e2e1
14: B f8f7
15: W a4b4
16: B d7c7
17: W c4c3
18: B f4f5
19: W d5d4
20: B f5e5
21: W d1d2
22: B c1c2
23: W e8e7
24: B e5e4
25: W e7f7
26: B c7c6
27: W b6c6
28: B f2g2
29: W f7f6
30: B g6f6
31: W g3h3
32: B e4d4
33: W h3h4
34: B h5h4
35: W c8b8
36: B f1e1
37: W g8h8
38: B c5c6
39: W a2a1
40: B a3b3
41: W d2c2
42: B b3b4
winner:B wins
