cgt_vs_cgtdb Data/cgt_mcts_results/cgt_cgtdb_08.txt 8x8 100 runs...
1: B d8d7
2: W e6f6
3: B g1g2
4: W d3e3
5: B f2f3
6: W c4c3
7: B b8b7
8: W c6d6
9: B a7a6
10: W e4e5
11: B e1e2
12: W b3b4
13: B d7d6
14: W f7g7
15: B c5b5
16: W g6g5
17: B h2h3
18: W g8h8
19: B h6h5
20: W a2b2
21: B d2c2
22: W a4a5
23: B b5a5
24: W g4g3
25: B g2g3
26: W c3c2
27: B c1b1
28: W c8c7
29: B e7e8
30: W c7b7
31: B b6b7
32: W e3f3
33: B f4f5
34: W f6f5
35: B h5g5
36: W f3g3
37: B g5f5
38: W g3h3
39: B h4h3
40: W d5d6
41: B f5e5
42: W b2b1
43: B a1b1
winner:B wins
1: W f7f6
2: B f2f3
3: W b7c7
4: B e1e2
5: W b5b4
6: B g1g2
7: W d3d2
8: B c5d5
9: W c2c3
10: B d4e4
11: W f5g5
12: B b2b1
13: W e8e7
14: B a3a2
15: W g8g7
16: B a5a6
17: W c8b8
18: B h4h3
19: W g6h6
20: B h8h7
21: W e6d6
22: B a7a8
23: W g4f4
24: B d8d7
25: W d6d5
26: B e4f4
27: W h1h2
28: B g2h2
29: W b8a8
30: B e5d5
31: W c6b6
32: B a6b6
33: W e7d7
34: B h7g7
35: W d2e2
36: B c1d1
37: W e2e3
38: B f3e3
winner:B wins
