cgt_vs_cgtdb Data/cgt_mcts_results/cgt_cgtdb_08.txt 8x8 100 runs...
1: B a7a6
2: W g8g7
3: B b8b7
4: W e6d6
5: B c5c6
6: W c2d2
7: B f8f7
8: W g2g1
9: B d8d7
10: W h3g3
11: B f2f1
12: W d3e3
13: B f7g7
14: W e4d4
15: B e1e2
16: W f5f6
17: B c1b1
18: W g4g5
19: B e2e3
20: W b3c3
21: B d7d6
22: W b5a5
23: B h4h5
24: W h7h6
25: B h5h6
26: W c8c7
27: B b7c7
28: W d5d6
29: B g7g6
30: W a2a1
31: B b4a4
32: W d6c6
33: B a6a5
34: W a1b1
35: B e7e8
36: W c6b6
37: B b2b1
38: W f6g6
39: B h6g6
40: W f3f4
41: B g6g5
42: W h1h2
43: B f1g1
winner:B wins
1: W c6d6
2: B d4d5
3: W g4f4
4: B d2d3
5: W h1h2
6: B e1f1
7: W f5e5
8: B c1c2
9: W c8c7
10: B a3b3
11: W g6g7
12: B d5e5
13: W b5a5
14: B a7a6
15: W b7b6
16: B c5c4
17: W g2f2
18: B g5h5
19: W e8d8
20: B g3h3
21: W e6e7
22: B h8h7
23: W f7f8
24: B e5e4
25: W a2b2
26: B f1f2
27: W h2h3
28: B b3b2
29: W b1b2
30: B a6a5
31: W e2e3
32: B e4e3
33: W b2c2
34: B a5a4
35: W c2c3
36: B b8a8
37: W h3h4
38: B h5h4
39: W g7h7
40: B h6h7
41: W c3c4
42: B f2f3
43: W c4b4
44: B a4b4
45: W f4f3
46: B e3f3
winner:B wins
