cgt_vs_cgtdb Data/cgt_mcts_results/cgt_cgtdb_08.txt 8x8 100 runs...
1: B b8b7
2: W b5b4
3: B e5e4
4: W e2f2
5: B a7a6
6: W f7e7
7: B d8d7
8: W h7h8
9: B c5c6
10: W h3h4
11: B g1f1
12: W g4g3
13: B g7g6
14: W d1d2
15: B f6f5
16: W a4a3
17: B h2g2
18: W d5d4
19: B e3f3
20: W b1b2
21: B f3f2
22: W c4c3
23: B c1c2
24: W h5g5
25: B c2c3
26: W g5f5
27: B c3d3
28: W c8c7
29: B d3d4
30: W f5f4
31: B e4f4
32: W g3g2
33: B a1a2
34: W g2f2
35: B a2a3
36: W f2f1
37: B a3b3
38: W b2b3
39: B e1f1
40: W e6d6
41: B d7c7
42: W d6c6
43: B f8e8
44: W c6c7
45: B e8e7
46: W c7b7
47: B b6b7
winner:B wins
1: W b3b2
2: B h2h3
3: W f7e7
4: B g1g2
5: W g4g5
6: B a7a6
7: W c6b6
8: B e1e2
9: W f5f4
10: B d2d3
11: W d7d6
12: B c1c2
13: W d5c5
14: B a1a2
15: W c8b8
16: B c7b7
17: W a4b4
18: B b7b6
19: W b5b6
20: B c2b2
21: W e4d4
22: B d8e8
23: W h5h6
24: B f6g6
25: W g8h8
26: B g6h6
27: W f1f2
28: B b2b1
29: W f2g2
30: B d3d4
31: W g2g3
32: B h6h7
33: W h8h7
34: B g7h7
35: W b6a6
36: B d4c4
37: W b4c4
38: B c3c4
39: W a6a5
40: B c4c5
41: W e7e8
42: B e5e6
43: W e8f8
44: B e6d6
45: W f3e3
46: B e2e3
47: W g3h3
48: B h4h3
winner:B wins
