cgt_vs_cgtdb Data/cgt_mcts_results/cgt_cgtdb_08.txt 8x8 100 runs...
1: B c7d7
2: W b3b2
3: B e7e6
4: W e4d4
5: B g1f1
6: W h5h6
7: B f8g8
8: W g6g5
9: B h2g2
10: W c6c5
11: B f6f7
12: W a6b6
13: B b8c8
14: W b5a5
15: B e3f3
16: W c2c3
17: B h4g4
18: W h7g7
19: B a3a2
20: W e2d2
21: B b4c4
22: W d4c4
23: B a2b2
24: W g5g4
25: B f4f5
26: W h3g3
27: B b2b1
28: W g3f3
29: B f7g7
30: W f3f2
31: B g2f2
32: W e8d8
33: B a7a8
34: W d8d7
35: B d6d7
36: W d5e5
37: B f5e5
38: W d1c1
39: B b1c1
winner:B wins
1: W f5f6
2: B d4d3
3: W h7g7
4: B b8c8
5: W g2g3
6: B h8g8
7: W d5e5
8: B h2h3
9: W c4b4
10: B a7a6
11: W c2c1
12: B g1f1
13: W a4a5
14: B b2a2
15: W e8e7
16: B b6c6
17: W g4f4
18: B c7d7
19: W b3c3
20: B g5h5
21: W e2e3
22: B d3e3
23: W d1d2
24: B e3e4
25: W g3h3
26: B a6a5
27: W g6h6
28: B a5b5
29: W b4b5
30: B e4e5
31: W b5c5
32: B e5e6
33: W c5c6
34: B e6f6
35: W e7d7
36: B g8g7
37: W d7d8
38: B c8d8
39: W c6d6
40: B f8f7
41: W h3h4
42: B h5h4
43: W f3f2
44: B f1f2
45: W b1a1
46: B a2a1
winner:B wins
