cgt_vs_cgtdb Data/cgt_mcts_results/cgt_cgtdb_08.txt 8x8 100 runs...
1: B f6g6
2: W f3f4
3: B b6c6
4: W b7a7
5: B b8c8
6: W d3d2
7: B a5a4
8: W f5e5
9: B g1f1
10: W e4d4
11: B h2g2
12: W e8e7
13: B d6d5
14: W h5g5
15: B g7h7
16: W d1c1
17: B f8g8
18: W a2b2
19: B d5d4
20: W b3c3
21: B a1b1
22: W b5c5
23: B c6c5
24: W e2f2
25: B f1f2
26: W d7c7
27: B b1c1
28: W c7c8
29: B d8c8
30: W g5g6
31: B h4g4
32: W g6h6
33: B g4f4
34: W h3g3
35: B g2g3
36: W h6h7
37: B b4c4
38: W h7h8
39: B g8h8
40: W c3c4
41: B c1c2
42: W c4d4
43: B c2b2
winner:B wins
1: W g6f6
2: B b8b7
3: W g2f2
4: B d6d5
5: W c4b4
6: B g1f1
7: W b3b2
8: B a7a6
9: W d1d2
10: B e7e6
11: W c6c7
12: B d8c8
13: W f3e3
14: B d4e4
15: W f7g7
16: B h4h3
17: W h7h8
18: B g5g4
19: W b1c1
20: B c8c7
21: W a2a3
22: B a5a4
23: W e8f8
24: B h6h5
25: W b4a4
26: B c5b5
27: W d7c7
28: B c3d3
29: W c7b7
30: B d3e3
31: W b7b6
32: B e6f6
33: W e2e1
34: B e5f5
35: W h1h2
36: B h3h2
37: W f2f1
38: B b5b6
winner:B wins
