cgt_vs_cgtdb Data/cgt_mcts_results/cgt_cgtdb_08.txt 8x8 100 runs...
1: B b2b3
2: W c6c5
3: B a3a4
4: W b5b6
5: B e3f3
6: W c8b8
7: B f4f5
8: W f1g1
9: B h2h3
10: W g8g7
11: B d6d5
12: W f7e7
13: B a7a6
14: W b1c1
15: B d4c4
16: W c2d2
17: B c4c5
18: W d7c7
19: B h8h7
20: W h5h6
21: B h4g4
22: W e2e1
23: B e5e4
24: W e6f6
25: B f5f6
26: W e8d8
27: B a1a2
28: W g2f2
29: B f3f2
30: W g6g5
31: B h7g7
32: W g5g4
33: B g3g4
34: W d3c3
35: B b3c3
36: W b6a6
37: B a5a6
winner:B wins
1: W g6f6
2: B e5e4
3: W d7d6
4: B c3c2
5: W g4g3
6: B c5b5
7: W e2e1
8: B d4d3
9: W a6b6
10: B b4a4
11: W b7c7
12: B e7e6
13: W g2f2
14: B c1d1
15: W a8b8
16: B a1a2
17: W h5g5
18: B e6f6
19: W f7f8
20: B h6h7
21: W f3f4
22: B d1e1
23: W b1b2
24: B f6f5
25: W f4e4
26: B a2b2
27: W b3a3
28: B a4a3
29: W e4e3
30: B d8e8
31: W e3d3
32: B f5g5
33: W d3d2
34: B c2d2
35: W f8e8
36: B g7g8
37: W b6b5
38: B a5b5
39: W f1e1
40: B h4h3
41: W g3h3
42: B g1h1
43: W h3h2
44: B h1h2
winner:B wins
