cgt_vs_cgtdb Data/cgt_mcts_results/cgt_cgtdb_08.txt 8x8 100 runs...
1: B c1c2
2: W f7f6
3: B f4e4
4: W d7c7
5: B e1e2
6: W g6g5
7: B d6d5
8: W a8b8
9: B f2f3
10: W h7g7
11: B g1g2
12: W c4d4
13: B h2h3
14: W b5b4
15: B a1a2
16: W b7b6
17: B d8e8
18: W b3a3
19: B a2a3
20: W g4g3
21: B d2d3
22: W g3h3
23: B e4d4
24: W g8f8
25: B h4h5
26: W b1b2
27: B c5c6
28: W b2c2
29: B c6b6
30: W c2c3
31: B b6a6
32: W c3d3
33: B h5g5
34: W f8e8
35: B e7e6
36: W d3e3
37: B e2e3
38: W f6e6
39: B e5e6
40: W a4a5
41: B g5f5
42: W a5a6
43: B a7a6
winner:B wins
1: W b5b6
2: B g1g2
3: W e2e3
4: B a7a6
5: W a4a3
6: B h2h3
7: W f7f8
8: B b8b7
9: W g8g7
10: B a1a2
11: W b1c1
12: B c5d5
13: W d3c3
14: B d6e6
15: W g4g5
16: B c7d7
17: W f3f4
18: B e1d1
19: W h5h6
20: B d8e8
21: W f5f6
22: B e6f6
23: W c2b2
24: B b7b6
25: W c6b6
26: B f6g6
27: W g5g6
28: B e8f8
29: W f1f2
30: B a6b6
31: W f2g2
32: B h8h7
33: W c4d4
34: B h7g7
35: W c1d1
36: B g7g6
37: W d1d2
38: B g6h6
39: W g2g3
40: B a2b2
41: W g3h3
42: B b2b3
43: W a3b3
44: B b4b3
45: W c3b3
46: B h4h3
47: W d4d5
48: B e5d5
winner:B wins
