cgt_vs_cgtdb Data/cgt_mcts_results/cgt_cgtdb_08.txt 8x8 100 runs...
1: B a7a6
2: W c6c5
3: B e1e2
4: W g4g3
5: B h2h3
6: W g6f6
7: B f2f3
8: W g8g7
9: B c1c2
10: W a4a3
11: B f4e4
12: W d5d4
13: B b4b3
14: W f5g5
15: B d2d3
16: W d7c7
17: B e4d4
18: W e8e7
19: B b8b7
20: W h5h6
21: B h8h7
22: W f1g1
23: B b7c7
24: W b5b6
25: B c3c4
26: W g3f3
27: B b2a2
28: W f3e3
29: B e2e3
30: W c5c4
31: B h7g7
32: W b6a6
33: B b3a3
34: W b1a1
35: B a5a6
36: W a1a2
37: B a3a2
38: W c4d4
39: B d3d4
40: W c8c7
41: B f8f7
42: W e7f7
43: B g7f7
44: W f6f7
45: B e5e6
winner:B wins
1: W g4f4
2: B f8f7
3: W e2e1
4: B e7e6
5: W b1b2
6: B d8d7
7: W h5h6
8: B b8b7
9: W f1f2
10: B g3f3
11: W b5b4
12: B d2d3
13: W g8h8
14: B c1c2
15: W d5c5
16: B a7a6
17: W h1h2
18: B a3a4
19: W c4d4
20: B f3f2
21: W e4e5
22: B g7h7
23: W g2g1
24: B h4h3
25: W c8c7
26: B b7c7
27: W c6c7
28: B g5f5
29: W f4f5
30: B f6f5
31: W e5e6
32: B d3d4
33: W h6h7
34: B h3h2
35: W e6d6
36: B d7d6
37: W b4a4
38: B c3b3
39: W a4a5
40: B a6a5
41: W a2a1
42: B c2b2
winner:B wins
