cgt_vs_cgtdb Data/cgt_mcts_results/cgt_cgtdb_08.txt 8x8 100 runs...
1: B h6g6
2: W c2c3
3: B c5b5
4: W f7f8
5: B g5f5
6: W e6e5
7: B h4g4
8: W a6a5
9: B b6c6
10: W d3e3
11: B a7b7
12: W d7d8
13: B b8c8
14: W a2a1
15: B d4e4
16: W e2f2
17: B h2g2
18: W d1e1
19: B g1f1
20: W d5d6
21: B c8d8
22: W b3b2
23: B e4e5
24: W c4b4
25: B b5a5
26: W h3g3
27: B g4g3
28: W e1f1
29: B a3a4
30: W d6c6
31: B c7c6
32: W b4a4
33: B c1b1
34: W a1b1
35: B a5a4
36: W g8g7
37: B g6g7
38: W h7h8
39: B d8e8
40: W f8e8
41: B e7e8
42: W f3g3
43: B g2g3
winner:B wins
1: W d7d6
2: B b4c4
3: W d3d2
4: B a5b5
5: W c8d8
6: B a7b7
7: W h5h6
8: B b6c6
9: W e6e7
10: B a3a2
11: W e4f4
12: B g1f1
13: W e2e3
14: B h2g2
15: W g8g7
16: B g5g4
17: W f5f6
18: B h8h7
19: W c2c1
20: B b2b1
21: W d5d4
22: B h4h3
23: W d4c4
24: B h7g7
25: W c4c5
26: B c6c5
27: W a8b8
28: B g7g6
29: W b8b7
30: B f8e8
31: W b7c7
32: B c3b3
33: W e7e8
34: B g6h6
35: W c1b1
36: B a1b1
37: W d1e1
38: B f1e1
39: W f3g3
40: B g2g3
41: W f4g4
42: B g3g4
winner:B wins
