cgt_vs_cgtdb Data/cgt_mcts_results/cgt_cgtdb_08.txt 8x8 100 runs...
1: B h4g4
2: W e2f2
3: B b2c2
4: W d7d6
5: B c1d1
6: W d3c3
7: B g1f1
8: W h7h8
9: B g5f5
10: W b7b8
11: B h6g6
12: W b3a3
13: B e7f7
14: W b5c5
15: B f8g8
16: W e6e5
17: B h2h3
18: W c8d8
19: B a7a6
20: W f3e3
21: B f4e4
22: W c4b4
23: B e4e5
24: W h8g8
25: B c7c6
26: W c3c2
27: B c6d6
28: W f2f1
29: B g3g2
30: W g8g7
31: B e5d5
32: W c5d5
33: B d6d5
34: W g7g6
35: B f6g6
36: W f1e1
37: B a1b1
38: W a4a5
39: B a6a5
40: W c2d2
41: B d1d2
winner:B wins
1: W g4f4
2: B b8c8
3: W e6d6
4: B b6b5
5: W d5c5
6: B a5a4
7: W g2f2
8: B g1f1
9: W e2e3
10: B h2h3
11: W d3d4
12: B h6h5
13: W a8a7
14: B c7d7
15: W b3b2
16: B e7e8
17: W c2c3
18: B d2d1
19: W f5f6
20: B g7g6
21: W a2a1
22: B h8g8
23: W b1c1
24: B b5c5
25: W d6d7
26: B e5e4
27: W c4b4
28: B e4f4
29: W f7f8
30: B d8d7
31: W c1d1
32: B a4b4
33: W f6g6
34: B f1f2
35: W g6g5
36: B h5g5
37: W c6c5
38: B e1d1
39: W f3g3
40: B e8f8
41: W g3h3
42: B h4h3
winner:B wins
