cgt_vs_cgtdb Data/cgt_mcts_results/cgt_cgtdb_08.txt 8x8 100 runs...
1: B h2g2
2: W f3f4
3: B a3b3
4: W e2e1
5: B g1f1
6: W a6b6
7: B c7d7
8: W c2d2
9: B a5b5
10: W h3g3
11: B b4c4
12: W b1c1
13: B f1e1
14: W h7h6
15: B e3e4
16: W f7f8
17: B e5d5
18: W g6g7
19: B b8c8
20: W a8a7
21: B d6c6
22: W h5g5
23: B e7e8
24: W a2a1
25: B e1d1
26: W e6f6
27: B h8g8
28: W d3d4
29: B d5d4
30: W g7g8
31: B h4g4
32: W g3g2
33: B g4f4
34: W b6b5
35: B c5b5
36: W d2d1
37: B f2g2
38: W f8e8
39: B d8e8
40: W f5f4
41: B e4f4
winner:B wins
1: W g4g3
2: B d4d3
3: W d1c1
4: B d8d7
5: W b3b4
6: B e5e4
7: W c6b6
8: B e1e2
9: W c8c7
10: B a3a2
11: W e6f6
12: B a5b5
13: W c2c3
14: B a7b7
15: W g6g7
16: B c5c4
17: W h5g5
18: B g1g2
19: W b1a1
20: B e7f7
21: W f3f4
22: B g2g3
23: W h3h4
24: B f7f6
25: W g8h8
26: B c4c3
27: W f4e4
28: B b5b6
29: W e4e3
30: B f6f5
31: W e3d3
32: B f8e8
33: W a6b6
34: B b7b6
35: W d3c3
36: B b8a8
37: W f1f2
38: B e2f2
39: W g5f5
40: B h2h1
41: W a1a2
42: B h6h7
43: W a2b2
44: B h7h8
45: W d5d6
46: B d7c7
winner:B wins
