cgt_vs_cgtdb Data/cgt_mcts_results/cgt_cgtdb_08.txt 8x8 100 runs...
1: B b8b7
2: W f7g7
3: B c5c6
4: W c2b2
5: B e7e6
6: W e2d2
7: B h2g2
8: W e4e5
9: B d8d7
10: W a4b4
11: B a7a6
12: W f1e1
13: B g3f3
14: W f5f4
15: B h4g4
16: W g8h8
17: B h6h7
18: W d1c1
19: B g4f4
20: W c4d4
21: B h7g7
22: W g6g5
23: B c3d3
24: W d2d3
25: B f8e8
26: W c8c7
27: B c6c7
28: W h1g1
29: B e6e5
30: W d5d6
31: B a3b3
32: W d6d7
33: B a1b1
34: W d3e3
35: B b3b4
36: W b5b6
37: B a6b6
38: W d7c7
39: B f3e3
40: W g1g2
41: B b7c7
42: W g2f2
43: B b1c1
winner:B wins
1: W b5b4
2: B g1f1
3: W d5d6
4: B h8h7
5: W f5f6
6: B f4g4
7: W e8e7
8: B c3d3
9: W d7d8
10: B a3a4
11: W b1b2
12: B a7a6
13: W c8b8
14: B a1a2
15: W d1e1
16: B h2g2
17: W e2f2
18: B h4h5
19: W e4e3
20: B d4c4
21: W f7g7
22: B c1c2
23: W b4c4
24: B f1f2
25: W c4c5
26: B e5e6
27: W d6e6
28: B h7g7
29: W f3f2
30: B g7g8
31: W h3g3
32: B c7b7
33: W f2g2
34: B a2b2
35: W b3b2
36: B c2b2
37: W e3d3
38: B d2d3
39: W g6h6
40: B h5h6
41: W c6b6
42: B a6b6
43: W b8b7
44: B b6b7
45: W g3g4
46: B g5g4
winner:B wins
