cgt_vs_cgtdb Data/cgt_mcts_results/cgt_cgtdb_08.txt 8x8 100 runs...
1: B g7f7
2: W d7d8
3: B g3g4
4: W b5b6
5: B f4f5
6: W d5d4
7: B f8e8
8: W g2h2
9: B e3e4
10: W d3d2
11: B h6g6
12: W f3f2
13: B a7b7
14: W a4b4
15: B b2a2
16: W g8h8
17: B c3b3
18: W c8b8
19: B c1b1
20: W e6f6
21: B g6f6
22: W c6c5
23: B b7b6
24: W h5g5
25: B g4g5
26: W d8e8
27: B g1h1
28: W e8e7
29: B e1e2
30: W e7f7
31: B e2d2
32: W f7f6
33: B f5f6
34: W d4e4
35: B e5e4
36: W a6b6
37: B d2c2
38: W h3h4
39: B h1h2
40: W b4b3
41: B a3b3
winner:B wins
1: W g6f6
2: B c3b3
3: W d5d6
4: B h2g2
5: W d3d2
6: B g1f1
7: W e4f4
8: B c1d1
9: W g8f8
10: B b2a2
11: W a6b6
12: B e3e2
13: W d7d8
14: B a5a4
15: W h3h4
16: B g7h7
17: W b7b8
18: B e2d2
19: W h5g5
20: B d4c4
21: W e6e7
22: B c7c8
23: W f3f2
24: B f1f2
25: W b1a1
26: B c8b8
27: W c6c5
28: B c4c5
29: W a1a2
30: B c5b5
31: W b6b5
32: B a7a8
33: W c2d2
34: B e5f5
35: W g4g3
36: B a3a2
37: W d2d1
38: B g2g3
39: W b5b4
40: B e1d1
41: W b4a4
42: B f5f4
winner:B wins
