cgt_vs_cgtdb Data/cgt_mcts_results/cgt_cgtdb_08.txt 8x8 100 runs...
1: B b8c8
2: W b7b6
3: B c5c4
4: W g2f2
5: B h2h3
6: W e6f6
7: B g1f1
8: W f7f8
9: B f1f2
10: W c2b2
11: B a7a6
12: W g6h6
13: B d6d7
14: W e2e1
15: B f2f3
16: W d1d2
17: B e5e4
18: W g4g3
19: B c1b1
20: W d3d4
21: B c4d4
22: W h7g7
23: B h3g3
24: W e8e7
25: B h8g8
26: W a4a3
27: B c7c6
28: W b5b4
29: B b1b2
30: W b6a6
31: B a1a2
32: W e7d7
33: B d8d7
34: W d5d4
35: B f4f5
36: W d4e4
37: B e3e4
38: W a6a5
39: B g8g7
40: W f6f5
41: B g5h5
42: W h6h5
43: B h4h5
44: W a3a2
45: B b2b3
46: W b4b3
47: B c3b3
winner:B wins
1: W f3e3
2: B h2h3
3: W g6g5
4: B d8e8
5: W c4c5
6: B g7h7
7: W c2c3
8: B f8f7
9: W b1c1
10: B c7d7
11: W e6e5
12: B f4e4
13: W a2a3
14: B b8b7
15: W a6a5
16: B g1g2
17: W d1d2
18: B b6c6
19: W f1e1
20: B b2b3
21: W g4h4
22: B h3h4
23: W d5d4
24: B b3a3
25: W e3e4
26: B a3a4
27: W c5c6
28: B f6f5
29: W a8a7
30: B b7a7
31: W c6d6
32: B d7d6
33: W b5b4
34: B a4b4
35: W e2f2
36: B g2f2
37: W g8h8
38: B f5g5
39: W h8h7
40: B h6h5
winner:B wins
