cgt_vs_cgtdb Data/cgt_mcts_results/cgt_cgtdb_08.txt 8x8 100 runs...
1: B e5e4
2: W f3f2
3: B g3g4
4: W b3b2
5: B h4h5
6: W f7e7
7: B h2g2
8: W e2e1
9: B d6d7
10: W d5c5
11: B c3c4
12: W b7c7
13: B b8c8
14: W g8g7
15: B d7c7
16: W d3d2
17: B f8e8
18: W b1c1
19: B b4a4
20: W b5b6
21: B a7a6
22: W f5f6
23: B e8e7
24: W g6h6
25: B e7e6
26: W c5c4
27: B g1f1
28: W f2g2
29: B f1e1
30: W f6e6
31: B e1d1
32: W a2a1
33: B d1d2
34: W c4d4
35: B d2c2
36: W d4e4
37: B h8h7
38: W g7h7
39: B h5h6
40: W h7h6
41: B c2b2
42: W e4e3
43: B c7c6
44: W b6c6
winner:W wins
1: W c4b4
2: B g3g4
3: W b7b6
4: B b8c8
5: W d5e5
6: B h4h5
7: W d3e3
8: B g1f1
9: W f7e7
10: B f2f3
11: W g6f6
12: B f8e8
13: W a2a1
14: B g7h7
15: W d1d2
16: B d6d7
17: W b3b2
18: B d7e7
19: W b5a5
20: B a3a4
21: W g2h2
22: B f3e3
23: W b1c1
24: B c3c2
25: W b2c2
26: B c5c6
27: W a8a7
28: B d4e4
29: W g8h8
30: B e4e5
31: W h8h7
32: B e5f5
33: W h7h6
34: B a4b4
35: W h6h5
36: B e3e2
37: W e6e7
38: B e8e7
39: W h5g5
40: B f5f6
41: W g5g4
42: B f4g4
43: W b6c6
44: B c7c6
45: W d2e2
46: B e1e2
winner:B wins
