cgt_vs_cgtdb Data/cgt_mcts_results/cgt_cgtdb_08.txt 8x8 100 runs...
1: B g3f3
2: W e4e5
3: B d4d3
4: W c6c7
5: B h2g2
6: W c2d2
7: B c3c4
8: W b3b4
9: B a7b7
10: W f7f6
11: B b8c8
12: W g8g7
13: B h4g4
14: W a4a3
15: B c1b1
16: W d7d6
17: B e1e2
18: W h5h6
19: B h8h7
20: W d2e2
21: B f8e8
22: W a6a5
23: B c5d5
24: W a2b2
25: B c4b4
26: W b2b1
27: B h7g7
28: W c7b7
29: B b6b5
30: W h1g1
31: B f2f1
32: W a5b5
33: B g7g6
34: W e2e3
35: B d5e5
36: W f5g5
37: B g6h6
38: W g5g4
39: B d3e3
40: W g4f4
41: B b4b5
42: W b1a1
43: B g2g1
44: W f4f3
45: B e5e6
46: W d6e6
47: B e3f3
48: W e6e7
49: B e8e7
winner:B wins
1: W d3e3
2: B d4c4
3: W g2f2
4: B h2h3
5: W g8g7
6: B e1e2
7: W e8e7
8: B f6e6
9: W f7f8
10: B d2c2
11: W g6h6
12: B f4g4
13: W a6a7
14: B g5h5
15: W d5e5
16: B e6e5
17: W b5b6
18: B b8b7
19: W b3a3
20: B c1b1
21: W c6d6
22: B e2e3
23: W a4b4
24: B a1a2
25: W b4c4
26: B e3f3
27: W h6h5
28: B h8h7
29: W h5h4
30: B h3h4
31: W c4c3
32: B a2a3
33: W c3c2
34: B c7c8
35: W f2f3
36: B b2c2
37: W f3g3
38: B g4g3
39: W g7h7
40: B b7b6
41: W h1g1
42: B e5e4
43: W d7d8
44: B c8d8
winner:B wins
