cgt_vs_cgtdb Data/cgt_mcts_results/cgt_cgtdb_08.txt 8x8 100 runs...
1: B b8c8
2: W e2e3
3: B f4e4
4: W c6c5
5: B a5a4
6: W d3c3
7: B b6b5
8: W f5g5
9: B c7d7
10: W g6h6
11: B c1d1
12: W e8f8
13: B g1f1
14: W f7e7
15: B b2a2
16: W g2g3
17: B d6d5
18: W a8a7
19: B b4b3
20: W c2d2
21: B e4e3
22: W g8g7
23: B e3f3
24: W g4h4
25: B h8h7
26: W d2d1
27: B b3c3
28: W e7d7
29: B b5c5
30: W d1e1
31: B f1e1
32: W d7d8
33: B c8d8
34: W b1a1
35: B a2a1
36: W c4c5
37: B e5e6
38: W c5d5
39: B d4d5
40: W g3f3
41: B f2f3
42: W h3h2
43: B h7g7
winner:B wins
1: W f7g7
2: B f4e4
3: W c4c3
4: B f2e2
5: W d5d6
6: B e3d3
7: W f5f6
8: B b8c8
9: W b1b2
10: B a7a6
11: W b5b6
12: B a3a4
13: W g2h2
14: B e7e8
15: W b7c7
16: B e1d1
17: W g6h6
18: B c8c7
19: W d7c7
20: B h8h7
21: W h3h4
22: B g3g4
23: W b3b4
24: B a1a2
25: W h1g1
26: B h7h6
27: W b6a6
28: B c5c6
29: W c3d3
30: B h6h5
31: W h4h5
32: B c1c2
33: W h5g5
34: B c6c7
35: W e6e5
36: B d2d3
37: W e5e4
38: B d4e4
39: W b2a2
40: B g4g5
41: W g8f8
42: B e8f8
43: W b4a4
44: B a5a4
winner:B wins
