cgt_vs_cgtdb Data/cgt_mcts_results/cgt_cgtdb_08.txt 8x8 100 runs...
1: B a3b3
2: W e4d4
3: B h6h7
4: W f3f2
5: B a1b1
6: W f5e5
7: B b4c4
8: W h3h2
9: B a5b5
10: W c8b8
11: B g5g4
12: W g6g7
13: B b6c6
14: W d7c7
15: B a7b7
16: W e6d6
17: B c6d6
18: W e2d2
19: B e3d3
20: W f1e1
21: B g3g2
22: W h5h4
23: B g2h2
24: W c2c1
25: B d3d4
26: W a2b2
27: B b1b2
28: W h4g4
29: B d6d5
30: W e5d5
31: B b7c7
32: W d5d4
33: B c4d4
34: W g4f4
35: B h2h1
36: W f7e7
37: B h8g8
38: W g7g8
39: B d8e8
40: W g8f8
41: B e8e7
winner:B wins
1: W f5f4
2: B d2d3
3: W g8h8
4: B f8f7
5: W c6b6
6: B e7e6
7: W g2f2
8: B c1c2
9: W d5d6
10: B e5e4
11: W h5h4
12: B g5g6
13: W b3a3
14: B b4c4
15: W d7d8
16: B a5b5
17: W e2e3
18: B e4e3
19: W a8a7
20: B g3g4
21: W f1g1
22: B a1a2
23: W h4g4
24: B a2a3
25: W d6e6
26: B h6h7
27: W e6f6
28: B f7f6
29: W h3h2
30: B b5b6
31: W h8h7
32: B b6b7
33: W f3e3
34: B g7h7
35: W e3d3
36: B d4d3
37: W b1b2
38: B c2b2
39: W a7b7
40: B a3a4
41: W b7c7
42: B b8c8
43: W d1e1
44: B c8c7
winner:B wins
