cgt_vs_cgtdb Data/cgt_mcts_results/cgt_cgtdb_08.txt 8x8 100 runs...
1: B d6d5
2: W d3e3
3: B d8e8
4: W g2g3
5: B b8c8
6: W f5f4
7: B h2h3
8: W c2c3
9: B h3g3
10: W h7g7
11: B a5b5
12: W e2f2
13: B b6c6
14: W f7f8
15: B e7e6
16: W b1a1
17: B g5h5
18: W g6f6
19: B e8f8
20: W a2a3
21: B d4c4
22: W b7c7
23: B g3f3
24: W c7c8
25: B f3e3
26: W c3c4
27: B b2b3
28: W c4c5
29: B b5c5
30: W f1e1
31: B e3e4
32: W g4h4
33: B e4f4
34: W h4h5
35: B h6h5
36: W f6e6
37: B e5e6
38: W a6a7
39: B g1h1
40: W d1c1
41: B f8g8
42: W g7g8
43: B h8g8
44: W a4b4
45: B b3b4
winner:B wins
1: W d5e5
2: B b8b7
3: W e6f6
4: B a7a6
5: W b5b4
6: B g7g6
7: W c6b6
8: B g1f1
9: W f5f4
10: B h2g2
11: W c2b2
12: B b7b6
13: W h5h4
14: B d8d7
15: W e2e3
16: B f8f7
17: W c4c3
18: B d2d1
19: W h7h8
20: B g5g4
21: W f4g4
22: B g3f3
23: W e8e7
24: B f7e7
25: W b1c1
26: B d4d3
27: W c8c7
28: B a1a2
29: W c1d1
30: B d3e3
31: W f6g6
32: B h6g6
33: W d1e1
34: B f1e1
35: W c7d7
36: B a3a4
37: W b4a4
38: B d6d7
39: W a4a5
40: B a2b2
41: W a5a6
42: B b2b3
43: W c3b3
44: B b6a6
45: W e4e3
46: B f3e3
winner:B wins
