cgt_vs_cgtdb Data/cgt_mcts_results/cgt_cgtdb_08.txt 8x8 100 runs...
1: B e3e4
2: W c6d6
3: B f6e6
4: W c2d2
5: B f2f3
6: W g2g3
7: B e1d1
8: W b7a7
9: B h4h5
10: W b1b2
11: B c5c4
12: W b3b4
13: B c3d3
14: W h7h8
15: B a5a4
16: W c8d8
17: B b6a6
18: W f5g5
19: B e6d6
20: W g6g7
21: B d3d2
22: W b4a4
23: B a3a2
24: W d7c7
25: B f8g8
26: W d5d4
27: B h2h3
28: W e2d2
29: B h3g3
30: W b2a2
31: B e4d4
32: W d2d1
33: B e7f7
34: W g4g3
35: B c1d1
36: W g3f3
37: B g8h8
38: W g5h5
39: B f7g7
40: W f3f4
41: B h6h5
42: W a2a1
43: B g1h1
44: W a7a6
45: B b8a8
winner:B wins
1: W c4c3
2: B e5e6
3: W f7g7
4: B e3e2
5: W a6b6
6: B f4f3
7: W b3b4
8: B d4d5
9: W d1c1
10: B d2c2
11: W h3h4
12: B g1g2
13: W g4g5
14: B f6g6
15: W e8d8
16: B c7c6
17: W b7b8
18: B c2c1
19: W a2a1
20: B g6g7
21: W a4a5
22: B a7a8
23: W h7h6
24: B e7d7
25: W f1f2
26: B g2f2
27: W h1h2
28: B f8g8
29: W d8d7
30: B b2b1
31: W a1b1
32: B c1b1
33: W d7d6
34: B c5b5
35: W d6d5
36: B c6b6
37: W b4b5
38: B a8b8
39: W c8b8
40: B b6b5
41: W a5b5
winner:W wins
