cgt_vs_cgtdb Data/cgt_mcts_results/cgt_cgtdb_08.txt 8x8 100 runs...
1: B a3a4
2: W g4g5
3: B e5e4
4: W c4c5
5: B h2h3
6: W c8b8
7: B g1g2
8: W c2c3
9: B a7a6
10: W d5d6
11: B b2b3
12: W e8f8
13: B f6f5
14: W f7e7
15: B h6h7
16: W d1d2
17: B f2f3
18: W g8g7
19: B b6b5
20: W d7c7
21: B e1e2
22: W g5f5
23: B a1b1
24: W h5h4
25: B f4f5
26: W h4h3
27: B b3c3
28: W d2e2
29: B e3d3
30: W h3g3
31: B f3g3
32: W g7h7
33: B h8h7
34: W c5b5
35: B b4b5
winner:B wins
1: W e4e3
2: B d4c4
3: W b3b4
4: B h2g2
5: W e8e7
6: B f4f5
7: W d1e1
8: B g3f3
9: W a8b8
10: B h4h5
11: W a2a1
12: B d2c2
13: W h7h8
14: B c3d3
15: W b5b6
16: B g7g6
17: W e6d6
18: B f8f7
19: W d5c5
20: B c7b7
21: W g4g5
22: B b7b6
23: W b1c1
24: B d8d7
25: W e7f7
26: B f5g5
27: W f7f6
28: B a7a6
29: W f6g6
30: B c4c5
31: W c1c2
32: B c5c6
33: W c2b2
34: B d7d6
35: W g6h6
36: B a3a4
37: W h6h5
38: B g5h5
39: W b4a4
40: B a5a4
41: W h1g1
42: B f2f1
43: W g1g2
44: B f1e1
45: W e3d3
46: B e1e2
winner:B wins
