cgt_vs_cgtdb Data/cgt_mcts_results/cgt_cgtdb_08.txt 8x8 100 runs...
1: B h2g2
2: W b7b6
3: B e1f1
4: W b3c3
5: B c1c2
6: W e4e5
7: B b2a2
8: W g6h6
9: B a5a4
10: W c4c5
11: B d2e2
12: W g8f8
13: B h4h5
14: W f5f4
15: B g3f3
16: W e6e7
17: B d8e8
18: W h7g7
19: B c7c6
20: W d3d4
21: B c6b6
22: W a8a7
23: B b6b5
24: W b1a1
25: B d6d7
26: W f8e8
27: B b5c5
28: W h1g1
29: B d7e7
30: W a1a2
31: B e7f7
32: W a2a3
33: B f1g1
34: W g7f7
35: B b8c8
36: W f4f3
37: B e3f3
38: W c3c2
39: B f6f7
40: W a3a4
41: B c5d5
42: W e5d5
43: B b4a4
44: W g4g5
45: B h5h6
winner:B wins
1: W f3f2
2: B h8h7
3: W f5g5
4: B e5e6
5: W h5h6
6: B g7f7
7: W b5b4
8: B h2h3
9: W e8d8
10: B g1g2
11: W a6b6
12: B e1d1
13: W b7a7
14: B b8c8
15: W d3d2
16: B f4g4
17: W c4c3
18: B d4d5
19: W d7c7
20: B b2b3
21: W a2a1
22: B c1c2
23: W e4e3
24: B b3c3
25: W g6f6
26: B c8c7
27: W g5g4
28: B h4g4
29: W f6e6
30: B d1d2
31: W g8f8
32: B d6c6
33: W b6c6
34: B c7c6
35: W a4a5
36: B h7h6
37: W e6e7
38: B f7f8
39: W f2g2
40: B g3g2
41: W e2d2
42: B c2d2
winner:B wins
