cgt_vs_cgtdb Data/cgt_mcts_results/cgt_cgtdb_08.txt 8x8 100 runs...
1: B d2d3
2: W b7c7
3: B f2f3
4: W e4f4
5: B e5e6
6: W c4c5
7: B e1e2
8: W a2a1
9: B c1b1
10: W e8d8
11: B h2h3
12: W g6g7
13: B b8c8
14: W b5a5
15: B g1g2
16: W a4a3
17: B c8c7
18: W h5g5
19: B d6d5
20: W f7f6
21: B e6f6
22: W c6c7
23: B c3c2
24: W c5d5
25: B f3f4
26: W a1b1
27: B a7a6
28: W a5a6
29: B b6a6
30: W d5d4
31: B d3d4
32: W b1b2
33: B c2b2
34: W f5f6
35: B b2b3
36: W a3b3
37: B f4g4
38: W g5g4
39: B b4b3
40: W g4g3
41: B g2g3
42: W g8h8
43: B h6h7
44: W h8h7
45: B e7d7
46: W c7d7
winner:W wins
1: W c6b6
2: B f4e4
3: W g2f2
4: B a7b7
5: W c2d2
6: B b8c8
7: W d7c7
8: B a5a4
9: W e2e3
10: B d4c4
11: W g4g5
12: B f6g6
13: W g8h8
14: B e4e3
15: W h7g7
16: B e5d5
17: W e8e7
18: B b7b6
19: W b3b4
20: B b6b5
21: W a2b2
22: B a4b4
23: W h1g1
24: B c1b1
25: W h5h4
26: B g6g7
27: W f3g3
28: B h2h3
29: W c7c8
30: B d8c8
31: W g3h3
32: B e1f1
33: W b2b1
34: B a1b1
35: W g1f1
36: B d6e6
37: W d3e3
38: B g7f7
39: W e7e6
winner:W wins
