cgt_vs_cgtdb Data/cgt_mcts_results/cgt_cgtdb_08.txt 8x8 100 runs...
1: B h4g4
2: W f7g7
3: B g5f5
4: W c6b6
5: B a7a6
6: W e6e5
7: B b8c8
8: W f1g1
9: B g3f3
10: W a2a1
11: B h6h7
12: W c2b2
13: B f2e2
14: W c4c3
15: B d2d1
16: W d5d4
17: B b4a4
18: W g8f8
19: B d6d7
20: W b5a5
21: B a6a5
22: W e8e7
23: B h2h3
24: W b3a3
25: B a4a3
26: W e5f5
27: B f6f5
28: W b1c1
29: B d1c1
30: W d3e3
31: B d7e7
32: W e4f4
33: B g4f4
34: W e3e2
35: B e1e2
36: W g7h7
37: B h8h7
38: W b7c7
39: B c8c7
winner:B wins
1: W g4g5
2: B b8c8
3: W e4e5
4: B e3d3
5: W a2a3
6: B a7b7
7: W a4b4
8: B g1g2
9: W h1h2
10: B e1d1
11: W f3f2
12: B a5b5
13: W f7f8
14: B b6c6
15: W d7e7
16: B g2f2
17: W h3h4
18: B f4f5
19: W c2b2
20: B f2e2
21: W d5d6
22: B a1b1
23: W g6g7
24: B c5c4
25: W b4b5
26: B h8g8
27: W e5f5
28: B h6h5
29: W h4h5
30: B f6f5
31: W g5f5
32: B c6d6
33: W g7g8
34: B d8e8
35: W f8e8
36: B d6e6
37: W e7e6
38: B b1b2
39: W b3b2
winner:W wins
