cgt_vs_cgtdb Data/cgt_mcts_results/cgt_cgtdb_08.txt 8x8 100 runs...
1: B f6g6
2: W g2g3
3: B h2h3
4: W b5b6
5: B c3d3
6: W d5c5
7: B b8b7
8: W c4b4
9: B b7b6
10: W d7e7
11: B f8f7
12: W c6c7
13: B a5a6
14: W g4g5
15: B g7h7
16: W d1d2
17: B g1f1
18: W e4e5
19: B d8e8
20: W e2e3
21: B d3d2
22: W a2b2
23: B f4f5
24: W c2c1
25: B g6g5
26: W g8h8
27: B f5e5
28: W f3f2
29: B g5h5
30: W f2f1
31: B e1f1
32: W a8a7
33: B a6a7
34: W g3h3
35: B a1b1
36: W c1b1
37: B a3b3
38: W h8h7
39: B b3b4
40: W a4b4
41: B h4h3
42: W h7h6
43: B h5h6
44: W e6d6
45: B e8e7
winner:B wins
1: W f1f2
2: B d6d7
3: W c4d4
4: B f8e8
5: W h7h6
6: B c5d5
7: W e4f4
8: B g3g4
9: W e6f6
10: B g7f7
11: W c2c3
12: B g4f4
13: W h5g5
14: B b6a6
15: W c8c7
16: B h2g2
17: W b7b8
18: B a3a4
19: W d1c1
20: B b2b3
21: W d3e3
22: B f4f3
23: W b5a5
24: B f7f6
25: W a5a6
26: B a1a2
27: W c3b3
28: B a7a6
29: W b3b4
30: B h8g8
31: W b4a4
32: B h4h3
33: W c7d7
34: B d8d7
35: W d4d5
36: B f6f5
37: W d5e5
38: B f5e5
39: W h1g1
40: B f3e3
41: W g1g2
42: B e1e2
43: W f2e2
44: B d2e2
winner:B wins
