cgt_vs_cgtdb Data/cgt_mcts_results/cgt_cgtdb_08.txt 8x8 100 runs...
1: B g5f5
2: W e4e3
3: B a1b1
4: W h7g7
5: B d2e2
6: W h3g3
7: B h4g4
8: W g2h2
9: B h6g6
10: W d5c5
11: B g1f1
12: W a6b6
13: B c1c2
14: W f7e7
15: B e2e3
16: W b7b8
17: B c7c8
18: W e6e5
19: B e3f3
20: W b3b4
21: B g4g3
22: W c6d6
23: B a3a2
24: W d3c3
25: B d8d7
26: W c3c2
27: B d4c4
28: W e8f8
29: B g6g7
30: W e5f5
31: B f4f5
32: W d1e1
33: B b2c2
34: W e1f1
35: B c4b4
36: W f1f2
37: B d7d6
38: W f2f3
39: B g3f3
40: W g8g7
41: B a5a4
42: W b8c8
43: B a7a8
44: W b5b4
45: B a4b4
winner:B wins
1: W b3b4
2: B c7d7
3: W f3e3
4: B b8b7
5: W f5e5
6: B d4c4
7: W a2a3
8: B c4b4
9: W g4f4
10: B a7a6
11: W e8f8
12: B c5b5
13: W g8g7
14: B d6e6
15: W g6h6
16: B h2h3
17: W c2b2
18: B g1g2
19: W e2e1
20: B g5h5
21: W a4a5
22: B e6e5
23: W d1c1
24: B a1b1
25: W d5e5
26: B h8h7
27: W c6b6
28: B h7g7
29: W b6b5
30: B d8c8
31: W h6h5
32: B f6f7
33: W f8f7
34: B e7f7
35: W h5h4
36: B h3h4
37: W d3c3
38: B b1b2
39: W b5b4
40: B a6a5
41: W f1f2
42: B g2f2
winner:B wins
