cgt_vs_cgtdb Data/cgt_mcts_results/cgt_cgtdb_08.txt 8x8 100 runs...
1: B d8d7
2: W c6b6
3: B e3e4
4: W d5d4
5: B e7e6
6: W c2c3
7: B b4b3
8: W f5g5
9: B f8f7
10: W f3f2
11: B f4g4
12: W d1c1
13: B a3a2
14: W h7h8
15: B b3c3
16: W a8b8
17: B g7g6
18: W f1g1
19: B a5a6
20: W h1h2
21: B h4h3
22: W d3c3
23: B h3h2
24: W b1a1
25: B d2e2
26: W a1a2
27: B a6b6
28: W b7c7
29: B c5c4
30: W d4c4
31: B d7c7
32: W c8c7
33: B b6b5
34: W a2b2
35: B e2f2
36: W g5g6
37: B h6h5
38: W g6f6
39: B h2g2
40: W g1g2
41: B f2g2
42: W f6f7
winner:W wins
1: W b5c5
2: B d4d3
3: W d7d6
4: B e5d5
5: W g2g3
6: B f4g4
7: W g8f8
8: B f2e2
9: W g6f6
10: B g5h5
11: W c2d2
12: B h8h7
13: W b3a3
14: B e1d1
15: W a4b4
16: B c1b1
17: W c8b8
18: B d1d2
19: W f7e7
20: B d8e8
21: W b7a7
22: B d5c5
23: W a2b2
24: B c5c4
25: W e4e3
26: B h2h3
27: W b2b1
28: B e8e7
29: W g3g4
30: B e7e6
31: W e3d3
32: B e6d6
33: W b4c4
34: B c7c6
35: W g4h4
36: B a1b1
37: W d3d2
38: B c3c4
39: W d2e2
40: B g1h1
41: W h4h5
42: B a5a6
43: W h5h6
44: B h7h6
45: W a7a6
46: B b6a6
winner:B wins
