cgt_vs_cgtdb Data/cgt_mcts_results/cgt_cgtdb_08.txt 8x8 100 runs...
1: B e7d7
2: W b3b4
3: B f4g4
4: W e2f2
5: B f8f7
6: W b5a5
7: B d8c8
8: W c2b2
9: B d2d1
10: W c6c7
11: B g1f1
12: W e4d4
13: B h2h3
14: W h7h8
15: B g7g6
16: W a2a1
17: B a7a6
18: W f5e5
19: B e3d3
20: W e6d6
21: B b8b7
22: W c7b7
23: B d7d6
24: W c4c3
25: B d3d4
26: W a5a6
27: B a3a4
28: W f2f1
29: B e1f1
30: W f3g3
31: B g5h5
32: W g3h3
33: B a4b4
34: W h3h4
35: B b6a6
36: W h4h5
37: B d4d5
38: W e5d5
39: B d6d5
40: W h5h6
41: B g6h6
42: W b1c1
43: B d1c1
winner:B wins
1: W c4b4
2: B d4d3
3: W c6c7
4: B h2g2
5: W d1c1
6: B g3f3
7: W a4a3
8: B h4h5
9: W g6g7
10: B b6b7
11: W f5e5
12: B f4e4
13: W e6f6
14: B e1e2
15: W c2c3
16: B f8g8
17: W d7e7
18: B h6h7
19: W a2b2
20: B d8c8
21: W b5a5
22: B a7a8
23: W f1f2
24: B f3f2
25: W c7b7
26: B a1b1
27: W h1g1
28: B b1c1
29: W g1g2
30: B f2g2
31: W b7b8
32: B g5g4
33: W c3d3
34: B e3d3
35: W g7h7
36: B c8b8
37: W h7h8
38: B g8h8
39: W d5d6
40: B e4e5
winner:B wins
