cgt_vs_cgtdb Data/cgt_mcts_results/cgt_cgtdb_08.txt 8x8 100 runs...
1: B h2g2
2: W b7b6
3: B b4c4
4: W f5g5
5: B b8c8
6: W g8g7
7: B h4g4
8: W c6d6
9: B g3f3
10: W f7f8
11: B a3b3
12: W c2b2
13: B c5d5
14: W e4d4
15: B a1b1
16: W h5h6
17: B h8h7
18: W d1d2
19: B e1f1
20: W d4c4
21: B c3d3
22: W d7d8
23: B c8d8
24: W e6e7
25: B b3b2
26: W h1g1
27: B h7g7
28: W e2f2
29: B f1f2
30: W g5g4
31: B f4g4
32: W d2d3
33: B d5d6
34: W a2b2
35: B a5a6
36: W a8a7
37: B b1b2
38: W d3e3
39: B g7g6
40: W h6g6
41: B f6g6
42: W e3f3
43: B d8e8
44: W e7e8
45: B a6a7
46: W g1g2
47: B f2g2
winner:B wins
1: W e6f6
2: B g1g2
3: W e4d4
4: B f2f3
5: W b3b2
6: B h6g6
7: W c8c7
8: B g5g4
9: W b5b6
10: B e1e2
11: W c2c1
12: B a7a6
13: W e8e7
14: B a3a4
15: W g8f8
16: B a1b1
17: W d5e5
18: B g6f6
19: W c6d6
20: B f6f5
21: W d3c3
22: B d8d7
23: W d1d2
24: B h4h3
25: W f7g7
26: B h8h7
27: W e5f5
28: B c5c4
29: W c3c4
30: B h7g7
31: W f5f4
32: B g4f4
33: W d2e2
34: B b8b7
35: W b6a6
36: B d7c7
37: W a6a5
38: B b1c1
39: W h1h2
40: B g2h2
41: W e2e3
42: B f3e3
43: W a5a4
44: B b4a4
winner:B wins
