cgt_vs_cgtdb Data/cgt_mcts_results/cgt_cgtdb_08.txt 8x8 100 runs...
1: B g7f7
2: W g4g5
3: B e1f1
4: W f3e3
5: B h2h3
6: W d5d4
7: B d2d3
8: W e6e7
9: B f2g2
10: W h7h6
11: B c1c2
12: W a6b6
13: B b2b3
14: W b5a5
15: B a1a2
16: W c8c7
17: B a7b7
18: W f5f4
19: B f8e8
20: W c4c3
21: B e5e4
22: W c3d3
23: B d8d7
24: W a4a3
25: B d7e7
26: W h1g1
27: B f1g1
28: W a3b3
29: B e4e3
30: W g8h8
31: B e3e2
32: W c7b7
33: B b8a8
34: W c6d6
35: B b4b3
36: W h5h4
37: B h3h4
38: W g6f6
39: B f7f6
winner:B wins
1: W d5d4
2: B h4h5
3: W e2e3
4: B d2d3
5: W f1g1
6: B g3g4
7: W h7g7
8: B f6f5
9: W a6a7
10: B d3d4
11: W c2b2
12: B c7c6
13: W b3c3
14: B d8d7
15: W c4d4
16: B f2f3
17: W f7f8
18: B b8b7
19: W b5c5
20: B e7e6
21: W c5c6
22: B h8g8
23: W c6d6
24: B g8f8
25: W g6h6
26: B e6d6
27: W h6h5
28: B f4e4
29: W h5g5
30: B f8e8
31: W d1e1
32: B b4a4
33: W a2a1
34: B c1b1
35: W b2b1
36: B h2h3
37: W a7b7
38: B b6b7
39: W g5f5
40: B e4d4
41: W f5e5
42: B f3e3
winner:B wins
