cgt_vs_cgtdb Data/cgt_mcts_results/cgt_cgtdb_08.txt 8x8 100 runs...
1: B b8c8
2: W d3e3
3: B f2f3
4: W b3b4
5: B g1g2
6: W d7d6
7: B e5f5
8: W e2e1
9: B a7b7
10: W g8h8
11: B h4h5
12: W f7g7
13: B f8e8
14: W b5a5
15: B f6g6
16: W c6c5
17: B g6g7
18: W c2c1
19: B c3c4
20: W h7h6
21: B c4b4
22: W a2a3
23: B d2d1
24: W e4d4
25: B g3g4
26: W h1h2
27: B g2h2
28: W h6h5
29: B b4a4
30: W h5g5
31: B g4g5
32: W e3f3
33: B d1c1
34: W f3f4
35: B e7e6
36: W h3h2
37: B c1b1
38: W f4f5
39: B e6d6
40: W a6b6
41: B d6d5
42: W b6b7
43: B g5f5
44: W b7c7
45: B c8c7
46: W d4d5
47: B a4a5
winner:B wins
1: W g6f6
2: B g1f1
3: W e4d4
4: B c7d7
5: W g4g3
6: B h2g2
7: W e6d6
8: B d8e8
9: W f5e5
10: B b8b7
11: W d3e3
12: B d7d6
13: W a4b4
14: B g7g8
15: W c4c5
16: B h6h5
17: W e2d2
18: B c1d1
19: W b5a5
20: B b2c2
21: W a2a1
22: B a7a6
23: W f7e7
24: B d6c6
25: W e7e8
26: B c6c5
27: W d2d1
28: B f4f3
29: W e3f3
30: B g2g3
31: W e8f8
32: B g3f3
33: W a5a6
34: B h4h3
35: W d1e1
36: B a3b3
37: W b4b3
38: B f1e1
39: W a6b6
40: B b7b6
41: W b3c3
42: B c5d5
43: W e5d5
44: B c2c3
45: W h7h8
46: B g8h8
winner:B wins
