cgt_vs_cgtdb Data/cgt_mcts_results/cgt_cgtdb_08.txt 8x8 100 runs...
1: B d4d3
2: W b7a7
3: B h8g8
4: W f5g5
5: B c7c6
6: W d7e7
7: B e5d5
8: W e2f2
9: B g3f3
10: W f7g7
11: B f4e4
12: W b1c1
13: B h2g2
14: W a4b4
15: B h6g6
16: W b5a5
17: B g6g7
18: W b3b2
19: B d8e8
20: W d1d2
21: B c3c4
22: W f2f3
23: B d3d2
24: W f1g1
25: B f6e6
26: W h7g7
27: B h4h3
28: W b4c4
29: B e6e7
30: W c4c5
31: B d5c5
32: W f3e3
33: B g8g7
34: W a6b6
35: B a3a2
36: W b6c6
37: B e4e3
38: W g1g2
39: B b8a8
40: W c6d6
41: B a8a7
42: W b2a2
43: B d2c2
44: W a2a1
45: B c2c1
winner:B wins
1: W g4f4
2: B e5e4
3: W g2g3
4: B b4b5
5: W c2c3
6: B e7e6
7: W g8g7
8: B f8f7
9: W h1h2
10: B d8c8
11: W b3a3
12: B a5a6
13: W b7a7
14: B c1b1
15: W h5h4
16: B c7c6
17: W e2d2
18: B e1f1
19: W d5d6
20: B e6d6
21: W h7h6
22: B d4c4
23: W f5g5
24: B e3f3
25: W d7d6
26: B c6d6
27: W f4e4
28: B b2a2
29: W g7f7
30: B f6f7
31: W g3f3
32: B f2f3
33: W a8b8
34: B c8b8
35: W a7a6
36: B b6a6
37: W c3c4
38: B c5c4
39: W a3a2
40: B a1a2
winner:B wins
