cgt_vs_cgtdb Data/cgt_mcts_results/cgt_cgtdb_08.txt 8x8 100 runs...
1: B e3e2
2: W g2g1
3: B g3f3
4: W c6b6
5: B c1d1
6: W g4h4
7: B b2b3
8: W a4b4
9: B c3c4
10: W e6e5
11: B d4e4
12: W d7c7
13: B a7a6
14: W h5g5
15: B d8e8
16: W f7f6
17: B h8g8
18: W h7g7
19: B e4e5
20: W b5c5
21: B b8b7
22: W d5e5
23: B b7c7
24: W b6a6
25: B h2h1
26: W g7g8
27: B h1g1
28: W f1e1
29: B h6g6
30: W a6a5
31: B c7c8
32: W g8f8
33: B g6g5
34: W f8e8
35: B g5f5
36: W e5f5
37: B e7e8
38: W c2d2
39: B e2d2
40: W f5f4
41: B f3f4
42: W e1d1
43: B d2d1
44: W a2a3
45: B c4c5
46: W b1a1
47: B b3b4
winner:B wins
1: W e4d4
2: B g1f1
3: W f3g3
4: B h2g2
5: W b3c3
6: B h4g4
7: W d1d2
8: B g5f5
9: W e8e7
10: B d6e6
11: W h7g7
12: B e3d3
13: W c8c7
14: B d3d4
15: W b5b6
16: B b8b7
17: W d5c5
18: B g2g3
19: W a4a3
20: B a7a6
21: W c2b2
22: B b7b6
23: W e7e6
24: B f6f7
25: W e2f2
26: B h6h5
27: W f2f1
28: B h8g8
29: W g7g8
30: B f8g8
31: W b1c1
32: B a1a2
33: W f1e1
34: B a2b2
35: W e6e5
36: B d4c4
37: W h3g3
38: B c4c5
39: W e5f5
40: B c5c6
41: W c7c6
42: B d8d7
43: W c6b6
44: B a6b6
45: W f5f4
46: B g4f4
winner:B wins
