cgt_vs_cgtdb Data/cgt_mcts_results/cgt_cgtdb_08.txt 8x8 100 runs...
1: B d8e8
2: W b3b4
3: B a7b7
4: W e4e5
5: B d4d5
6: W f3f2
7: B a5b5
8: W e2e1
9: B b6c6
10: W h7g7
11: B a3a2
12: W d3d2
13: B c3c4
14: W h3h4
15: B g1f1
16: W g6g5
17: B f6e6
18: W g2g3
19: B h6h5
20: W b1b2
21: B d6d7
22: W b4b5
23: B d5e5
24: W c2c1
25: B h8g8
26: W b2a2
27: B f4g4
28: W c8c7
29: B c6c7
30: W g3g4
31: B h2h1
32: W a8b8
33: B h5g5
34: W f5e5
35: B g8g7
36: W b8b7
37: B f8f7
38: W e5e6
39: B c7b7
40: W e6e7
41: B c5b5
42: W a2a1
43: B f1f2
44: W e7e8
45: B g5g4
46: W h4g4
winner:W wins
1: W c6d6
2: B f2g2
3: W b3b4
4: B f4f3
5: W f5f6
6: B g7f7
7: W c4c5
8: B f8e8
9: W b5b6
10: B b8c8
11: W e4e5
12: B h2h3
13: W d1c1
14: B c7d7
15: W e2d2
16: B a3a2
17: W a4a5
18: B d4d5
19: W c5d5
20: B h6g6
21: W h5g5
22: B g6f6
23: W h1g1
24: B e3d3
25: W g4g3
26: B f3g3
27: W c2b2
28: B h8h7
29: W d2d3
30: B a7a6
31: W d3c3
32: B a6a5
33: W e6f6
34: B f7f6
35: W d6d7
36: B e7d7
37: W g1g2
38: B e1f1
39: W g2g3
40: B h3g3
41: W b2a2
42: B a1a2
winner:B wins
