cgt_vs_cgtdb Data/cgt_mcts_results/cgt_cgtdb_08.txt 8x8 100 runs...
1: B b8c8
2: W e4e3
3: B a7b7
4: W b5c5
5: B b6c6
6: W e6f6
7: B d4d3
8: W g2f2
9: B d3e3
10: W e8d8
11: B h2h3
12: W f3e3
13: B a5a4
14: W c2d2
15: B g5h5
16: W f7g7
17: B g3g4
18: W b3b2
19: B f8g8
20: W f5e5
21: B c3c4
22: W b1a1
23: B c4c5
24: W h7h6
25: B d6d5
26: W g7g8
27: B e1d1
28: W e5d5
29: B c5d5
30: W d2d1
31: B e7d7
32: W d8c8
33: B h8g8
34: W c8c7
35: B c1d1
36: W c7c6
37: B g1h1
38: W h6h5
39: B h4h5
40: W a2a3
41: B a4a3
winner:B wins
1: W d7d6
2: B g1f1
3: W e2e3
4: B c1d1
5: W a4a5
6: B a7a6
7: W f7f6
8: B h2g2
9: W b5b4
10: B b8b7
11: W h5h6
12: B c7c6
13: W f5e5
14: B c6d6
15: W f3f4
16: B e7e8
17: W b3c3
18: B b2a2
19: W d5d4
20: B c5c4
21: W h7h8
22: B d6e6
23: W b4c4
24: B d2d3
25: W b1a1
26: B h4g4
27: W e5e6
28: B d3d4
29: W a5a6
30: B d4e4
31: W f4g4
32: B g3h3
33: W g8f8
34: B g5g4
35: W a6b6
36: B g7g6
37: W h6g6
38: B a2a1
39: W e3e4
40: B b7b6
41: W f8e8
42: B d8c8
winner:B wins
