cgt_vs_cgtdb Data/cgt_mcts_results/cgt_cgtdb_08.txt 8x8 100 runs...
1: B d2d3
2: W g2g3
3: B g7g6
4: W d5d6
5: B f8f7
6: W b7b8
7: B h2h3
8: W b3c3
9: B a7a6
10: W e2f2
11: B e7e6
12: W d7d8
13: B c7c6
14: W a2a1
15: B h6h5
16: W b1b2
17: B c1c2
18: W f5f4
19: B e3f3
20: W e4d4
21: B f3g3
22: W c3d3
23: B a3a4
24: W d6e6
25: B c2b2
26: W g4g5
27: B e1d1
28: W e6f6
29: B g6g5
30: W f6f7
31: B g1h1
32: W b5b6
33: B c6b6
34: W c4b4
35: B h8h7
36: W b4a4
37: B a5a4
winner:B wins
1: W d7c7
2: B b8b7
3: W c4c3
4: B g7g6
5: W f1e1
6: B h2g2
7: W b5b4
8: B a7a6
9: W b3a3
10: B c5c6
11: W h5h6
12: B g3f3
13: W e6f6
14: B g6f6
15: W e8e7
16: B d2e2
17: W e4f4
18: B h8g8
19: W f5f6
20: B e5d5
21: W h3h4
22: B f3f4
23: W c7b7
24: B c1b1
25: W h1g1
26: B b2a2
27: W b7b6
28: B g2g1
29: W b6c6
30: B d8c8
31: W c6d6
32: B g5g4
33: W h4g4
34: B f4g4
35: W f7f8
36: B g8f8
37: W e1e2
38: B f2e2
39: W d6d5
40: B d4d3
41: W c3d3
42: B e3d3
43: W a3a2
44: B a1a2
45: W a4a5
46: B a6a5
winner:B wins
