cgt_vs_cgtdb Data/cgt_mcts_results/cgt_cgtdb_08.txt 8x8 100 runs...
1: B a7a6
2: W c4c3
3: B e3d3
4: W d7d6
5: B h2h3
6: W h5g5
7: B b4b5
8: W a2a3
9: B d3c3
10: W d1e1
11: B b8b7
12: W f7f6
13: B d8e8
14: W e6e5
15: B a1b1
16: W c2b2
17: B g1g2
18: W h7h6
19: B h8g8
20: W f3f4
21: B d4d5
22: W b2b1
23: B d2e2
24: W c6c7
25: B a5a4
26: W c7b7
27: B b6b7
28: W e5d5
29: B c1b1
30: W d5c5
31: B b5c5
32: W a3a4
33: B c3b3
34: W g4h4
35: B h3h4
36: W g6g7
37: B g8g7
38: W f1f2
39: B e2f2
winner:B wins
1: W d3e3
2: B b6b5
3: W g2g3
4: B c7c6
5: W h7h6
6: B h8g8
7: W e4e5
8: B d4c4
9: W a2a3
10: B d8d7
11: W b3b2
12: B a7a6
13: W e6e7
14: B d7e7
15: W g6g7
16: B d2d1
17: W f7e7
18: B g1f1
19: W g4g5
20: B f2e2
21: W c2c1
22: B d1c1
23: W h3h2
24: B a5a4
25: W a3a4
26: B h4h5
27: W e3e2
28: B h5g5
29: W a4b4
30: B f4f5
31: W d5c5
32: B c4c5
33: W e5f5
34: B e1e2
35: W b4b5
36: B f6f5
37: W e8f8
38: B g8f8
39: W b5c5
40: B c6c5
41: W c8b8
42: B a1b1
43: W b2b1
44: B c1b1
winner:B wins
