cgt_vs_cgtdb Data/cgt_mcts_results/cgt_cgtdb_10.txt 10x10 100 runs...
1: B d2d3
2: W f5f6
3: B j10i10
4: W g2f2
5: B e7e8
6: W h5h4
7: B e1d1
8: W c8c7
9: B d8d7
10: W b3a3
11: B j6j5
12: W h9h10
13: B i7i6
14: W b9a9
15: B d4d5
16: W f3f4
17: B j2j3
18: W f9f8
19: B b6c6
20: W h10i10
21: B a5b5
22: W e6d6
23: B f10e10
24: W h7g7
25: B b4c4
26: W j9j8
27: B c6d6
28: W b1a1
29: B c1c2
30: W b7b8
31: B b10c10
32: W i2i1
33: B e3e4
34: W h1h2
35: B g1f1
36: W g6g5
37: B f1f2
38: W g8g9
39: B i9i8
40: W c7d7
41: B e8f8
42: W d7d6
43: B f8f7
44: W i4i5
45: B g3g4
46: W d6d5
47: B g4f4
48: W i5j5
49: B a7a6
50: W d5c5
51: B f2e2
52: W c5c4
53: B f7f6
54: W c4c3
55: B d3c3
56: W d9c9
57: B j4j5
58: W c9c10
59: B d10c10
60: W j8i8
61: B h8i8
62: W h3i3
63: B j3i3
64: W a2b2
65: B c2b2
winner:B wins
1: W c6d6
2: B c3d3
3: W j7j6
4: B a7a6
5: W e8d8
6: B e5f5
7: W b7b8
8: B a9b9
9: W g6f6
10: B g3f3
11: W h5h4
12: B e1f1
13: W h3h2
14: B e7e6
15: W e2d2
16: B i9h9
17: W a2b2
18: B d4e4
19: W h7h6
20: B j8i8
21: W i10h10
22: B c5b5
23: W c2c1
24: B f8g8
25: W d9d10
26: B b4a4
27: W i2i3
28: B b10c10
29: W f9e9
30: B g9g10
31: W i6i5
32: B h9h10
33: W d7c7
34: B a1b1
35: W g4f4
36: B i1h1
37: W j5j4
38: B e4f4
39: W f6f5
40: B e6d6
41: W f5f4
42: B b1c1
43: W f7g7
44: B f2g2
45: W g7g8
46: B j10j9
47: W h2g2
48: B g1g2
49: W g8h8
50: B i8h8
51: W d5d6
52: B j2j1
53: W d10c10
54: B b9b8
55: W c10c9
56: B b8a8
57: W e10f10
58: B g10f10
59: W b3a3
60: B a4a3
61: W f4f3
62: B e3f3
63: W d2d3
64: B c1d1
winner:B wins
