cgt_vs_cgtdb Data/cgt_mcts_results/cgt_cgtdb_10.txt 10x10 100 runs...
1: B j4j5
2: W d3e3
3: B e9e8
4: W g8g7
5: B c3b3
6: W i8h8
7: B f4g4
8: W h5h4
9: B e1f1
10: W c10c9
11: B a9a8
12: W c6c7
13: B b4a4
14: W d5d6
15: B d2e2
16: W f7f6
17: B i3i2
18: W e10d10
19: B i5i6
20: W g2f2
21: B b8c8
22: W e4d4
23: B e2f2
24: W b1c1
25: B b2a2
26: W g10g9
27: B h2h1
28: W h9h10
29: B g3f3
30: W b5c5
31: B d8d7
32: W e6e5
33: B a7a6
34: W i10j10
35: B i7j7
36: W c7d7
37: B i9j9
38: W j1i1
39: B h1i1
40: W j10j9
41: B e7d7
42: W j9j8
43: B h6h7
44: W e3f3
45: B c8c9
46: W f3f2
47: B b10a10
48: W j8j7
49: B g4h4
50: W j7j6
51: B d7d6
52: W f2f1
53: B h7h8
54: W j3j2
55: B i2j2
56: W b7b6
57: B f10f9
58: W b6a6
59: B a5a6
60: W g9f9
61: B f8f9
62: W j6j5
63: B g1f1
64: W h3h4
65: B g5g6
66: W b9c9
67: B g6g7
winner:B wins
1: W g8g7
2: B c7c8
3: W i2i3
4: B f4e4
5: W b7a7
6: B i1h1
7: W b3b4
8: B j8i8
9: W a8b8
10: B i5h5
11: W f9g9
12: B j4i4
13: W d9e9
14: B f6g6
15: W g4g3
16: B j6i6
17: W d3d2
18: B f2f3
19: W a10a9
20: B d4d5
21: W f5g5
22: B c9c10
23: W i10h10
24: B f3g3
25: W d7d8
26: B d6e6
27: W c4c5
28: B e1e2
29: W b5b6
30: B c1c2
31: W f7e7
32: B g6g5
33: W j1j2
34: B g3h3
35: W a2a1
36: B h2g2
37: W b8c8
38: B d5c5
39: W a4a5
40: B c5c6
41: W j7i7
42: B c6b6
43: W i3i4
44: B f10e10
45: W h7h8
46: B e10e9
47: W i7i6
48: B c2d2
49: W i4h4
50: B b2b1
51: W i6h6
52: B h3h4
53: W d1d2
54: B e6e7
55: W j9i9
56: B b1a1
57: W d2e2
58: B b6a6
59: W e2e3
60: B a6a5
61: W e3e4
62: B e5e4
63: W h6h5
64: B i8i9
65: W h5g5
66: B e9e8
67: W f1g1
68: B i9h9
69: W g1h1
70: B h9h8
71: W b9b10
72: B c10b10
73: W d8e8
74: B f8e8
winner:B wins
