cgt_vs_cgtdb Data/cgt_mcts_results/cgt_cgtdb_10.txt 10x10 100 runs...
1: B a7b7
2: W c2d2
3: B e7e6
4: W g4g5
5: B h6h5
6: W j7i7
7: B b6c6
8: W g10g9
9: B i5i4
10: W h9h8
11: B j4j3
12: W f3f4
13: B g7h7
14: W a2b2
15: B a5a4
16: W c4c5
17: B f6f5
18: W h1h2
19: B f8e8
20: W b9b10
21: B f5g5
22: W h3i3
23: B j3i3
24: W c10c9
25: B b8c8
26: W a8a9
27: B i1i2
28: W d7c7
29: B g3g2
30: W h2i2
31: B h7h8
32: W b1c1
33: B d4d5
34: W j9j10
35: B d5c5
36: W e4e3
37: B c3d3
38: W e10f10
39: B b4b3
40: W i8i9
41: B d10d9
42: W f1g1
43: B j2i2
44: W c7c6
45: B c5c6
46: W g6g5
47: B b3b2
48: W g5h5
49: B h10i10
50: W h5h4
51: B i10j10
52: W h4i4
53: B i3i4
54: W e2f2
55: B g2f2
56: W e3d3
57: B e1d1
58: W c1d1
59: B j6j5
60: W c9c8
61: B e9f9
62: W c8d8
63: B f9g9
64: W g8g9
65: B e8d8
winner:B wins
1: W b3c3
2: B j6i6
3: W e6e5
4: B f8f9
5: W b9c9
6: B h2i2
7: W b5c5
8: B g1f1
9: W d7c7
10: B h8g8
11: W f3e3
12: B f2e2
13: W h5h4
14: B i7h7
15: W e8e9
16: B d10d9
17: W f5f4
18: B a9a8
19: W b7b6
20: B f10g10
21: W i4j4
22: B i1j1
23: W a6a5
24: B f6g6
25: W d3d2
26: B e2d2
27: W a2a3
28: B j8j9
29: W c4d4
30: B i3j3
31: W e9d9
32: B b4a4
33: W h9h10
34: B e7f7
35: W g4g3
36: B d8c8
37: W h10g10
38: B c8c9
39: W a10b10
40: B a4a3
41: W j4j3
42: B j2j3
43: W j5i5
44: B g9g10
45: W i5i6
46: B h6i6
47: W i8i9
48: B d6c6
49: W b6c6
50: B c9d9
51: W i10j10
52: B j9i9
53: W b1a1
54: B b2c2
55: W c3c2
56: B c1c2
57: W d1e1
58: B f1e1
winner:B wins
