cgt_vs_cgtdb Data/cgt_mcts_results/cgt_cgtdb_10.txt 10x10 100 runs...
1: B e5f5
2: W e2e3
3: B f6g6
4: W e8e9
5: B j6j5
6: W b7b8
7: B b6b5
8: W i10j10
9: B d4e4
10: W c2b2
11: B d6d5
12: W a4a3
13: B j2i2
14: W c8c9
15: B i3i4
16: W g4g3
17: B i7h7
18: W c4c3
19: B h6h5
20: W h9h8
21: B i1h1
22: W a10a9
23: B e7f7
24: W h3h4
25: B c7c6
26: W f9f10
27: B a7a8
28: W b1c1
29: B a1a2
30: W c10d10
31: B f2f1
32: W g2h2
33: B e4e3
34: W j9j8
35: B i9i8
36: W g8g7
37: B f7g7
38: W h8i8
39: B d2d1
40: W d7d8
41: B e3f3
42: W i6i5
43: B i4i5
44: W h4h5
45: B i2h2
46: W h5g5
47: B g6g5
48: W j3j4
49: B a8a9
50: W j4j5
51: B b10b9
52: W b8b9
53: B a9b9
54: W j5i5
55: B b9c9
56: W g3f3
57: B f4f3
58: W c1d1
59: B h10g10
60: W d1e1
61: B c9d9
62: W e1f1
63: B d9d8
64: W f1g1
65: B h1g1
66: W f10g10
67: B g9g10
68: W a6a5
69: B a2b2
70: W a5b5
71: B b2b3
72: W b5c5
73: B b3c3
74: W c5d5
75: B c3d3
winner:B wins
1: W g6h6
2: B h8i8
3: W i2i3
4: B c5c6
5: W d9d8
6: B i1h1
7: W i4i5
8: B g9g10
9: W e8e7
10: B d2d3
11: W h3g3
12: B i7j7
13: W e2e1
14: B a3b3
15: W b9b10
16: B c1c2
17: W b7c7
18: B i9j9
19: W e10f10
20: B h10h9
21: W d5d4
22: B e3f3
23: W j3j4
24: B g7f7
25: W g2h2
26: B g5f5
27: W g8f8
28: B h4g4
29: W e4e5
30: B j6j5
31: W a6a5
32: B f7e7
33: W c4b4
34: B b3b4
35: W a8b8
36: B d10c10
37: W e6e7
38: B g10f10
39: W i10j10
40: B b2b1
41: W j1j2
42: B b6b5
43: W d4d3
44: B g4g3
45: W j10j9
46: B a1a2
47: W j9j8
48: B i8j8
49: W d3c3
50: B c2c3
51: W f9e9
52: B j5j4
53: W c8c9
54: B c10c9
55: W e5f5
56: B a9a10
57: W b10a10
58: B f4f5
59: W d7d6
60: B c6c7
61: W a5b5
62: B b4b5
63: W h2h1
64: B g1f1
65: W e1f1
66: B f2f1
winner:B wins
