cgt_vs_cgtdb Data/cgt_mcts_results/cgt_cgtdb_10.txt 10x10 100 runs...
1: B h8i8
2: W i4i5
3: B b6b5
4: W d3d2
5: B c5d5
6: W e6f6
7: B e1f1
8: W f7g7
9: B e3e4
10: W d7c7
11: B f2f3
12: W b9c9
13: B g5g6
14: W d9d8
15: B g6g7
16: W g10h10
17: B a7b7
18: W f9f10
19: B a5a4
20: W g2g1
21: B f8g8
22: W i2i1
23: B j2j3
24: W c2c1
25: B h6h7
26: W a10a9
27: B h4h3
28: W g4g3
29: B f3g3
30: W j5j6
31: B b8c8
32: W c9c8
33: B e7e8
34: W b3b2
35: B c3c4
36: W a2a1
37: B e5f5
38: W i10i9
39: B f1g1
40: W c6d6
41: B b7c7
42: W d6d5
43: B e9e10
44: W d5d4
45: B e10f10
46: W d4c4
47: B d10c10
48: W c4b4
49: B b5b4
50: W f6f5
51: B f4f5
52: W h1h2
53: B j10j9
54: W h2h3
55: B i3h3
56: W c8c7
57: B e8d8
58: W j7j8
59: B j9j8
60: W i9i8
61: B i7i8
62: W h9g9
63: B g8g9
winner:B wins
1: W e4e5
2: B a5b5
3: W d7c7
4: B b10c10
5: W b3b2
6: B a9b9
7: W i8i9
8: B e3f3
9: W d9d10
10: B a7a6
11: W i4h4
12: B g9g8
13: W b1c1
14: B g7g6
15: W g4f4
16: B i1i2
17: W c4d4
18: B j2j3
19: W h7h6
20: B f10f9
21: W c8b8
22: B h10h9
23: W e8f8
24: B f2g2
25: W h1h2
26: B j6j5
27: W e6d6
28: B e1f1
29: W c2d2
30: B e7f7
31: W f8f9
32: B e9e10
33: W a4a3
34: B e10d10
35: W h6g6
36: B c3d3
37: W f5g5
38: B a1a2
39: W c6c5
40: B j10j9
41: W i9h9
42: B i7i6
43: W b8b9
44: B f6g6
45: W h9h8
46: B g6g5
47: W h2g2
48: B d3d4
49: W b9c9
50: B g5h5
51: W j7j8
52: B g1g2
53: W h3i3
54: B d4d5
55: W h4h5
56: B d5c5
57: W f4f3
58: B i2i3
59: W h5i5
60: B c10c9
61: W f3g3
62: B j9j8
63: W h8g8
64: B g2g3
65: W i5j5
66: B a2a3
67: W j5j4
68: B j3j4
69: W b7b6
70: B b5b6
winner:B wins
