cgt_vs_cgtdb Data/cgt_mcts_results/cgt_cgtdb_10.txt 10x10 100 runs...
1: B h4h5
2: W d9d8
3: B c3c2
4: W i6i7
5: B a3b3
6: W e2e3
7: B i1i2
8: W e6e7
9: B h2h3
10: W f5f4
11: B d6d7
12: W a8b8
13: B b2b1
14: W j3j4
15: B e1d1
16: W f7f8
17: B d4d3
18: W f9e9
19: B f6g6
20: W b5a5
21: B d7d8
22: W b7a7
23: B g3g4
24: W h9h8
25: B b4c4
26: W j7j8
27: B b6c6
28: W g10g9
29: B f2f3
30: W i10i9
31: B f3f4
32: W j1j2
33: B j10j9
34: W c10b10
35: B j6j5
36: W c8d8
37: B g7g8
38: W a2a1
39: B c9b9
40: W j8j9
41: B b9b10
42: W a1b1
43: B g8h8
44: W h7h6
45: B h8i8
46: W d5c5
47: B j5j4
48: W e3d3
49: B j4i4
50: W h6h5
51: B i8i7
52: W h5g5
53: B c4c5
54: W b1c1
55: B b10a10
56: W j2i2
57: B i3i2
58: W c1c2
59: B g1h1
60: W c2d2
61: B d1d2
62: W e10f10
63: B d2d3
64: W e4f4
65: B g6g5
66: W f4g4
67: B g5g4
winner:B wins
1: W c2d2
2: B g7f7
3: W d7c7
4: B j2i2
5: W c6c5
6: B j8j7
7: W f5e5
8: B i1h1
9: W c8b8
10: B g9h9
11: W b3b4
12: B b2b1
13: W f3g3
14: B j4j5
15: W g2g1
16: B i9i10
17: W d1e1
18: B a3a4
19: W g4g5
20: B f10g10
21: W b9b10
22: B e9e8
23: W a6a7
24: B d10d9
25: W e2e3
26: B a9a10
27: W e6e7
28: B b6b5
29: W h3h4
30: B i3i4
31: W e4d4
32: B i7i6
33: W b4b5
34: B f8g8
35: W e7e8
36: B d6d5
37: W c4c3
38: B d5c5
39: W g1h1
40: B h8h7
41: W j9j10
42: B h2h1
43: W g6f6
44: B f7f6
45: W a2a1
46: B b1a1
47: W j10i10
48: B c5b5
49: W i10h10
50: B f2f1
51: W e1f1
52: B g10h10
53: W e8d8
54: B d9d8
55: W b10a10
56: B c9c10
57: W h5h6
58: B i6h6
59: W h4i4
60: B i5i4
winner:B wins
