cgt_vs_cgtdb Data/cgt_mcts_results/cgt_cgtdb_10.txt 10x10 100 runs...
1: B h10g10
2: W g2f2
3: B f4f3
4: W e6e5
5: B j2j3
6: W c6d6
7: B e3e4
8: W h7i7
9: B i5i6
10: W d3d2
11: B e1d1
12: W h3h4
13: B j10j9
14: W f7g7
15: B i1h1
16: W c8c9
17: B a3a4
18: W a6b6
19: B i9h9
20: W b1b2
21: B c3b3
22: W g4g5
23: B i6i7
24: W g8f8
25: B j4i4
26: W a8a9
27: B i7j7
28: W e10d10
29: B c5c4
30: W g6h6
31: B f6f5
32: W d7d8
33: B f5e5
34: W c10b10
35: B e9d9
36: W d5d4
37: B d9d8
38: W b2b3
39: B h8i8
40: W e8d8
41: B g1f1
42: W i2h2
43: B f1f2
44: W e2f2
45: B g9f9
46: W j5j6
47: B h1h2
48: W f8f9
49: B f10f9
50: W f2f3
51: B g3f3
52: W j6j7
53: B j8j7
54: W d4e4
55: B b8b7
56: W b6b7
57: B e5e4
58: W b5b4
59: B c4b4
60: W b3b4
61: B a4b4
62: W a2a1
63: B c7b7
64: W h4i4
65: B i3i4
66: W c2c1
67: B d1c1
winner:B wins
1: W b3c3
2: B b8c8
3: W f7e7
4: B d10d9
5: W g8f8
6: B a9b9
7: W g2h2
8: B f10g10
9: W d3d2
10: B f4f5
11: W c4d4
12: B h8h9
13: W j3i3
14: B i1i2
15: W h5g5
16: B d6c6
17: W g6h6
18: B e9f9
19: W b5a5
20: B g3h3
21: W i10i9
22: B a7b7
23: W a2a1
24: B h4i4
25: W c2b2
26: B g7h7
27: W i3i2
28: B d8d7
29: W i6i5
30: B e5d5
31: W d1e1
32: B e3e2
33: W j5j6
34: B g1h1
35: W i8j8
36: B h9i9
37: W a4b4
38: B f5g5
39: W i5i4
40: B c9c10
41: W a10b10
42: B g5g4
43: W i4j4
44: B j10j9
45: W j7i7
46: B h7i7
47: W b10b9
48: B c1b1
49: W j8j9
50: B b1a1
51: W j9i9
52: B d5d4
53: W e4d4
54: B f9f8
55: W e8f8
56: B b6a6
57: W a5a6
58: B f6e6
59: W e7e6
60: B h3h2
61: W j1j2
62: B h2i2
63: W j2i2
64: B e2e1
65: W f1f2
winner:W wins
