cgt_vs_cgtdb Data/cgt_mcts_results/cgt_cgtdb_10.txt 10x10 100 runs...
1: B j6j7
2: W b3a3
3: B b4a4
4: W c4d4
5: B i3h3
6: W c6b6
7: B j2j1
8: W h5i5
9: B c1d1
10: W f7f6
11: B j4i4
12: W f9g9
13: B a4a3
14: W f1f2
15: B b2a2
16: W d7d6
17: B e7e6
18: W i10i9
19: B e5f5
20: W h9h8
21: B g5g4
22: W f6f5
23: B f4e4
24: W a8a7
25: B h6i6
26: W j9j8
27: B i6i5
28: W c10b10
29: B e9e10
30: W c8b8
31: B d8d9
32: W g8g7
33: B h10g10
34: W b5c5
35: B e6d6
36: W f3e3
37: B g1g2
38: W i2i1
39: B a5a6
40: W d3c3
41: B e4d4
42: W f2g2
43: B d2e2
44: W g2h2
45: B h3h2
46: W b1a1
47: B a9b9
48: W b8b9
49: B a6b6
50: W e3e2
51: B i7h7
52: W g9g10
53: B h7h8
54: W j5i5
55: B j7j8
56: W e2e1
57: B i4i5
58: W g10f10
59: B c9b9
60: W f10e10
61: B f8e8
62: W e10d10
63: B d9d10
64: W i8h8
65: B d1e1
66: W d5d4
67: B c7b7
68: W a7b7
69: B b6b7
70: W a1a2
71: B b9b10
72: W a10b10
73: B a3a2
74: W h1h2
75: B j1i1
winner:B wins
1: W h9i9
2: B j6i6
3: W e8d8
4: B f6e6
5: W c6b6
6: B f10f9
7: W b9b10
8: B a3a4
9: W e4e3
10: B g5f5
11: W d3c3
12: B d6d5
13: W a2a1
14: B d2d1
15: W g4g3
16: B f2e2
17: W g6g7
18: B b4b5
19: W c8c9
20: B c5c4
21: W f3f4
22: B e9d9
23: W h5h4
24: B j8i8
25: W b7b8
26: B g1f1
27: W a8a9
28: B d9d8
29: W h7h8
30: B i8h8
31: W d7e7
32: B e6e7
33: W i10h10
34: B h2h3
35: W i2i3
36: B h3i3
37: W b1b2
38: B j2j3
39: W g8f8
40: B i5j5
41: W f4f5
42: B a7a6
43: W e3e2
44: B e5f5
45: W e2e1
46: B b5b6
47: W j7i7
48: B i1j1
49: W i4j4
50: B j5j4
51: W i7i6
52: B h6i6
53: W j9j10
54: B d10c10
55: W c3c4
56: B c1c2
57: W e1f1
58: B c10c9
59: W b2c2
60: B d4c4
61: W g10g9
62: B e7f7
63: W g9f9
64: B f7g7
winner:B wins
