cgt_vs_cgtdb Data/cgt_mcts_results/cgt_cgtdb_10.txt 10x10 100 runs...
1: B i5i6
2: W b7c7
3: B e3f3
4: W h3h4
5: B e7e6
6: W d5d4
7: B c1c2
8: W i8j8
9: B h8h7
10: W f1f2
11: B e5f5
12: W i2j2
13: B d8d7
14: W b5b4
15: B b8a8
16: W f9f8
17: B e9d9
18: W g6h6
19: B f4g4
20: W a2a3
21: B g7f7
22: W h9i9
23: B h7h6
24: W i4j4
25: B b6a6
26: W b1b2
27: B j6j7
28: W h1g1
29: B d2e2
30: W h4g4
31: B c5c6
32: W b9a9
33: B c9c10
34: W b3c3
35: B i3j3
36: W c7d7
37: B j3j2
38: W g10g9
39: B g5h5
40: W f2e2
41: B h10i10
42: W d7d6
43: B f10e10
44: W j8j7
45: B i1j1
46: W j7i7
47: B i6i7
48: W g4g3
49: B f3g3
50: W g2g3
51: B e1e2
52: W d6e6
53: B c2b2
54: W e6f6
55: B f5f6
56: W j9j10
57: B i10i9
58: W f8f7
59: B f6f7
60: W a9a8
61: B a7a8
62: W a10b10
63: B c10b10
64: W a4a5
65: B a6a5
winner:B wins
1: W i6i5
2: B d6d5
3: W h7h6
4: B b8a8
5: W f3f2
6: B h4g4
7: W g8f8
8: B a5b5
9: W c2c1
10: B d2d3
11: W d7c7
12: B e7e6
13: W i8i9
14: B e9e10
15: W j7j6
16: B i3h3
17: W i10h10
18: B d8d9
19: W f5g5
20: B j2i2
21: W g2g1
22: B c9c10
23: W j9j8
24: B f4e4
25: W a2b2
26: B i1h1
27: W b3b4
28: B e1e2
29: W h9g9
30: B b6c6
31: W c4c5
32: B c6c5
33: W i4j4
34: B a7a6
35: W g10f10
36: B g7f7
37: W b9a9
38: B f7f8
39: W a10b10
40: B a1b1
41: W g1h1
42: B e10f10
43: W g5g4
44: B f8f9
45: W b10c10
46: B f9g9
47: W g4g3
48: B a8a9
49: W g6f6
50: B h3g3
51: W b4b5
52: B e2f2
53: W b5c5
54: B d10c10
55: W c5d5
56: B d4d5
57: W f6e6
58: B h2h1
59: W f1f2
60: B a3a4
61: W e6e5
62: B b1c1
63: W e5e4
64: B c1d1
65: W e4e3
66: B d3e3
winner:B wins
