cgt_vs_cgtdb Data/cgt_mcts_results/cgt_cgtdb_10.txt 10x10 100 runs...
1: B g5h5
2: W b5b6
3: B d4c4
4: W f9g9
5: B j10j9
6: W c2b2
7: B j6i6
8: W c8b8
9: B e3d3
10: W h1h2
11: B j8i8
12: W e8e9
13: B i9h9
14: W e6e7
15: B a3a4
16: W g10f10
17: B a9a8
18: W g2g1
19: B f4g4
20: W d5e5
21: B f6g6
22: W i4j4
23: B j2j3
24: W c6d6
25: B c1d1
26: W f1f2
27: B i1i2
28: W d9d10
29: B g3h3
30: W f7f8
31: B c3b3
32: W e2d2
33: B a1a2
34: W h7g7
35: B a2b2
36: W h2h3
37: B h9g9
38: W b9b10
39: B c9c10
40: W g7g6
41: B h10i10
42: W j7i7
43: B i6i7
44: W h3h4
45: B d3d2
46: W g6h6
47: B g9g8
48: W f8g8
49: B h5h4
50: W g8h8
51: B i8h8
52: W b1b2
53: B c10d10
54: W b2b3
55: B d10e10
56: W b3b4
57: B a7a6
58: W b8a8
59: B e10f10
60: W b4c4
61: B d8d7
62: W d6d7
63: B c7b7
64: W b6a6
65: B c5c4
66: W a6a5
67: B a4a5
68: W j4j3
69: B i5j5
70: W j3i3
71: B i2i3
winner:B wins
1: W f7f6
2: B f8e8
3: W e2d2
4: B b4c4
5: W h5i5
6: B e3e4
7: W d5d6
8: B h4g4
9: W g2h2
10: B i3h3
11: W d9d10
12: B c5c6
13: W h7h6
14: B i1h1
15: W a10b10
16: B j4j5
17: W i10i9
18: B h8g8
19: W b7b8
20: B a9b9
21: W i6j6
22: B b9b8
23: W c2b2
24: B g5f5
25: W b1a1
26: B b8c8
27: W d1e1
28: B c3d3
29: W f3f2
30: B a3a4
31: W d7e7
32: B j5j6
33: W i8j8
34: B a7a6
35: W c10c9
36: B f10g10
37: W h9g9
38: B e9f9
39: W g9g8
40: B j10j9
41: W b5b6
42: B c6d6
43: W j1j2
44: B e8e7
45: W b6a6
46: B e7e6
47: W d2d3
48: B e6f6
49: W c9c8
50: B g7g6
51: W d3d4
52: B c4d4
53: W f1g1
54: B g6h6
55: W a6a5
56: B a4a5
57: W h2h1
58: B c7c8
59: W j7j6
60: B j9i9
winner:B wins
