cgt_vs_cgtdb Data/cgt_mcts_results/cgt_cgtdb_10.txt 10x10 100 runs...
1: B i7i6
2: W c4d4
3: B b6a6
4: W e8e7
5: B i3i2
6: W g8h8
7: B j8j9
8: W i10i9
9: B c3d3
10: W b9c9
11: B d6e6
12: W g6g5
13: B e5f5
14: W g4h4
15: B f4e4
16: W b1c1
17: B j6j5
18: W a8b8
19: B c5b5
20: W h9g9
21: B j9i9
22: W h1h2
23: B e1e2
24: W d7d8
25: B f2f3
26: W i4j4
27: B b2c2
28: W f9f8
29: B a3a4
30: W d4e4
31: B g7h7
32: W i8i9
33: B f5g5
34: W j1i1
35: B i2h2
36: W g10f10
37: B g1g2
38: W b7c7
39: B d10c10
40: W h5i5
41: B a1a2
42: W b3b4
43: B a4b4
44: W c1c2
45: B d2d1
46: W h3g3
47: B g2g3
48: W e4e3
49: B d3e3
50: W i5j5
51: B c10c9
52: W e10e9
53: B c9d9
54: W a10a9
55: B d9e9
56: W h8h7
57: B j2j3
58: W h7h6
59: B j3j4
60: W j5j4
61: B i6h6
62: W e7e6
63: B f6e6
winner:B wins
1: W d7d6
2: B c5c6
3: W i4i5
4: B b4c4
5: W f9f8
6: B j6i6
7: W e4f4
8: B g5h5
9: W e6e5
10: B a9b9
11: W i2h2
12: B j8i8
13: W b7b8
14: B a7a6
15: W e2e1
16: B b9b8
17: W j9i9
18: B i7h7
19: W c8c9
20: B g7g6
21: W c10b10
22: B a3b3
23: W g10g9
24: B h4g4
25: W g2f2
26: B b2c2
27: W d3c3
28: B j4j3
29: W f1g1
30: B b3c3
31: W e8e7
32: B c1d1
33: W e10f10
34: B f6f5
35: W j1j2
36: B f5f4
37: W f3g3
38: B h8g8
39: W e1d1
40: B g8g9
41: W a4a5
42: B c6d6
43: W i5i6
44: B d6d5
45: W e5d5
46: B h6i6
47: W d1d2
48: B c2d2
49: W d5d4
50: B c4d4
51: W a8b8
52: B a1b1
53: W i10j10
54: B d10d9
55: W c9d9
56: B e9d9
57: W h9h10
58: B i8i9
59: W a5a6
60: B b6a6
61: W j2j3
62: B i1h1
63: W g3g4
64: B f4g4
65: W j3i3
66: B h1g1
winner:B wins
