cgt_vs_cgtdb Data/cgt_mcts_results/cgt_cgtdb_10.txt 10x10 100 runs...
1: B b6c6
2: W e2e3
3: B h10i10
4: W e4e5
5: B c3b3
6: W h5h6
7: B e7e6
8: W g2g3
9: B g1h1
10: W f7f6
11: B a5a4
12: W d9d8
13: B a7a8
14: W h7g7
15: B j2i2
16: W d7c7
17: B e1d1
18: W i4h4
19: B f2f3
20: W c8b8
21: B d6d5
22: W b1b2
23: B b10c10
24: W j7j6
25: B a9b9
26: W h9g9
27: B a8b8
28: W i8h8
29: B f10e10
30: W e8f8
31: B f3g3
32: W c4d4
33: B d5d4
34: W c2d2
35: B i3h3
36: W j5i5
37: B i7i6
38: W e5e6
39: B f4g4
40: W h4h3
41: B g5g6
42: W b5b4
43: B b3b4
44: W j1i1
45: B g3h3
46: W i5i6
47: B a1a2
48: W b2a2
49: B g6f6
50: W a2a3
51: B a4a3
52: W i1i2
53: B j4j3
54: W i2h2
55: B f6f5
56: W j9i9
57: B h1h2
58: W i9i10
59: B j10i10
60: W b7b8
61: B b9b8
62: W c7c6
63: B c5c6
64: W f9e9
65: B e10e9
66: W d2d1
67: B d4d3
68: W d1c1
69: B d3e3
winner:B wins
1: W d5d4
2: B i5h5
3: W i2j2
4: B g7g6
5: W f5f6
6: B j4j3
7: W c2b2
8: B d8d9
9: W b3a3
10: B d2e2
11: W g2g3
12: B h2h3
13: W a6b6
14: B e1f1
15: W g10f10
16: B f8e8
17: W i6i7
18: B e7d7
19: W a8b8
20: B j6j7
21: W f3f2
22: B b10c10
23: W e4e5
24: B c1b1
25: W i4i3
26: B d6c6
27: W d3c3
28: B c7c8
29: W c4c5
30: B f4g4
31: W h9i9
32: B a9b9
33: W b6c6
34: B h8h7
35: W i3h3
36: B j8j9
37: W a4b4
38: B a5b5
39: W i10j10
40: B b9b8
41: W f9e9
42: B g9g8
43: W e9d9
44: B d10e10
45: W d9c9
46: B e10f10
47: W f6g6
48: B h6g6
49: W i7j7
50: B j9i9
51: W i8i9
52: B b5b4
53: W b7b8
54: B c8c9
55: W h3h4
56: B g4g3
57: W h4h5
58: B g5h5
59: W f2e2
60: B i1j1
61: W h1g1
62: B e3e2
63: W g1f1
64: B j3j2
65: W b2b1
66: B a1b1
winner:B wins
