cgt_vs_cgtdb Data/cgt_mcts_results/cgt_cgtdb_10.txt 10x10 100 runs...
1: B b6b7
2: W f3f2
3: B h8h7
4: W c4d4
5: B f8e8
6: W h9i9
7: B g7g6
8: W e2e1
9: B h4h5
10: W c10d10
11: B e7d7
12: W j7j8
13: B i5i6
14: W j5j4
15: B b8c8
16: W c2b2
17: B a9b9
18: W j1i1
19: B c5c6
20: W f9g9
21: B g3g4
22: W a8a7
23: B g1f1
24: W e6e5
25: B f1e1
26: W g10f10
27: B a5a4
28: W i2i3
29: B h10i10
30: W b3b4
31: B j2j3
32: W f5f6
33: B e1d1
34: W e4e3
35: B a1b1
36: W d9e9
37: B h2h3
38: W b2b1
39: B h3i3
40: W a10b10
41: B c3d3
42: W d4d3
43: B c1b1
44: W b10b9
45: B a4b4
46: W a7b7
47: B c7b7
48: W d5d6
49: B d7d6
50: W b9c9
51: B b4b5
52: W c9c8
53: B a3a2
54: W c8d8
55: B e8d8
56: W i9i10
57: B j10i10
58: W i8i7
59: B i6i7
60: W f6g6
61: B g5g6
62: W i4i3
63: B j3i3
64: W d3d2
65: B d1d2
winner:B wins
1: W c10c9
2: B c1d1
3: W e6e7
4: B a5a4
5: W i6i7
6: B j4j3
7: W d5d6
8: B b6b5
9: W d3c3
10: B b2b3
11: W g6g5
12: B i1i2
13: W i8h8
14: B i5i4
15: W f1g1
16: B h2h3
17: W a8b8
18: B f4e4
19: W i10j10
20: B a9b9
21: W g8g7
22: B c7d7
23: W j9i9
24: B d7e7
25: W j5j6
26: B d8d9
27: W f7f8
28: B c5c4
29: W e2f2
30: B f10e10
31: W c3c4
32: B g9f9
33: W a2a1
34: B j8j7
35: W h5h4
36: B h3h4
37: W a6a7
38: B h6h7
39: W f3g3
40: B h7g7
41: W g10h10
42: B b4c4
43: W j1j2
44: B j3j2
45: W c2d2
46: B d1d2
47: W e8e7
48: B b9c9
49: W c8c9
50: B b10a10
51: W c9d9
52: B f9f8
53: W d9d10
54: B e10d10
55: W g4h4
56: B i4h4
57: W f5e5
58: B j7j6
59: W e5e4
60: B e3e4
winner:B wins
