cgt_vs_cgtdb Data/cgt_mcts_results/cgt_cgtdb_10.txt 10x10 100 runs...
1: B d6e6
2: W e4d4
3: B i7i8
4: W g8f8
5: B c9c8
6: W d3d2
7: B f2f1
8: W b3b2
9: B g5f5
10: W c10b10
11: B e9d9
12: W g4h4
13: B h10h9
14: W i6i5
15: B i9j9
16: W b7b8
17: B f10f9
18: W i2h2
19: B f9f8
20: W d7c7
21: B c8b8
22: W g6h6
23: B j6j7
24: W e8d8
25: B f8f7
26: W a6a5
27: B j4i4
28: W d1e1
29: B g3f3
30: W a4b4
31: B i3h3
32: W a8a9
33: B c5d5
34: W b1a1
35: B b8b9
36: W a2a3
37: B i1h1
38: W c2c3
39: B h3h2
40: W j3j2
41: B i4i5
42: W e1f1
43: B b6b5
44: W g2g1
45: B b9a9
46: W i10j10
47: B a9a10
48: W d4d5
49: B e5d5
50: W j10j9
51: B j8j9
52: W h7g7
53: B i5j5
54: W g7f7
55: B f6f7
56: W g10g9
57: B h9g9
58: W a5b5
59: B a10b10
60: W e10d10
61: B d9d10
62: W e2e3
63: B f3e3
64: W g1h1
65: B h2h1
winner:B wins
1: W g6f6
2: B j4j3
3: W e10e9
4: B c5c6
5: W g4g5
6: B j6j5
7: W c8b8
8: B i7h7
9: W b5a5
10: B f8g8
11: W d9d10
12: B d6d7
13: W e4e3
14: B a7a6
15: W g2h2
16: B j8i8
17: W e2e1
18: B a9b9
19: W i6h6
20: B e5e6
21: W g10f10
22: B e6f6
23: W c10b10
24: B b9b8
25: W c4c3
26: B h10h9
27: W b1b2
28: B i1i2
29: W f7e7
30: B c7b7
31: W d3d4
32: B g3h3
33: W f3f2
34: B h4i4
35: W b3a3
36: B a6a5
37: W d1c1
38: B d2c2
39: W a4b4
40: B c2b2
41: W f1g1
42: B j10i10
43: W j9i9
44: B h9i9
45: W h6h7
46: B g7h7
47: W a8b8
48: B j2j1
49: W b8b7
50: B h3h2
51: W b7b6
52: B c6b6
53: W a2b2
54: B i5h5
55: W f9g9
56: B g8g9
57: W e7d7
58: B d8d7
59: W f5f6
60: B h5g5
61: W h1h2
62: B i2h2
winner:B wins
