cgt_vs_cgtdb Data/cgt_mcts_results/cgt_cgtdb_10.txt 10x10 100 runs...
1: B d6e6
2: W h7i7
3: B i5h5
4: W i2j2
5: B g9g10
6: W b1a1
7: B d10e10
8: W e4f4
9: B d4c4
10: W b7b6
11: B a9a8
12: W e2f2
13: B h6g6
14: W i4i3
15: B b10b9
16: W i10i9
17: B j6j5
18: W h1g1
19: B i1j1
20: W h3h4
21: B e5f5
22: W b3b2
23: B a5a6
24: W e8e7
25: B d8c8
26: W j3j4
27: B e9f9
28: W g4g3
29: B j8i8
30: W d1c1
31: B h8g8
32: W f7f8
33: B f5f4
34: W a4b4
35: B e1f1
36: W d5c5
37: B c4c5
38: W f3e3
39: B a3a2
40: W c6c7
41: B f9f8
42: W c2c3
43: B d2d3
44: W i7i8
45: B c5b5
46: W b4b5
47: B h2g2
48: W c10c9
49: B g2g3
50: W b6a6
51: B c8c9
52: W d9c9
53: B h5h4
54: W c9b9
55: B j5j4
56: W e3d3
57: B j1j2
58: W f2f1
59: B a2a1
60: W b9b8
61: B j10j9
62: W h9h10
63: B j9i9
64: W h10g10
65: B i9i8
66: W g10f10
67: B e10f10
68: W b8a8
69: B a7a6
70: W e7e6
71: B f6e6
winner:B wins
1: W e2f2
2: B c3c4
3: W j9i9
4: B a5b5
5: W d7c7
6: B j8j7
7: W j3i3
8: B b6c6
9: W e8f8
10: B f10e10
11: W g2h2
12: B e3e4
13: W h9h8
14: B h4g4
15: W f5f4
16: B d4d5
17: W d9c9
18: B d6e6
19: W h7i7
20: B g4f4
21: W j5i5
22: B a7a8
23: W d1c1
24: B a3a2
25: W f7f6
26: B j4i4
27: W c2d2
28: B b10c10
29: W b7b8
30: B i1h1
31: W a4b4
32: B b2b1
33: W h5h6
34: B j7i7
35: W f3g3
36: B g9f9
37: W j1j2
38: B i4i5
39: W b4b5
40: B i7i8
41: W i9i8
42: B h1h2
43: W g6g7
44: B a9b9
45: W c9c10
46: B h10i10
47: W b5c5
48: B d5c5
49: W c1b1
50: B j6i6
51: W b1a1
52: B a2a1
53: W h6i6
54: B i5i6
55: W f6e6
56: B e1f1
57: W f2f1
58: B g1f1
59: W c7c6
60: B e7e6
61: W c6c5
62: B c4c5
63: W c10d10
64: B h2h3
65: W d10e10
66: B h3g3
67: W b8b9
68: B d8c8
69: W e10e9
70: B f9e9
winner:B wins
