cgt_vs_cgtdb Data/cgt_mcts_results/cgt_cgtdb_10.txt 10x10 100 runs...
1: B f4e4
2: W i8i7
3: B h4i4
4: W e6f6
5: B g7g8
6: W e2f2
7: B g5f5
8: W b5b4
9: B a7a8
10: W c8c7
11: B g3g2
12: W e10d10
13: B a3b3
14: W i2i3
15: B e3d3
16: W a10a9
17: B h6h7
18: W h9h8
19: B h2h1
20: W b1c1
21: B d6d5
22: W d1d2
23: B b6c6
24: W b9c9
25: B e1f1
26: W a6a5
27: B c3c4
28: W j1i1
29: B a1a2
30: W d9e9
31: B b3b4
32: W f2g2
33: B b10c10
34: W j7j8
35: B h10i10
36: W j5j4
37: B i4i3
38: W j9j10
39: B h1i1
40: W c7c6
41: B e7f7
42: W c6c5
43: B f7f6
44: W f9g9
45: B d5c5
46: W i7h7
47: B d3d2
48: W c9c10
49: B g8g9
50: W c2b2
51: B i5i6
52: W g6f6
53: B i3j3
54: W j10i10
55: B g1g2
56: W f6f5
57: B e5f5
58: W i10i9
59: B f8e8
60: W j4j3
61: B j2j3
62: W b2a2
63: B f10g10
64: W e9e8
65: B d8e8
66: W b7b8
67: B a8a9
68: W a4b4
69: B c4b4
winner:B wins
1: W g2f2
2: B f10f9
3: W i6j6
4: B e7e6
5: W b9a9
6: B d8e8
7: W e4f4
8: B c7c8
9: W h5h6
10: B g9g8
11: W c2c1
12: B j2j1
13: W b3b2
14: B d10c10
15: W i10i9
16: B e9d9
17: W a6b6
18: B d6d5
19: W h1h2
20: B c3c4
21: W g6f6
22: B d2d3
23: W g4g5
24: B e1e2
25: W i2i1
26: B j10j9
27: W b5c5
28: B d5c5
29: W i4i3
30: B a5a4
31: W h7h8
32: B g7f7
33: W a8b8
34: B c8b8
35: W f3g3
36: B j4j5
37: W i8j8
38: B h4h3
39: W a2a1
40: B j9j8
41: W f6f7
42: B h3h2
43: W f7f8
44: B g8f8
45: W j7j8
46: B h10g10
47: W j6j5
48: B i5j5
49: W f1g1
50: B j1i1
51: W b7b8
52: B e2f2
53: W a10b10
54: B c10b10
55: W f5e5
56: B e6e5
57: W c6c5
58: B c4c5
winner:B wins
