cgt_vs_cgtdb Data/cgt_mcts_results/cgt_cgtdb_10.txt 10x10 100 runs...
1: B a3a4
2: W g2g3
3: B a9a10
4: W c2c1
5: B f8f9
6: W a6b6
7: B f6f7
8: W f5e5
9: B i5i4
10: W c6d6
11: B d8e8
12: W e2e3
13: B f10e10
14: W i8i9
15: B c5c4
16: W h5g5
17: B b2b3
18: W i2i1
19: B c7d7
20: W h9h10
21: B j4j3
22: W g8h8
23: B d4e4
24: W c8b8
25: B j6i6
26: W i10j10
27: B e4e5
28: W h1h2
29: B e5e6
30: W d3c3
31: B j8j7
32: W h7g7
33: B d10d9
34: W h3h4
35: B a7b7
36: W b9b10
37: B i4h4
38: W d6d7
39: B f2f1
40: W c3c4
41: B b7b6
42: W f3f4
43: B h4g4
44: W c10c9
45: B d9c9
46: W d7e7
47: B a1b1
48: W c4b4
49: B a10b10
50: W e7e8
51: B g4g5
52: W e8e9
53: B g9g10
54: W e9e10
55: B g10h10
56: W g6h6
57: B f7g7
58: W h6i6
59: B i7i6
60: W b4a4
61: B b6b5
62: W a4a5
63: B b5a5
64: W j1j2
65: B j3j2
66: W d1e1
67: B b1c1
68: W e1f1
69: B g1f1
winner:B wins
1: W h5h4
2: B c9d9
3: W e4e3
4: B b6b5
5: W b3c3
6: B f2g2
7: W d7d6
8: B f8e8
9: W c8b8
10: B c1c2
11: W f5f6
12: B f4g4
13: W g8g9
14: B c2c3
15: W a10a9
16: B a5a4
17: W j7j6
18: B a1a2
19: W i6i7
20: B d4c4
21: W e2e1
22: B g1h1
23: W j3i3
24: B d2d3
25: W c10b10
26: B c7c6
27: W i8j8
28: B j2i2
29: W e10e9
30: B i2i3
31: W h7g7
32: B e7f7
33: W d5e5
34: B f7f6
35: W e9d9
36: B f10g10
37: W h3h2
38: B g4h4
39: W h9i9
40: B i3i4
41: W j5j4
42: B g2h2
43: W g6f6
44: B a7a6
45: W j1i1
46: B g10g9
47: W j4i4
48: B d10d9
49: W b1b2
50: B h1i1
51: W b2a2
52: B g9f9
53: W e3d3
54: B g3f3
55: W d3c3
56: B c4c3
57: W a2a3
58: B a4a3
59: W j9j10
60: B h10i10
61: W j10i10
62: B h4i4
63: W d6c6
64: B c5c6
winner:B wins
