cgt_vs_cgtdb Data/cgt_mcts_results/cgt_cgtdb_10.txt 10x10 100 runs...
1: B a1a2
2: W e6f6
3: B i5i6
4: W d5d4
5: B j2j3
6: W b7c7
7: B f10f9
8: W g8g7
9: B b10c10
10: W b5a5
11: B b2b3
12: W f5g5
13: B h8h7
14: W g2g3
15: B c1c2
16: W c6c5
17: B e7e8
18: W e2e3
19: B h4h5
20: W g10g9
21: B e5e4
22: W i10i9
23: B a9b9
24: W a8a7
25: B e4d4
26: W i2i1
27: B e9d9
28: W h1h2
29: B h7g7
30: W d1d2
31: B j6j7
32: W f3f2
33: B j4i4
34: W f1g1
35: B b4a4
36: W d7d8
37: B c2d2
38: W d3d4
39: B a4a5
40: W i8j8
41: B f4g4
42: W a6a5
43: B f9g9
44: W f7g7
45: B e8d8
46: W e10d10
47: B h6g6
48: W g7g6
49: B j10j9
50: W d10c10
51: B j9i9
52: W c10c9
53: B h10h9
54: W j8j7
55: B g4g5
56: W j7i7
57: B i6i7
58: W c8b8
59: B d9c9
60: W b8b9
61: B c9b9
62: W g6g5
63: B h5g5
64: W h3i3
65: B j3i3
66: W c4c3
67: B b3c3
winner:B wins
1: W c6d6
2: B a5b5
3: W i2i3
4: B g9h9
5: W i4h4
6: B a3a2
7: W h7i7
8: B g3h3
9: W e8e9
10: B f4f5
11: W b9c9
12: B g5g6
13: W e6e7
14: B b4b3
15: W b7a7
16: B f8g8
17: W f1g1
18: B f10e10
19: W c2b2
20: B e3e4
21: W i10h10
22: B a2b2
23: W e2d2
24: B a1b1
25: W d3d4
26: B h3h4
27: W h5h6
28: B e1d1
29: W d9d10
30: B j6j7
31: W j3j2
32: B a9a8
33: W d7c7
34: B g6h6
35: W j5j4
36: B j10j9
37: W e9e10
38: B c5d5
39: W d6d5
40: B e5d5
41: W d2d1
42: B c3c4
43: W d1c1
44: B h8i8
45: W i7i8
46: B j8i8
47: W f7f6
48: B f5f6
49: W c1b1
50: B b2b1
51: W i6h6
52: B h4g4
53: W a10b10
54: B d8c8
55: W a6b6
56: B b5b6
57: W c7c8
58: B d5d4
59: W h10h9
60: B i9h9
61: W a7a8
62: B b8a8
63: W f3f2
64: B i1h1
65: W g1h1
66: B h2h1
winner:B wins
slurmstepd: error: Unable to unlink domain socket `/var/spool/slurmd/nc31102_3944902.4294967291`: No such file or directory
