cgt_vs_cgtdb Data/cgt_mcts_results/cgt_cgtdb_10.txt 10x10 100 runs...
1: B a3b3
2: W f3f4
3: B b2c2
4: W h7g7
5: B f10e10
6: W c4c5
7: B h8g8
8: W a6a5
9: B d2d3
10: W g4g5
11: B g9h9
12: W g2g3
13: B c7c6
14: W i8i9
15: B e5d5
16: W d9e9
17: B e1e2
18: W d7e7
19: B b10c10
20: W c5c6
21: B g1h1
22: W e6d6
23: B h4i4
24: W f5f6
25: B a9b9
26: W j1j2
27: B b6b5
28: W j9j8
29: B b8c8
30: W f9f8
31: B i5j5
32: W b1c1
33: B h6i6
34: W a5b5
35: B b4a4
36: W i2h2
37: B h1h2
38: W j3i3
39: B d5d6
40: W j7j6
41: B i6j6
42: W f1f2
43: B g8f8
44: W c1c2
45: B c3c2
46: W e8d8
47: B e2f2
48: W d8c8
49: B c9c8
50: W e9e10
51: B e3e4
52: W f4e4
53: B d10e10
54: W a2a1
55: B d6c6
56: W g10h10
57: B h9i9
58: W i10i9
59: B a7b7
60: W e4d4
61: B f8f7
62: W d4d3
63: B f7e7
64: W i3i4
65: B h2h3
66: W i4j4
67: B h3g3
68: W j4j5
69: B j6j5
winner:B wins
1: W e6d6
2: B b4a4
3: W h9g9
4: B a7b7
5: W h5h6
6: B e1e2
7: W i8j8
8: B d10d9
9: W f5f4
10: B b8c8
11: W h7g7
12: B c5c6
13: W h3g3
14: B e9e8
15: W b3c3
16: B h10i10
17: W j5i5
18: B f10f9
19: W a10a9
20: B d4e4
21: W g2h2
22: B b10b9
23: W f7e7
24: B a1a2
25: W f1f2
26: B j4j3
27: W d3e3
28: B e2e3
29: W j7j6
30: B g1h1
31: W j9j10
32: B h4i4
33: W i5i4
34: B h8g8
35: W d7d8
36: B e8d8
37: W a9b9
38: B g8g9
39: W a6a5
40: B c1b1
41: W i2j2
42: B d2c2
43: W g6g5
44: B c6d6
45: W j10i10
46: B i9i10
47: W c10c9
48: B c8c9
49: W g10g9
50: B f9g9
51: W d5e5
52: B e3f3
53: W b9c9
54: B f3f4
55: W c9d9
56: B d8d9
57: W e5e4
58: B i7i6
59: W h6i6
60: B f4e4
61: W h2h1
62: B i1h1
63: W i4i3
64: B j3i3
65: W b5b6
66: B a4a5
67: W b6b7
68: B c7b7
69: W c3c2
70: B b2c2
winner:B wins
