cgt_vs_cgtdb Data/cgt_mcts_results/cgt_cgtdb_10.txt 10x10 100 runs...
1: B a7a6
2: W e10e9
3: B f4f5
4: W c2b2
5: B f6g6
6: W i2h2
7: B f8g8
8: W c4c3
9: B c9c8
10: W e2f2
11: B b8b7
12: W i4h4
13: B b10c10
14: W h3i3
15: B i7h7
16: W d3e3
17: B e7d7
18: W g2g3
19: B j8i8
20: W j5i5
21: B j6i6
22: W i10j10
23: B i9h9
24: W c6b6
25: B g9g10
26: W a4a3
27: B c5d5
28: W b1a1
29: B i1j1
30: W d1d2
31: B g5g4
32: W e8d8
33: B g4g3
34: W b6b7
35: B g1f1
36: W d8d7
37: B c7d7
38: W j3j4
39: B b4b5
40: W e6d6
41: B i6i5
42: W f7g7
43: B h7g7
44: W d9d10
45: B e5e4
46: W f9f10
47: B g10f10
48: W h5h6
49: B c10d10
50: W h6g6
51: B g7g6
52: W e3e4
53: B f1f2
54: W e4d4
55: B d5d6
56: W a8a9
57: B f2f3
winner:B wins
1: W f7e7
2: B j8i8
3: W g4f4
4: B d6d5
5: W h9h10
6: B c3b3
7: W c2d2
8: B c1d1
9: W h3h2
10: B f10g10
11: W c8c7
12: B e3e4
13: W h7h6
14: B a9a8
15: W c10c9
16: B b2a2
17: W g8f8
18: B e5e6
19: W j3i3
20: B i1h1
21: W j7i7
22: B i5j5
23: W f3f2
24: B b4a4
25: W a6b6
26: B d8d7
27: W j9j10
28: B c5b5
29: W h5g5
30: B e6e7
31: W b7b8
32: B e9e8
33: W e2e1
34: B f6f5
35: W g2g1
36: B g10h10
37: W d2d1
38: B h1h2
39: W d9d10
40: B f5f4
41: W i10i9
42: B i8i7
43: W i2j2
44: B g9f9
45: W i4j4
46: B g7g6
47: W f8e8
48: B g6h6
49: W c4d4
50: B i7i6
51: W j4j5
52: B b10b9
53: W b8a8
54: B b5b6
55: W b1a1
56: B j6j5
57: W a1a2
58: B b9c9
59: W a2a3
60: B d5d4
61: W a3a4
62: B a7a8
63: W d3d4
64: B e4d4
65: W e8e7
66: B d7c7
67: W a4a5
68: B b6c6
winner:B wins
