cgt_vs_cgtdb Data/cgt_mcts_results/cgt_cgtdb_10.txt 10x10 100 runs...
1: B h6h7
2: W b7b6
3: B f10f9
4: W d5c5
5: B a9a8
6: W i2i3
7: B a5a6
8: W g2f2
9: B b10b9
10: W f5f4
11: B j4j3
12: W e6d6
13: B a3a2
14: W g8f8
15: B b4c4
16: W j7j6
17: B j8i8
18: W d1d2
19: B c3d3
20: W j9i9
21: B c7c8
22: W i6i5
23: B e7d7
24: W h1i1
25: B b2b1
26: W d9d8
27: B h4i4
28: W g4g5
29: B e9e8
30: W e4e5
31: B e8d8
32: W f3g3
33: B i4i5
34: W e10d10
35: B i5h5
36: W i9i8
37: B g9h9
38: W e2e1
39: B i7i8
40: W i10h10
41: B g1f1
42: W c10c9
43: B b9c9
44: W f7g7
45: B f9f8
46: W d2d3
47: B e3d3
48: W c2c1
49: B a6b6
50: W c1b1
51: B a1b1
52: W g7h7
53: B f1f2
54: W h10h9
55: B h8h9
56: W g5h5
57: B f6g6
58: W d6d7
59: B b6b5
60: W d7d8
61: B c4c5
62: W d8c8
63: B b8c8
64: W c6c5
65: B b5c5
66: W j1j2
67: B h2h3
68: W j2j3
69: B h3g3
winner:B wins
1: W c4c5
2: B e1d1
3: W d5d4
4: B f2e2
5: W g8g9
6: B c7c8
7: W f7f8
8: B j10j9
9: W e4e3
10: B j6j7
11: W i8i9
12: B h10g10
13: W i2i1
14: B b2c2
15: W i4i5
16: B e9d9
17: W h3h2
18: B j2j3
19: W b3b4
20: B g3g4
21: W g6h6
22: B i7i6
23: W d7e7
24: B a1b1
25: W b9b10
26: B d10c10
27: W f5f6
28: B g5h5
29: W a8a9
30: B b6b7
31: W e6d6
32: B a5b5
33: W i5i6
34: B h8h7
35: W b4b5
36: B h7h6
37: W i6h6
38: B f4f3
39: W d3d2
40: B c2d2
41: W h6h5
42: B g10g9
43: W j5j4
44: B g9h9
45: W b10c10
46: B c9c10
47: W h5h4
48: B f10e10
49: W j4j3
50: B a7a6
51: W i9j9
52: B g4h4
53: W j9j8
54: B j7j8
55: W a2a3
56: B i3j3
57: W e3f3
58: B g1f1
59: W e8d8
60: B d9d8
winner:B wins
