cgt_vs_cgtdb Data/cgt_mcts_results/cgt_cgtdb_10.txt 10x10 100 runs...
1: B g7h7
2: W d3d4
3: B h4g4
4: W e4e5
5: B a7b7
6: W b1c1
7: B b6c6
8: W b3b4
9: B f10e10
10: W e8e9
11: B a9b9
12: W g8g9
13: B h10h9
14: W h1g1
15: B e7d7
16: W j7j6
17: B i9j9
18: W j5j4
19: B i7i8
20: W c4c3
21: B e1f1
22: W c10c9
23: B f6e6
24: W i2i3
25: B d2e2
26: W a6a5
27: B b2a2
28: W f3f2
29: B g5f5
30: W i6i5
31: B h6g6
32: W e5e6
33: B d8c8
34: W f2f1
35: B j2j1
36: W d5c5
37: B c6c5
38: W f7f8
39: B c5b5
40: W a4a3
41: B a2a3
42: W a8b8
43: B c8b8
44: W i10j10
45: B e10e9
46: W j10j9
47: B e9d9
48: W c9d9
49: B d10d9
50: W a10b10
51: B j8j9
52: W b10b9
53: B d6e6
54: W b9b8
55: B b7b8
56: W b4b5
57: B g3g2
58: W g9h9
59: B h8h9
60: W h3h2
61: B g2h2
winner:B wins
1: W e8f8
2: B d6c6
3: W h3g3
4: B g5h5
5: W j9i9
6: B c9c8
7: W i4j4
8: B c7b7
9: W g6g7
10: B a7a8
11: W i2i1
12: B j6i6
13: W f1g1
14: B h8h7
15: W c4c3
16: B j2j3
17: W b5c5
18: B a9b9
19: W g10h10
20: B j10i10
21: W i8j8
22: B h7g7
23: W a2a1
24: B f4g4
25: W e4e5
26: B e7e6
27: W a6b6
28: B c6c5
29: W d3d2
30: B f6f7
31: W e2f2
32: B c5d5
33: W g8g9
34: B d8d9
35: W b3b2
36: B i10i9
37: W a4b4
38: B e3f3
39: W e10d10
40: B f3g3
41: W g2h2
42: B e6e5
43: W b6b7
44: B c1d1
45: W c10b10
46: B e5f5
47: W d10d9
48: B i9h9
49: W h10h9
50: B f10f9
51: W g9f9
52: B e9d9
53: W f8f7
54: B g7f7
55: W b7b8
56: B c8b8
57: W b10b9
58: B b8b9
59: W j4j3
60: B i3j3
61: W j5i5
62: B h5i5
63: W j7i7
64: B i6i7
65: W d2d1
66: B e1d1
winner:B wins
