cgt_vs_cgtdb Data/cgt_mcts_results/cgt_cgtdb_10.txt 10x10 100 runs...
1: B e1e2
2: W b5c5
3: B i5i4
4: W f3f4
5: B h2h3
6: W b7b8
7: B b4c4
8: W f7g7
9: B d2d3
10: W h9h10
11: B a3b3
12: W d5d6
13: B d4e4
14: W i8i7
15: B c1c2
16: W b9a9
17: B b10c10
18: W f5f6
19: B i1i2
20: W g6h6
21: B j8j9
22: W d7e7
23: B j4j3
24: W f9e9
25: B j6i6
26: W e8f8
27: B g1g2
28: W g10f10
29: B e5e6
30: W a6b6
31: B a7a8
32: W b1a1
33: B a8b8
34: W c8c9
35: B e6d6
36: W g4h4
37: B i4h4
38: W i10j10
39: B g5h5
40: W h6i6
41: B d8d9
42: W f4e4
43: B c4c5
44: W f1f2
45: B a5a4
46: W f2g2
47: B j2j1
48: W j10j9
49: B i9j9
50: W g2g3
51: B h3g3
52: W c6c5
53: B d9e9
54: W e4e3
55: B h8g8
56: W f8g8
57: B g9g8
58: W e3e2
59: B g8g7
60: W h7g7
61: B d10e10
62: W f10e10
63: B e9e10
64: W c9c10
65: B b2a2
66: W a1a2
winner:W wins
1: W g4h4
2: B c5d5
3: W g6f6
4: B c3d3
5: W b9b8
6: B f4f5
7: W h1i1
8: B d10d9
9: W g8g9
10: B a9a8
11: W j9i9
12: B e7d7
13: W b3b2
14: B f10g10
15: W b7b6
16: B e9f9
17: W e2f2
18: B g5h5
19: W e4d4
20: B a3a2
21: W c8c7
22: B f5f6
23: W a10b10
24: B f8e8
25: W i4j4
26: B b4b5
27: W j1j2
28: B f6e6
29: W g9g10
30: B h10h9
31: W b6b5
32: B a5a6
33: W j7i7
34: B g7h7
35: W c2c1
36: B d3d4
37: W i2i3
38: B j8i8
39: W b8a8
40: B i8i7
41: W f1g1
42: B h6i6
43: W g2g3
44: B e3f3
45: W g3f3
46: B h5h4
47: W j5j6
48: B a7a8
49: W c4d4
50: B d5d4
51: W i9h9
52: B i6j6
53: W h9h8
54: B j10i10
55: W h8h7
56: B i7h7
57: W d1d2
58: B h4h3
59: W c7d7
60: B d6d7
61: W c10c9
62: B d9c9
63: W i3h3
64: B h2h3
65: W b2a2
66: B a1a2
winner:B wins
