cgt_vs_cgtdb Data/cgt_mcts_results/cgt_cgtdb_10.txt 10x10 100 runs...
1: B h8g8
2: W i6j6
3: B h4h3
4: W e2e3
5: B f4f5
6: W d9d8
7: B b10c10
8: W c2d2
9: B d6d7
10: W h9g9
11: B f8f7
12: W b5b6
13: B g5g6
14: W g2f2
15: B g3f3
16: W b9b8
17: B h6h7
18: W b7c7
19: B e9e10
20: W g10f10
21: B e7e6
22: W i2j2
23: B i1h1
24: W i4j4
25: B e1f1
26: W d3c3
27: B c1b1
28: W a4a3
29: B f3e3
30: W c4b4
31: B d4d5
32: W i10i9
33: B e3e4
34: W a2b2
35: B a9a8
36: W d8d7
37: B a8b8
38: W h5i5
39: B b8c8
40: W f10e10
41: B c8c7
42: W e10d10
43: B i7i8
44: W j9j10
45: B i3j3
46: W d7c7
47: B j3j4
48: W f2f1
49: B c10d10
50: W g9g8
51: B g7g8
52: W f1g1
53: B a7a6
54: W g1h1
55: B h2h1
56: W i9i8
57: B j4j5
58: W i8j8
59: B j5i5
60: W c6c5
61: B d5c5
62: W b6a6
63: B a5a6
64: W b2b1
65: B a1b1
winner:B wins
1: W b7b8
2: B b2a2
3: W h7h6
4: B g3g2
5: W f9e9
6: B c3b3
7: W c6c5
8: B d4d5
9: W h9i9
10: B g5f5
11: W d9c9
12: B c1d1
13: W f3e3
14: B b4a4
15: W e4f4
16: B e5e6
17: W g10f10
18: B g1f1
19: W e8f8
20: B h4h5
21: W i8j8
22: B d8d7
23: W i4j4
24: B g7g6
25: W b5b6
26: B b10b9
27: W a6a5
28: B b9b8
29: W i10j10
30: B j2j3
31: W h6h5
32: B i1i2
33: W c5d5
34: B a9a8
35: W c2d2
36: B h2h3
37: W i6i5
38: B f5f4
39: W j4j3
40: B j6j7
41: W a5a4
42: B f4g4
43: W a4a3
44: B b3a3
45: W b1a1
46: B f6f7
47: W f8f7
48: B d6d5
49: W f7e7
50: B g9g8
51: W e7d7
52: B c7c8
53: W a1a2
54: B a3a2
55: W c9c8
56: B b8c8
57: W j3i3
58: B d10e10
59: W i3h3
60: B e10f10
61: W j8j7
62: B i7j7
63: W d2d1
64: B e1e2
65: W e3e2
66: B f2e2
winner:B wins
