cgt_vs_cgtdb Data/cgt_mcts_results/cgt_cgtdb_10.txt 10x10 100 runs...
1: B a5b5
2: W d9e9
3: B d8c8
4: W f9f10
5: B b10c10
6: W c2c3
7: B g7h7
8: W i2i1
9: B b6c6
10: W i6j6
11: B a9b9
12: W f3f4
13: B a7b7
14: W f5f6
15: B f8f7
16: W g2f2
17: B j4j5
18: W h9i9
19: B i3i4
20: W g10h10
21: B g5h5
22: W b1b2
23: B e7d7
24: W f6f7
25: B h2h3
26: W f1e1
27: B j2j1
28: W d5d4
29: B e5e4
30: W i8h8
31: B e4d4
32: W a4b4
33: B a1a2
34: W g4h4
35: B h3h4
36: W j9j8
37: B j10i10
38: W d3e3
39: B h7h8
40: W j6j5
41: B i7j7
42: W e6d6
43: B d4c4
44: W a8b8
45: B c4b4
46: W d6c6
47: B c8b8
48: W j5i5
49: B c7c6
50: W g6h6
51: B j7j8
52: W g8h8
53: B i10h10
54: W h6h5
55: B d2d1
56: W e10d10
57: B c10d10
58: W i5i4
59: B h4i4
60: W b3a3
61: B a2b2
62: W h1g1
63: B j1i1
64: W e1d1
65: B c1d1
winner:B wins
1: W e4f4
2: B c9b9
3: W h5g5
4: B b10c10
5: W g2h2
6: B f10f9
7: W c2c1
8: B f6g6
9: W i2j2
10: B i5i6
11: W g8g7
12: B e5d5
13: W b3b2
14: B d8c8
15: W i10i9
16: B g1f1
17: W c4d4
18: B h4g4
19: W e6e7
20: B f8f7
21: W e10e9
22: B h8h7
23: W g7g6
24: B g3f3
25: W f4g4
26: B j6j7
27: W e2f2
28: B d6c6
29: W h9h10
30: B a5b5
31: W d3d2
32: B b6b7
33: W j9j8
34: B f3f2
35: W j3i3
36: B a3a2
37: W e7f7
38: B j4j5
39: W a8b8
40: B i1j1
41: W d7c7
42: B c8c7
43: W d4d5
44: B b7b8
45: W a10a9
46: B b4a4
47: W d5c5
48: B b5c5
49: W a9b9
50: B b8b9
51: W j2j1
52: B a7a6
53: W d9d10
54: B c10d10
55: W g10g9
56: B f9g9
57: W g6h6
58: B i6h6
59: W j8j7
60: B i7j7
61: W d1e1
62: B f1e1
63: W b2a2
64: B a1a2
winner:B wins
