cgt_vs_cgtdb Data/cgt_mcts_results/cgt_cgtdb_10.txt 10x10 100 runs...
1: B h6h7
2: W g6f6
3: B f8e8
4: W b5c5
5: B e1e2
6: W h3i3
7: B i7i6
8: W f3f4
9: B h4i4
10: W b7b6
11: B a9a8
12: W c4d4
13: B d6d5
14: W i10h10
15: B e3e4
16: W c10b10
17: B i1i2
18: W j9i9
19: B e5e6
20: W d9d8
21: B g1f1
22: W f7e7
23: B h2g2
24: W b1a1
25: B e9f9
26: W c2c1
27: B b4b3
28: W c8b8
29: B g5g4
30: W j3j4
31: B i4i3
32: W e10f10
33: B a3a2
34: W j7j8
35: B i5j5
36: W a6a5
37: B d5d4
38: W g8g9
39: B d2d3
40: W e7e6
41: B c7d7
42: W j4j5
43: B h8i8
44: W b8a8
45: B i8j8
46: W a1a2
47: B c9b9
48: W a2b2
49: B j2j1
50: W d8d7
51: B a7a8
52: W j5j6
53: B b9b10
54: W a10b10
55: B i6j6
56: W b2b3
57: B c3b3
58: W f4g4
59: B f9f10
60: W g4g3
61: B f10g10
62: W g3g2
63: B g10g9
64: W g2f2
65: B g9h9
66: W h10h9
67: B f1f2
winner:B wins
1: W c2c3
2: B e1d1
3: W c8b8
4: B b6c6
5: W g4h4
6: B e5f5
7: W g8g9
8: B a1b1
9: W h7i7
10: B j2i2
11: W d9e9
12: B a5b5
13: W d7e7
14: B f2f3
15: W f7f6
16: B i1h1
17: W e10f10
18: B e3e4
19: W d5c5
20: B a7b7
21: W i4i5
22: B a9b9
23: W j7j6
24: B b10c10
25: W h9h10
26: B b5c5
27: W j9i9
28: B j10i10
29: W g6g5
30: B f5f6
31: W a4b4
32: B i10i9
33: W b8b7
34: B j4j3
35: W e6d6
36: B d2d3
37: W i8i9
38: B f8f9
39: W b3a3
40: B f9e9
41: W h3g3
42: B d3c3
43: W f1g1
44: B c5c4
45: W g3f3
46: B c4b4
47: W f3f4
48: B e9e8
49: W e7e8
50: B d8e8
51: W f4e4
52: B h6i6
53: W e4d4
54: B i6i7
55: W b7c7
56: B c6c7
57: W g1h1
58: B h2g2
59: W a2b2
60: B b1b2
winner:B wins
