cgt_vs_cgtdb Data/cgt_mcts_results/cgt_cgtdb_10.txt 10x10 100 runs...
1: B h6g6
2: W b3b4
3: B d6e6
4: W g4g3
5: B e3e4
6: W i4i3
7: B c1b1
8: W h9g9
9: B j8i8
10: W b9b8
11: B i9i10
12: W c2c3
13: B d10e10
14: W j1i1
15: B d2d3
16: W i6i5
17: B f4f5
18: W a4a3
19: B c5d5
20: W e8d8
21: B c7d7
22: W b5b6
23: B c9d9
24: W i2j2
25: B a9a8
26: W f1e1
27: B h4h5
28: W b7a7
29: B a5a6
30: W f7f8
31: B d9d8
32: W f9f10
33: B e10f10
34: W h7g7
35: B a6a7
36: W j5j6
37: B j4j3
38: W h1h2
39: B g6g7
40: W a2a1
41: B f10g10
42: W g8g7
43: B f2g2
44: W i5h5
45: B j10j9
46: W a1b1
47: B b2b1
48: W h5g5
49: B f5g5
50: W g9g10
51: B h10g10
52: W a10b10
53: B g2g3
54: W f3g3
55: B j3j2
56: W j7i7
57: B i8i7
58: W b8a8
59: B a7a8
60: W c8d8
61: B d7d8
62: W c3d3
63: B d4d3
winner:B wins
1: W c6d6
2: B i9j9
3: W b7a7
4: B g3h3
5: W i2i3
6: B b8a8
7: W b5b4
8: B f4f5
9: W g8f8
10: B j4j5
11: W g6h6
12: B e3d3
13: W c2b2
14: B e7e6
15: W a6a5
16: B i1h1
17: W e10d10
18: B a3b3
19: W e2e1
20: B a1b1
21: W a7a8
22: B h4h5
23: W d5d4
24: B b3b2
25: W d7d8
26: B f2g2
27: W f9f10
28: B d2d1
29: W i6j6
30: B h5h6
31: W h9h10
32: B h6h7
33: W a2b2
34: B i7i8
35: W a10a9
36: B f6f7
37: W c8c9
38: B d3d4
39: W d6e6
40: B e5e4
41: W c4d4
42: B g9g10
43: W g4g5
44: B g10h10
45: W i10h10
46: B j2j3
47: W j7j8
48: B j3i3
49: W j8i8
50: B g1f1
51: W i4i3
52: B f1e1
53: W b2b1
54: B e9d9
55: W i3h3
56: B h2h3
57: W j6j5
58: B i5j5
59: W b1c1
60: B d1c1
61: W g5f5
62: B e4d4
63: W i8h8
64: B d9d10
65: W h8h7
66: B b10c10
67: W c9c10
68: B d10c10
69: W h7g7
70: B f7g7
winner:B wins
