cgt_vs_cgtdb Data/cgt_mcts_results/cgt_cgtdb_10.txt 10x10 100 runs...
1: B f6f7
2: W d9e9
3: B i1h1
4: W e4e5
5: B h8g8
6: W j9i9
7: B b10b9
8: W b7c7
9: B j2i2
10: W c2c1
11: B d4d5
12: W a4b4
13: B d5e5
14: W i4j4
15: B f4f3
16: W d1d2
17: B c9c8
18: W f9f10
19: B a9a8
20: W h9g9
21: B d10e10
22: W f10e10
23: B g5g6
24: W h5h6
25: B j6j5
26: W e2f2
27: B i7i6
28: W a2b2
29: B d6d7
30: W j4j5
31: B g3h3
32: W g4h4
33: B b6a6
34: W e8e7
35: B c5c4
36: W c7d7
37: B g1g2
38: W f5e5
39: B a1b1
40: W j3i3
41: B b1b2
42: W b3c3
43: B c4c3
44: W i10h10
45: B g6h6
46: W h4h3
47: B g7h7
48: W d7d8
49: B e1f1
50: W j5i5
51: B j8j7
52: W i5i6
53: B h6i6
54: W d8c8
55: B f7e7
56: W b5a5
57: B e7e6
58: W a5a6
59: B e6e5
60: W c8b8
61: B b9b8
62: W a6a7
63: B a8a7
64: W g9g8
65: B f8g8
66: W f2g2
67: B e3d3
68: W d2d3
69: B c3d3
70: W h3h2
71: B i2h2
72: W g2h2
73: B h1h2
winner:B wins
1: W i4j4
2: B i1h1
3: W c6c7
4: B j2j3
5: W f3e3
6: B d4c4
7: W g2h2
8: B e1f1
9: W c10b10
10: B i5h5
11: W d9d8
12: B d2e2
13: W b5a5
14: B c1c2
15: W g6h6
16: B c3b3
17: W b7a7
18: B i3h3
19: W f9f8
20: B h4g4
21: W a4b4
22: B b2a2
23: W g8h8
24: B h10g10
25: W h7i7
26: B f4f5
27: W a10a9
28: B d10e10
29: W j5j6
30: B i9h9
31: W d5d6
32: B c4b4
33: W f7f6
34: B h3h2
35: W b9b8
36: B c9c8
37: W e8e7
38: B j8i8
39: W i2h2
40: B i8i7
41: W h2h1
42: B b6a6
43: W e4e5
44: B f5f6
45: W h1g1
46: B e2e3
47: W g1f1
48: B i7i6
49: W a7a6
50: B i6h6
51: W h8h9
52: B f6e6
53: W h9g9
54: B e6e5
55: W b1a1
56: B c8b8
57: W a1a2
58: B a3a2
59: W g9g10
60: B b8a8
61: W g10f10
62: B a8a9
63: W f10e10
64: B e9e10
65: W j4j3
66: B e3d3
67: W j9j10
68: B f2f1
winner:B wins
