cgt_vs_cgtdb Data/cgt_mcts_results/cgt_cgtdb_10.txt 10x10 100 runs...
1: B b10c10
2: W i2i1
3: B d8d9
4: W f7e7
5: B g1g2
6: W h9g9
7: B h2h3
8: W d1c1
9: B e1e2
10: W i4j4
11: B j2j3
12: W h5h6
13: B f10e10
14: W c4c5
15: B e5e4
16: W b9a9
17: B a3a2
18: W i8i7
19: B h4g4
20: W a8b8
21: B b4b3
22: W c6c7
23: B h10i10
24: W a6a5
25: B j10j9
26: W f9f8
27: B d4d3
28: W i6i5
29: B d6d7
30: W j7j6
31: B b6b7
32: W e7d7
33: B b7c7
34: W f5g5
35: B c7c8
36: W f3f2
37: B g2f2
38: W c2b2
39: B h8g8
40: W g5g4
41: B a2b2
42: W g4g3
43: B g8f8
44: W f1f2
45: B j3j4
46: W g3h3
47: B e9e8
48: W f2e2
49: B c8b8
50: W h3i3
51: B a1b1
52: W c1b1
53: B e3e2
54: W b1b2
55: B b3b2
56: W g6f6
57: B j4j5
58: W j6j5
59: B g7h7
60: W h6h7
winner:W wins
1: W h5h6
2: B c1c2
3: W a4a5
4: B j4i4
5: W d5c5
6: B f6f7
7: W f9e9
8: B b4b5
9: W f3g3
10: B i3h3
11: W g10f10
12: B a7b7
13: W d7e7
14: B f7e7
15: W h7i7
16: B j2i2
17: W b9a9
18: B f8g8
19: W f1f2
20: B d10e10
21: W f10e10
22: B h10h9
23: W d3d2
24: B b6c6
25: W a2a1
26: B b5c5
27: W e6d6
28: B b8c8
29: W e8d8
30: B b10c10
31: W e4e3
32: B b2b3
33: W g6g5
34: B i1h1
35: W c4c3
36: B j8j7
37: W j5j6
38: B c2d2
39: W e2e1
40: B e5f5
41: W i8i9
42: B j10i10
43: W i9i10
44: B j7j6
45: W d6c6
46: B c9d9
47: W e9d9
48: B d2d1
49: W c3b3
50: B a3b3
51: W e1d1
52: B g1g2
53: W f2g2
54: B j6i6
55: W c6c7
56: B f4g4
57: W g3g4
58: B c8d8
59: W d9d8
60: B b7c7
61: W g2h2
62: B f5g5
63: W g4g5
64: B i6h6
65: W h2h1
winner:W wins
