cgt_vs_cgtdb Data/cgt_mcts_results/cgt_cgtdb_10.txt 10x10 100 runs...
1: B d6d7
2: W f5g5
3: B a7a8
4: W f7f6
5: B a5a6
6: W c4c5
7: B i9j9
8: W h7h8
9: B h6i6
10: W i4i5
11: B h10h9
12: W d9c9
13: B e5e4
14: W f3e3
15: B e7e8
16: W h3g3
17: B f10e10
18: W j1i1
19: B f8f9
20: W f1e1
21: B d4d3
22: W j7j8
23: B b4b5
24: W d1c1
25: B b10b9
26: W b3b2
27: B i7i8
28: W g2f2
29: B i8j8
30: W g4h4
31: B g7g8
32: W c6c7
33: B j2j3
34: W i2h2
35: B j6j5
36: W c2c3
37: B d8c8
38: W g10g9
39: B g8g9
40: W c10d10
41: B c8c7
42: W b7c7
43: B b9c9
44: W d10e10
45: B e9e10
46: W i10j10
47: B d7c7
48: W j10j9
49: B j8j9
50: W h8h9
51: B g9h9
52: W i5j5
53: B d3c3
54: W a10a9
55: B a8a9
56: W j5j4
57: B a1a2
58: W j4j3
59: B g1h1
60: W j3i3
61: B h1h2
62: W c5b5
63: B b6b5
64: W e3e4
65: B d2e2
66: W e1e2
67: B f4e4
68: W a4a3
69: B a2a3
winner:B wins
1: W f9f8
2: B e3f3
3: W b9b8
4: B i5i6
5: W i2h2
6: B e1f1
7: W d5d4
8: B j6j7
9: W i8h8
10: B d8d7
11: W f5f6
12: B c1c2
13: W e4e5
14: B i9j9
15: W c6b6
16: B h10h9
17: W d9d10
18: B d2d3
19: W g4g3
20: B i1h1
21: W h7g7
22: B e7f7
23: W a4b4
24: B f7f8
25: W b5c5
26: B a9a8
27: W g2f2
28: B f3f2
29: W b3a3
30: B j4i4
31: W a2a1
32: B j2j3
33: W c10c9
34: B a8b8
35: W b7b8
36: B h1h2
37: W h3i3
38: B d6e6
39: W h5h4
40: B f8g8
41: W g10g9
42: B g8g7
43: W e2f2
44: B e9e10
45: W i10j10
46: B i4i3
47: W j10j9
48: B e6e5
49: W j9j8
50: B b10a10
51: W j8j7
52: B i7j7
53: W f2f1
54: B h6g6
55: W f6g6
56: B e10d10
57: W h8h9
58: B g1f1
59: W g6g5
60: B a7a6
61: W b6a6
62: B a5a6
63: W c8c7
64: B d7c7
65: W c4c3
66: B d3c3
67: W b1b2
68: B c2b2
winner:B wins
