cgt_vs_cgtdb Data/cgt_mcts_results/cgt_cgtdb_10.txt 10x10 100 runs...
1: B i3i4
2: W g8f8
3: B c1c2
4: W g2h2
5: B i5h5
6: W d5e5
7: B b4b5
8: W i8i9
9: B i1i2
10: W e6e7
11: B e1e2
12: W f3e3
13: B a3b3
14: W c10c9
15: B d10d9
16: W f9g9
17: B a5a6
18: W i6i7
19: B a9a8
20: W a10b10
21: B g1f1
22: W f5g5
23: B f6f7
24: W d3c3
25: B j2j3
26: W d7c7
27: B d9c9
28: W c8d8
29: B g3h3
30: W i10h10
31: B g7g6
32: W h7h6
33: B h5g5
34: W e4d4
35: B f4g4
36: W b9b8
37: B i2h2
38: W j5j4
39: B j3j4
40: W b8a8
41: B a7b7
42: W a2a1
43: B b3c3
44: W c6c5
45: B b5c5
46: W j7j8
47: B h8h9
48: W d1d2
49: B h9i9
50: W d2e2
51: B f7e7
52: W c7b7
53: B e9e8
54: W h1h2
55: B h3h2
56: W h6g6
57: B f10e10
58: W g6g5
59: B b6b7
60: W g5g4
61: B i9j9
62: W j8j9
63: B j10j9
64: W g4h4
65: B i4h4
66: W f8e8
67: B c3c4
68: W d4c4
69: B e7e8
70: W c4c5
71: B e8d8
72: W e2f2
73: B f1f2
74: W b1b2
75: B c2b2
winner:B wins
1: W c8c9
2: B e1e2
3: W c6c7
4: B d4c4
5: W g8h8
6: B h10g10
7: W h5i5
8: B b4a4
9: W h3g3
10: B i9i8
11: W g6g5
12: B j2j3
13: W b1b2
14: B f2g2
15: W b7b8
16: B j8j7
17: W e10d10
18: B e7e6
19: W d1d2
20: B g1h1
21: W d5c5
22: B d8d7
23: W j5j6
24: B e9f9
25: W g4f4
26: B e5f5
27: W a10b10
28: B f5f4
29: W f3f4
30: B i1i2
31: W a6a7
32: B e3d3
33: W h7h6
34: B g7f7
35: W a2a3
36: B a4a3
37: W b5a5
38: B a3b3
39: W i4h4
40: B c1c2
41: W d2c2
42: B i8h8
43: W e8f8
44: B h8h9
45: W g3g2
46: B h2g2
47: W f8f9
48: B f10f9
49: W c7d7
50: B d6d7
51: W c5c4
52: B a9a8
53: W i10j10
54: B a8a7
55: W j6j7
56: B i7j7
57: W c2c3
58: B d3c3
59: W c4c3
60: B b3c3
winner:B wins
