cgt_vs_cgtdb Data/cgt_mcts_results/cgt_cgtdb_10.txt 10x10 100 runs...
1: B g7f7
2: W i6h6
3: B b4a4
4: W e4d4
5: B d6e6
6: W f5g5
7: B j10i10
8: W i2i3
9: B f8e8
10: W g10f10
11: B c3c4
12: W b5a5
13: B d8d7
14: W a6a7
15: B b10c10
16: W e2e3
17: B f4g4
18: W b7c7
19: B j8j7
20: W d1d2
21: B j4j5
22: W c8c9
23: B g4g5
24: W e10e9
25: B c4d4
26: W j1i1
27: B c5d5
28: W g8g9
29: B h4i4
30: W h1h2
31: B g5g6
32: W c9c10
33: B i4i3
34: W b1b2
35: B a1a2
36: W b9a9
37: B b8a8
38: W f1f2
39: B a2b2
40: W h7h8
41: B i9i8
42: W a9a8
43: B e8e9
44: W b3b2
45: B e9f9
46: W d9d10
47: B f9g9
48: W c7d7
49: B c1c2
50: W d7e7
51: B f7e7
52: W h3i3
53: B g3f3
54: W h6g6
55: B f3f2
56: W h5i5
57: B c2d2
58: W i5j5
59: B f6g6
60: W d3d4
61: B b6c6
62: W d4d5
63: B e5d5
64: W j5j6
65: B g1g2
66: W j6j7
67: B i8h8
68: W h2g2
69: B a4a5
70: W j7i7
71: B f2g2
72: W h9h8
73: B j2j3
74: W i3j3
winner:W wins
1: W i4h4
2: B b2c2
3: W f9f10
4: B g3f3
5: W d5e5
6: B g9g10
7: W a8b8
8: B a5b5
9: W c8c9
10: B b4c4
11: W i8i7
12: B g5g4
13: W g8h8
14: B a7b7
15: W j7j6
16: B c3d3
17: W c6d6
18: B b7b8
19: W i2i3
20: B b10c10
21: W f1f2
22: B d8e8
23: W d1d2
24: B e3e4
25: W h3h2
26: B e4e5
27: W h5i5
28: B g7f7
29: W f5f4
30: B h6h7
31: W j9j10
32: B h7h8
33: W j1j2
34: B f3f2
35: W a4a3
36: B a1b1
37: W h9h10
38: B g10h10
39: W d9e9
40: B f6e6
41: W b9a9
42: B i1h1
43: W a6b6
44: B c2d2
45: W e9e8
46: B e1e2
47: W b6b5
48: B g1g2
49: W b5c5
50: B c10c9
51: W c5c4
52: B h1h2
53: W c4d4
54: B g4f4
55: W d4d3
56: B d10e10
57: W d3d2
58: B e10f10
59: W d2e2
60: B f2e2
61: W e8f8
62: B c7d7
63: W d6d7
64: B f7f8
65: W d7e7
66: B i9i10
67: W j10i10
68: B h10i10
69: W e7e6
70: B j4j3
71: W i3j3
72: B e5e6
winner:B wins
