cgt_vs_cgtdb Data/cgt_mcts_results/cgt_cgtdb_10.txt 10x10 100 runs...
1: B h4h5
2: W i2h2
3: B j4j5
4: W d3e3
5: B c7b7
6: W e6e7
7: B f4f3
8: W g6g7
9: B g3g2
10: W h9g9
11: B j10i10
12: W d1d2
13: B a5b5
14: W c10b10
15: B e9e10
16: W c2c3
17: B i3i4
18: W a2a1
19: B d8e8
20: W j3j2
21: B i1h1
22: W c4b4
23: B f2f1
24: W f9f10
25: B e8e7
26: W h2g2
27: B f3e3
28: W h7h6
29: B g5f5
30: W j7j6
31: B d4e4
32: W d5e5
33: B c9d9
34: W b1b2
35: B a9a8
36: W f7f8
37: B b8c8
38: W b3a3
39: B b6c6
40: W i8i9
41: B e7d7
42: W e2e3
43: B h8g8
44: W g7g8
45: B j8j9
46: W e5e4
47: B i7i6
48: W j6j5
49: B j9i9
50: W a6a7
51: B i5j5
52: W g2g1
53: B h1g1
54: W a7b7
55: B i6h6
56: W f10e10
57: B d10e10
58: W g10h10
59: B i10h10
60: W b4b5
61: B c5b5
winner:B wins
1: W e2f2
2: B f4g4
3: W i2h2
4: B d8e8
5: W e6e5
6: B d2d3
7: W f9g9
8: B i9i10
9: W g6g5
10: B g7f7
11: W b7b8
12: B c3c4
13: W c6c7
14: B b10b9
15: W d1e1
16: B h8g8
17: W i4i3
18: B d6d7
19: W e10e9
20: B b2a2
21: W h7i7
22: B j8j7
23: W f3g3
24: B h10g10
25: W a4b4
26: B c1b1
27: W j1i1
28: B c9d9
29: W i6i5
30: B a9a8
31: W f1g1
32: B g4g5
33: W e9e8
34: B b6a6
35: W b3a3
36: B b9b8
37: W e4d4
38: B c4d4
39: W h5h4
40: B c5b5
41: W g9g8
42: B f8e8
43: W f5f6
44: B d7c7
45: W b4b5
46: B c7c8
47: W c10d10
48: B a2a3
49: W b5a5
50: B j10j9
51: W f6f7
52: B e7f7
53: W a5a6
54: B a7a6
55: W i7j7
56: B d9d10
57: W j7j6
58: B j4j3
59: W d5d4
60: B d3d4
61: W i3j3
62: B j2j3
winner:B wins
