cgt_vs_cgtdb Data/cgt_mcts_results/cgt_cgtdb_10.txt 10x10 100 runs...
1: B d4e4
2: W e6f6
3: B i7i6
4: W c6c7
5: B f4f3
6: W g8g9
7: B j2i2
8: W c2d2
9: B g5h5
10: W d9d10
11: B b10c10
12: W b1c1
13: B i3i4
14: W d3e3
15: B g7f7
16: W c4c5
17: B e7e8
18: W j9j10
19: B i1h1
20: W j5j6
21: B h4h3
22: W h7h8
23: B a9b9
24: W h9h10
25: B e1d1
26: W a6b6
27: B b8c8
28: W a4b4
29: B a7b7
30: W g4g3
31: B f2g2
32: W c7c8
33: B g2g3
34: W b3b2
35: B e5d5
36: W f9e9
37: B j8j7
38: W g6h6
39: B i6h6
40: W d7d8
41: B e8d8
42: W g10f10
43: B b7b6
44: W f1g1
45: B c10d10
46: W g1h1
47: B d10e10
48: W h1h2
49: B d8c8
50: W j3j4
51: B i4j4
52: W e9e10
53: B j7j6
54: W c1d1
55: B a1a2
56: W i10i9
57: B b6b5
58: W c5b5
59: B a5b5
60: W b4b5
61: B f3e3
62: W b2a2
63: B a3a2
64: W h2i2
65: B f7f6
66: W f5f6
67: B e3e2
68: W d2e2
winner:W wins
1: W b9c9
2: B j2i2
3: W b5b6
4: B d2d1
5: W g8h8
6: B e5e6
7: W g2g3
8: B c7d7
9: W e8e9
10: B h4h5
11: W g10h10
12: B b10c10
13: W i6h6
14: B i3h3
15: W b1c1
16: B a5a6
17: W e2e3
18: B d4d5
19: W j7i7
20: B f4g4
21: W f5g5
22: B f2f1
23: W g5g4
24: B i1h1
25: W j5i5
26: B c3b3
27: W a8a9
28: B h5h6
29: W f7g7
30: B g9h9
31: W c8d8
32: B h9h8
33: W i8j8
34: B h6g6
35: W i4j4
36: B c10c9
37: W e10f10
38: B f8f9
39: W a4a3
40: B a1a2
41: W b6a6
42: B a2a3
43: W i10i9
44: B j10j9
45: W a6a7
46: B b8b7
47: W c6d6
48: B d5d6
49: W d8d7
50: B c5c4
51: W g7g6
52: B d6d7
53: W g6f6
54: B h8h7
55: W f6e6
56: B h7i7
57: W e6e7
58: B d7e7
59: W a7b7
60: B j9i9
61: W d9c9
62: B f9f10
63: W c2b2
64: B d1c1
65: W b2b3
66: B a3b3
67: W g3h3
68: B h2h3
winner:B wins
