cgt_vs_cgtdb Data/cgt_mcts_results/cgt_cgtdb_10.txt 10x10 100 runs...
1: B c1c2
2: W b5b4
3: B h8h9
4: W h3g3
5: B b10c10
6: W i6h6
7: B i1h1
8: W e8e9
9: B j6j5
10: W d5e5
11: B b2a2
12: W d3d4
13: B a3a4
14: W b9a9
15: B i5h5
16: W g8g7
17: B a7a6
18: W g10h10
19: B b8b7
20: W i10j10
21: B e1f1
22: W f5f6
23: B d6c6
24: W g2h2
25: B d2e2
26: W d7d8
27: B j2j3
28: W i8j8
29: B f4f3
30: W i2i3
31: B f3g3
32: W g4h4
33: B f8f9
34: W b1a1
35: B c9c8
36: W e6e7
37: B h5h4
38: W c4c3
39: B d10e10
40: W i4h4
41: B c2c3
42: W e4e3
43: B i9j9
44: W e3e2
45: B e10e9
46: W e2f2
47: B g5g6
48: W j10j9
49: B g6g7
50: W d9e9
51: B i7h7
52: W d8c8
53: B h9h10
54: W c8c7
55: B b7c7
56: W i3j3
57: B f9e9
58: W j3j4
59: B j5j4
60: W h6h7
61: B g7h7
62: W f2f1
63: B a2a1
64: W b4a4
65: B c3b3
66: W a4a5
67: B a6a5
68: W h2h1
69: B g1f1
winner:B wins
1: W c4c3
2: B f6e6
3: W g8g9
4: B c1c2
5: W c8c7
6: B c5d5
7: W b7b8
8: B i1i2
9: W h5i5
10: B d8e8
11: W g2f2
12: B g5f5
13: W c6b6
14: B a9a8
15: W i8h8
16: B j2j3
17: W e2e1
18: B b10b9
19: W i6i7
20: B d2d3
21: W e4d4
22: B b2b3
23: W a4a3
24: B g7f7
25: W h1g1
26: B h6h7
27: W i7h7
28: B h4h3
29: W i10h10
30: B f10e10
31: W j9j8
32: B i9h9
33: W h8h9
34: B c9d9
35: W c3b3
36: B j6j5
37: W b1a1
38: B b4b5
39: W d7e7
40: B f7e7
41: W d4d3
42: B a5a6
43: W c10d10
44: B e3f3
45: W i4i3
46: B i2i3
47: W d10e10
48: B f4g4
49: W e10e9
50: B d9e9
51: W i5j5
52: B j4j5
53: W f9f8
54: B e8f8
55: W b6a6
56: B b9b8
57: W a6a7
58: B a8a7
59: W f2f3
60: B g3f3
winner:B wins
