cgt_vs_cgtdb Data/cgt_mcts_results/cgt_cgtdb_10.txt 10x10 100 runs...
1: B f2f1
2: W f5e5
3: B j6j5
4: W b9a9
5: B d4d3
6: W i2j2
7: B a3a2
8: W b7c7
9: B b8c8
10: W i8j8
11: B d8e8
12: W h7h6
13: B b4b5
14: W e10f10
15: B a5a6
16: W c2c3
17: B h2h1
18: W f9e9
19: B d6c6
20: W g10g9
21: B f4e4
22: W i10j10
23: B g3g2
24: W i4j4
25: B i7i6
26: W c10b10
27: B e7e6
28: W d1e1
29: B h4h3
30: W h9h10
31: B g5g6
32: W f3e3
33: B g7f7
34: W e9e8
35: B i6h6
36: W e3d3
37: B c5c4
38: W e5e4
39: B c8c7
40: W b1c1
41: B i9j9
42: W j8j9
43: B j5j4
44: W d7c7
45: B d10d9
46: W c7c6
47: B b6c6
48: W a8a7
49: B a6a7
50: W h5h6
51: B f8g8
52: W g9g8
53: B h8g8
54: W h6g6
55: B f6g6
56: W b3b2
57: B j4j3
58: W b2a2
59: B d2d3
60: W c3d3
61: B a1a2
62: W j1i1
63: B h1i1
64: W j2j3
65: B i3j3
66: W e1f1
67: B g1f1
winner:B wins
1: W i2i3
2: B d2c2
3: W h9h8
4: B e3e4
5: W i6i5
6: B j4j3
7: W e6e7
8: B g7g6
9: W a8a9
10: B c3c4
11: W b5c5
12: B b6c6
13: W d9e9
14: B h4g4
15: W g2g3
16: B f4f5
17: W e2f2
18: B f8f7
19: W b3a3
20: B h6h5
21: W d7c7
22: B b10b9
23: W i10i9
24: B g9f9
25: W c5c6
26: B d4d5
27: W b7a7
28: B a5a4
29: W h1h2
30: B i7i8
31: W f1e1
32: B c1b1
33: W g10f10
34: B i8i9
35: W c8d8
36: B f9e9
37: W e10d10
38: B g4g3
39: W j9j8
40: B g3h3
41: W a3a4
42: B i1j1
43: W a2b2
44: B e9e8
45: W d8e8
46: B h3i3
47: W c6d6
48: B j6j5
49: W i4i3
50: B b4a4
51: W d6d5
52: B j3i3
53: W e7f7
54: B c2b2
55: W f7f6
56: B j5i5
57: W d5e5
58: B e4e5
59: W f6g6
60: B g5g6
61: W a9b9
62: B c9c10
63: W b9b8
64: B c10d10
winner:B wins
