cgt_vs_cgtdb Data/cgt_mcts_results/cgt_cgtdb_10.txt 10x10 100 runs...
1: B d4d3
2: W f3f4
3: B b10b9
4: W g8g9
5: B i7i8
6: W d9d10
7: B g7h7
8: W i2h2
9: B d6e6
10: W i6h6
11: B a7a8
12: W a4a5
13: B c9c8
14: W h1g1
15: B g5g4
16: W d5c5
17: B f6f7
18: W b3a3
19: B b6b7
20: W j9i9
21: B b2c2
22: W i4h4
23: B c1d1
24: W h9h8
25: B e5e4
26: W c4c3
27: B g4f4
28: W e8d8
29: B b4b5
30: W e10e9
31: B i8i9
32: W j3i3
33: B i5j5
34: W g10h10
35: B f2e2
36: W a5b5
37: B c7d7
38: W d8d7
39: B g3g2
40: W f5f4
41: B g2g1
42: W c3d3
43: B a1b1
44: W a10a9
45: B h7h8
46: W a9b9
47: B e4f4
48: W b9b8
49: B g1f1
50: W d3d2
51: B c2d2
52: W j1i1
53: B i9i10
54: W h10i10
55: B j10i10
56: W j7j6
57: B a8b8
58: W j6j5
59: B j4j5
60: W d7e7
61: B f8f9
62: W e9f9
63: B f10f9
64: W g9f9
65: B e6e7
winner:B wins
1: W d7d6
2: B e1e2
3: W f7f8
4: B b4a4
5: W i4h4
6: B f6g6
7: W b7a7
8: B d2d3
9: W d9d8
10: B i9i10
11: W h9h8
12: B g5h5
13: W j3j2
14: B j8i8
15: W c4c5
16: B e5e4
17: W h3i3
18: B g9g10
19: W h1i1
20: B h2g2
21: W h7h6
22: B f2f3
23: W a10b10
24: B h5h6
25: W c8c9
26: B f4g4
27: W j7j6
28: B d10e10
29: W i6h6
30: B e9f9
31: W c6b6
32: B a5a6
33: W h6g6
34: B e7e8
35: W b1c1
36: B e8f8
37: W a2a1
38: B a3b3
39: W h4g4
40: B a6a7
41: W a8a7
42: B g7g6
43: W f1g1
44: B g2g1
45: W g4g3
46: B b8b9
47: W g3f3
48: B b9b10
49: W g8f8
50: B j4j5
51: W f8f9
52: B i8h8
53: W j9j10
54: B f10f9
55: W d5d4
56: B i10j10
57: W f3e3
58: B e4e3
59: W j6j5
60: B i5j5
61: W d4d3
62: B b10c10
63: W d3e3
64: B b2c2
65: W e3e2
66: B c10c9
67: W c1c2
68: B c3c2
winner:B wins
