cgt_vs_cgtdb Data/cgt_mcts_results/cgt_cgtdb_10.txt 10x10 100 runs...
1: B c1c2
2: W h5g5
3: B b10c10
4: W i10i9
5: B h2g2
6: W e10e9
7: B g9g8
8: W i2i1
9: B g3h3
10: W f7g7
11: B j4j3
12: W d7d8
13: B f4g4
14: W e6d6
15: B i5i4
16: W d3d2
17: B j6i6
18: W b1a1
19: B f10f9
20: W g5g4
21: B e5d5
22: W b7b6
23: B h6h7
24: W i8i7
25: B e1e2
26: W b9b8
27: B d4c4
28: W a4a3
29: B e3f3
30: W i7h7
31: B h8h9
32: W e8f8
33: B a5b5
34: W a2b2
35: B c2d2
36: W a8a7
37: B c7c6
38: W f8f9
39: B d5d6
40: W f1g1
41: B g2g1
42: W d9c9
43: B g1h1
44: W d1d2
45: B f6g6
46: W g4h4
47: B j8j9
48: W d2e2
49: B j9i9
50: W g10h10
51: B i4h4
52: W e2f2
53: B a9a10
54: W h10h9
55: B i9h9
56: W b6b5
57: B b4b5
58: W g7g8
59: B f3f2
60: W c9c10
61: B d10c10
62: W b3c3
63: B c4c3
64: W j1j2
65: B h1i1
66: W j2j3
67: B i3j3
winner:B wins
1: W c4b4
2: B h6h5
3: W i8h8
4: B d10e10
5: W d1e1
6: B i3i4
7: W g8g9
8: B b2a2
9: W g2g3
10: B d4d3
11: W d7d8
12: B g7g6
13: W a6b6
14: B i7i6
15: W j1j2
16: B d6e6
17: W g10h10
18: B c5c6
19: W c10b10
20: B a5a4
21: W j5j4
22: B c3b3
23: W d5e5
24: B j8j9
25: W e5e6
26: B h2i2
27: W b7b8
28: B h4g4
29: W e2e3
30: B f4f5
31: W d9c9
32: B c1c2
33: W f7e7
34: B b3b4
35: W a10a9
36: B a7a8
37: W f1g1
38: B i4j4
39: W f9f8
40: B f2f3
41: W e3d3
42: B f3g3
43: W e6f6
44: B f5f6
45: W b5b4
46: B a8b8
47: W i10i9
48: B d2d3
49: W j7j6
50: B i6j6
51: W h3g3
52: B g4g3
53: W j2i2
54: B i1h1
55: W b4a4
56: B j4j3
57: W b1a1
58: B h1g1
59: W i9j9
60: B j10j9
61: W b6c6
62: B b8b9
63: W e8e9
64: B b9a9
65: W e9e10
66: B c7c8
67: W d8c8
68: B f10e10
69: W a4a3
70: B a2a3
winner:B wins
