cgt_vs_cgtdb Data/cgt_mcts_results/cgt_cgtdb_10.txt 10x10 100 runs...
1: B f6f7
2: W i2i3
3: B a3a4
4: W d7d8
5: B d4d5
6: W c2b2
7: B a7b7
8: W b9a9
9: B j10i10
10: W e2e3
11: B h2h3
12: W h7h8
13: B c9c8
14: W f9f8
15: B a5b5
16: W f5g5
17: B c8d8
18: W i8j8
19: B b6c6
20: W c4c5
21: B j4j5
22: W c10d10
23: B d5c5
24: W j7i7
25: B e7e6
26: W h5h6
27: B i9h9
28: W j1j2
29: B g9g10
30: W e8e9
31: B g7g6
32: W f1f2
33: B h3i3
34: W h8h9
35: B i3i4
36: W d1d2
37: B f4f3
38: W g2g3
39: B f7f8
40: W f2f3
41: B d8d9
42: W b3c3
43: B b10a10
44: W g8f8
45: B h4g4
46: W g5g6
47: B e5e4
48: W g3g4
49: B e4e3
50: W f3e3
51: B a1a2
52: W h1g1
53: B d9d10
54: W h9h10
55: B f10e10
56: W e9e10
57: B i10h10
58: W e10d10
59: B j6i6
60: W h6i6
61: B i5i6
62: W i7i6
63: B a10a9
64: W a8a9
65: B a2b2
66: W b1c1
winner:W wins
1: W h7i7
2: B h8h9
3: W g6f6
4: B e5e4
5: W c8c7
6: B d6c6
7: W c4b4
8: B b10c10
9: W d3d2
10: B i3h3
11: W f9f10
12: B j4i4
13: W a4a3
14: B a9b9
15: W i6h6
16: B f4f3
17: W g2f2
18: B g5g4
19: W h5i5
20: B j2i2
21: W e8e9
22: B e7d7
23: W i8i9
24: B g9g8
25: W d5d4
26: B a7b7
27: W b1a1
28: B b7c7
29: W a6b6
30: B h10i10
31: W f1e1
32: B d10e10
33: W h1i1
34: B c1d1
35: W e1d1
36: B e10e9
37: W i9h9
38: B e9d9
39: W b3b2
40: B c3c2
41: W j7j8
42: B c2d2
43: W i5i4
44: B d2e2
45: W f2e2
46: B j6j5
47: W i4h4
48: B g4h4
49: W b6c6
50: B e4d4
51: W e2e3
52: B c7c6
53: W a8b8
54: B b9b8
55: W e3f3
56: B a5b5
57: W i1i2
58: B g3f3
59: W i2h2
60: B h3h2
61: W b4b5
62: B g7f7
63: W b5c5
64: B c6c5
65: W j9j10
66: B i10j10
67: W f6f7
68: B f8f7
winner:B wins
