cgt_vs_cgtdb Data/cgt_mcts_results/cgt_cgtdb_10.txt 10x10 100 runs...
1: B d10d9
2: W d7e7
3: B a9a10
4: W f9f8
5: B d6c6
6: W h9i9
7: B b8c8
8: W e4d4
9: B b6b7
10: W h5h6
11: B f10g10
12: W e8e9
13: B j2j3
14: W e2e1
15: B i1h1
16: W a2b2
17: B c9b9
18: W b1c1
19: B j10i10
20: W j5j6
21: B j8i8
22: W f7f6
23: B i8i9
24: W g4f4
25: B h4i4
26: W a6a7
27: B e5d5
28: W h3h2
29: B g7g8
30: W a4b4
31: B h8h7
32: W d3c3
33: B a3b3
34: W d1d2
35: B b3b4
36: W f1f2
37: B a5b5
38: W f8g8
39: B i5i6
40: W j9i9
41: B i6j6
42: W i9i10
43: B j6j7
44: W i10h10
45: B e3f3
46: W i2i3
47: B f3f2
48: W i3i4
49: B g3g2
50: W c10b10
51: B g5g6
52: W h6h7
53: B h1h2
54: W h7i7
55: B g6f6
56: W i7j7
57: B a10b10
58: W i4j4
59: B f6e6
60: W e7e6
61: B j3j4
62: W h10g10
63: B g9g8
64: W a7b7
65: B c7b7
66: W e9d9
67: B d8d9
68: W c4c5
69: B c6c5
70: W d4d5
71: B c5d5
winner:B wins
1: W g4h4
2: B c7b7
3: W c4b4
4: B j6j5
5: W e6e7
6: B b10c10
7: W b1b2
8: B f8e8
9: W h7i7
10: B f6f7
11: W i2h2
12: B h10h9
13: W h5g5
14: B j2j3
15: W e2f2
16: B j8i8
17: W d5d6
18: B g9g8
19: W d3c3
20: B a9b9
21: W c8b8
22: B f10e10
23: W g2g3
24: B a7a6
25: W b3a3
26: B e8e7
27: W i4i5
28: B h6g6
29: W f5f4
30: B a1a2
31: W d1e1
32: B b7b8
33: W d7d8
34: B i8i7
35: W g5g6
36: B i7i6
37: W a3a2
38: B i6i5
39: W d9d10
40: B c10d10
41: W b5b6
42: B e3f3
43: W f2f3
44: B d2c2
45: W c3c2
46: B g7g6
47: W f9e9
48: B j10i10
49: W e9e10
50: B d10e10
51: W j9i9
52: B g1f1
53: W i9h9
54: B f1e1
55: W h9h8
56: B g8h8
57: W a8b8
58: B c1c2
59: W b8b9
60: B c2b2
61: W a2b2
62: B c9b9
63: W a4a5
64: B c5c6
65: W d6c6
66: B a6a5
67: W h3i3
68: B j3i3
69: W e4e5
70: B i1j1
winner:B wins
