cgt_vs_cgtdb Data/cgt_mcts_results/cgt_cgtdb_10.txt 10x10 100 runs...
1: B d2d3
2: W e6d6
3: B e3e4
4: W a8b8
5: B c9c10
6: W e8e9
7: B g5f5
8: W i10i9
9: B h10g10
10: W h3g3
11: B h6g6
12: W i4i5
13: B j10j9
14: W d7c7
15: B h4g4
16: W g8g9
17: B f10e10
18: W a4a3
19: B e7f7
20: W i2j2
21: B i7i6
22: W b1a1
23: B j6j5
24: W d9d8
25: B h8h9
26: W c4c3
27: B a7b7
28: W d5d4
29: B e1f1
30: W b3b2
31: B d3d4
32: W c6b6
33: B b7b8
34: W j7j8
35: B b8b9
36: W g9h9
37: B a5a6
38: W g2h2
39: B i1h1
40: W h7g7
41: B f2f3
42: W g7g6
43: B j9i9
44: W h2h1
45: B f3g3
46: W g6f6
47: B i9h9
48: W a10b10
49: B f7f6
50: W h1g1
51: B f1g1
52: W d1c1
53: B b9b10
54: W e9e10
55: B f8f9
56: W e10d10
57: B c10d10
58: W b5c5
59: B a6b6
60: W i5j5
61: B j4j3
62: W j2j3
63: B i3j3
winner:B wins
1: W b7b8
2: B b6c6
3: W e6e7
4: B d4d5
5: W f9f8
6: B j2j3
7: W g4g5
8: B h10h9
9: W h3g3
10: B h6i6
11: W f3e3
12: B a5b5
13: W d9c9
14: B c1d1
15: W e8d8
16: B b2a2
17: W j5j4
18: B i7j7
19: W a4b4
20: B b10b9
21: W g2g1
22: B c3b3
23: W a10a9
24: B b9b8
25: W e4e5
26: B b5b4
27: W f1f2
28: B g7f7
29: W h1i1
30: B f6g6
31: W d3d2
32: B d10e10
33: W h5h4
34: B g9g8
35: W a8b8
36: B i9j9
37: W h7h8
38: B g8h8
39: W e7f7
40: B h8i8
41: W b1a1
42: B c5c4
43: W g10f10
44: B a7a6
45: W i10j10
46: B j3j4
47: W a1a2
48: B h2i2
49: W a2a3
50: B b3a3
51: W f10e10
52: B j9j10
53: W i1i2
54: B i3i2
55: W i4i5
56: B e9e10
57: W i5i6
58: B j6i6
59: W f5f4
60: B d5e5
61: W d7d6
62: B g6g5
63: W d6c6
64: B c7c6
65: W d2d1
66: B e1d1
winner:B wins
