cgt_vs_cgtdb Data/cgt_mcts_results/cgt_cgtdb_10.txt 10x10 100 runs...
1: B d10d9
2: W h3h2
3: B f2f3
4: W c6d6
5: B a5b5
6: W h5h4
7: B g5f5
8: W c2b2
9: B i1h1
10: W i6i7
11: B f10f9
12: W b9b10
13: B c9c8
14: W e4d4
15: B b4c4
16: W j7j6
17: B a9a8
18: W h9i9
19: B h10i10
20: W a6b6
21: B g9g8
22: W d7e7
23: B c3d3
24: W e6f6
25: B f5f6
26: W g4g3
27: B e1d1
28: W d4c4
29: B a3a2
30: W j9j10
31: B h1h2
32: W h7g7
33: B i10i9
34: W b2a2
35: B h6g6
36: W i2j2
37: B c5d5
38: W i4j4
39: B i3j3
40: W i8h8
41: B j3j4
42: W f7f8
43: B g8f8
44: W g2g1
45: B a1a2
46: W e2d2
47: B d3d2
48: W e10e9
49: B c7b7
50: W d6d5
51: B g6g7
52: W b1c1
53: B b5b6
54: W g3f3
55: B e5d5
56: W e8d8
57: B d9e9
58: W c1d1
59: B d2d1
60: W d8c8
61: B b8c8
62: W f3f4
63: B i5j5
64: W j6j5
65: B j4j5
winner:B wins
1: W h7g7
2: B c7b7
3: W e2e3
4: B f6f7
5: W b3c3
6: B h8h9
7: W e10e9
8: B j4i4
9: W h3g3
10: B d8d9
11: W b1c1
12: B f7g7
13: W b5a5
14: B b6a6
15: W c4c5
16: B a9b9
17: W g4f4
18: B i5i6
19: W d5d6
20: B e7e8
21: W f9f8
22: B g5h5
23: W a8b8
24: B c9c10
25: W e4e5
26: B b9b8
27: W j1i1
28: B e8e9
29: W f1f2
30: B f10g10
31: W g8g7
32: B h2i2
33: W j5j6
34: B i6j6
35: W a2a3
36: B a6a5
37: W i10i9
38: B g1h1
39: W c2d2
40: B d4d3
41: W j7j8
42: B d3d2
43: W i1i2
44: B b8c8
45: W a10b10
46: B j10j9
47: W j8j9
48: B b4a4
49: W b10c10
50: B d10c10
51: W i9h9
52: B a4a3
53: W h9h10
54: B i7i8
55: W h10g10
56: B g9g10
57: W g6h6
58: B i3i2
59: W h6h5
60: B d2d1
61: W h5h4
62: B i4h4
63: W c1d1
64: B e1d1
65: W j3j2
66: B i2j2
winner:B wins
