cgt_vs_cgtdb Data/cgt_mcts_results/cgt_cgtdb_10.txt 10x10 100 runs...
1: B d8e8
2: W g2h2
3: B d6d5
4: W f3f4
5: B b6c6
6: W e2e1
7: B j8j7
8: W c8c9
9: B d4d3
10: W a4b4
11: B a7b7
12: W g6h6
13: B i9i8
14: W j3j4
15: B c3c4
16: W j5i5
17: B b2c2
18: W h3g3
19: B c1d1
20: W f1f2
21: B a5b5
22: W g10h10
23: B g1h1
24: W f9g9
25: B f10e10
26: W i2j2
27: B g5h5
28: W e6e7
29: B a9b9
30: W f7f8
31: B e8e7
32: W h7h8
33: B b9c9
34: W b4c4
35: B i8h8
36: W e4e5
37: B e7d7
38: W d9d10
39: B h4g4
40: W a2a3
41: B g4f4
42: W e1d1
43: B h8h9
44: W d1d2
45: B h9g9
46: W a8b8
47: B d3d2
48: W c4c5
49: B b7b8
50: W c5c6
51: B c7c6
52: W h2h1
53: B i1h1
54: W g8g9
55: B a1b1
56: W a10b10
57: B h5i5
58: W i6i7
59: B j7i7
60: W i4i5
61: B j10j9
62: W d10e10
63: B c9c10
64: W b10c10
65: B e9e10
66: W e5d5
67: B f4f5
winner:B wins
1: W f9f8
2: B f10e10
3: W d5d6
4: B b2b3
5: W h5g5
6: B g3h3
7: W i2i1
8: B i7i8
9: W b5b6
10: B e3e4
11: W e2f2
12: B c3c4
13: W d1c1
14: B i5i4
15: W e6f6
16: B j4j3
17: W b9b10
18: B f4g4
19: W h9h8
20: B d2d3
21: W c8d8
22: B a3a4
23: W d9c9
24: B e1f1
25: W i6j6
26: B j8j9
27: W i10j10
28: B g9g8
29: W a6a7
30: B g8h8
31: W h7g7
32: B f1f2
33: W e8e7
34: B h6g6
35: W c6c7
36: B g6f6
37: W f3f2
38: B f6f7
39: W g2h2
40: B h3h2
41: W j10j9
42: B a9a10
43: W j9i9
44: B a10b10
45: W i9i8
46: B b10c10
47: W c9c10
48: B b8b7
49: W g5g4
50: B b7b6
51: W f5e5
52: B j2j1
53: W e5e4
54: B d4e4
55: W c10d10
56: B e10d10
57: W g4h4
58: B i4h4
59: W i8h8
60: B h10g10
61: W f8f7
62: B a1a2
63: W h1g1
64: B j1i1
winner:B wins
