cgt_vs_cgtdb Data/cgt_mcts_results/cgt_cgtdb_10.txt 10x10 100 runs...
1: B d8d7
2: W i6i7
3: B h2i2
4: W g2f2
5: B g7f7
6: W g4f4
7: B e1e2
8: W b5c5
9: B d2c2
10: W b3a3
11: B i5h5
12: W g6h6
13: B e5e4
14: W f9e9
15: B c1b1
16: W a8b8
17: B e7e8
18: W c8c7
19: B b6c6
20: W j3j2
21: B g5f5
22: W b9c9
23: B d10d9
24: W h9h8
25: B i9i8
26: W c4b4
27: B j8j7
28: W h6h5
29: B f10g10
30: W i4h4
31: B d9e9
32: W a6a7
33: B e3d3
34: W a2a1
35: B c6c7
36: W c10b10
37: B a9a10
38: W d5d6
39: B a5a4
40: W j9j10
41: B f5f4
42: W d6d7
43: B i8h8
44: W h3g3
45: B h8g8
46: W e10e9
47: B e8e9
48: W a1b1
49: B i1j1
50: W j2i2
51: B e2f2
52: W e6f6
53: B f2f3
54: W f6f7
55: B a10b10
56: W g3f3
57: B c7d7
58: W f7f8
59: B h10i10
60: W f3f4
61: B i10j10
62: W f8g8
63: B b2b1
64: W g8g9
65: B g10g9
66: W f4e4
67: B d4e4
68: W a3a4
69: B i3i2
70: W j5j6
71: B j7i7
72: W h1g1
73: B i7h7
winner:B wins
1: W f9e9
2: B e5d5
3: W g2h2
4: B b4b5
5: W g6g5
6: B c9c8
7: W f7g7
8: B d10d9
9: W h7i7
10: B e1f1
11: W i8i9
12: B i1h1
13: W i4i3
14: B a7b7
15: W a2a1
16: B f8e8
17: W j9j10
18: B b10b9
19: W j1j2
20: B d2e2
21: W f5f4
22: B g3f3
23: W c2b2
24: B j4j5
25: W j7j8
26: B h4g4
27: W a8a9
28: B h10i10
29: W c6c5
30: B e7d7
31: W c4c3
32: B f3f4
33: W i6i5
34: B f10g10
35: W e6d6
36: B a5a6
37: W d6d5
38: B a3b3
39: W e4d4
40: B b3c3
41: W c5b5
42: B c3d3
43: W a9b9
44: B c1d1
45: W b9b8
46: B b7b8
47: W b5b6
48: B a6b6
49: W e9d9
50: B d8d9
51: W j10i10
52: B g9g8
53: W g7g8
54: B h8g8
55: W i5j5
56: B g4g5
57: W h5g5
58: B j6j5
59: W h2h1
60: B g1h1
61: W d4d3
62: B e3d3
winner:B wins
