cgt_vs_cgtdb Data/cgt_mcts_results/cgt_cgtdb_10.txt 10x10 100 runs...
1: B i3h3
2: W g6f6
3: B f2g2
4: W f7e7
5: B h4g4
6: W b3b2
7: B d8d7
8: W c4c3
9: B d10e10
10: W h7g7
11: B a3a2
12: W c6b6
13: B b10b9
14: W i10i9
15: B a9a8
16: W g8h8
17: B f8f9
18: W i8j8
19: B g9g10
20: W j5j4
21: B i5i6
22: W e6d6
23: B j2i2
24: W e2e3
25: B a5a6
26: W e4f4
27: B g5h5
28: W b1c1
29: B g1h1
30: W h9h10
31: B c7c8
32: W j7i7
33: B j10j9
34: W d3d2
35: B a2b2
36: W d5e5
37: B e9d9
38: W h10g10
39: B g4f4
40: W f3g3
41: B b4b5
42: W j1i1
43: B b5b6
44: W b7a7
45: B a6a7
46: W i7i6
47: B g2g3
48: W g10f10
49: B e10f10
50: W i1i2
51: B d7d6
52: W c10c9
53: B j9i9
54: W c9c8
55: B b2c2
56: W c8b8
57: B b9b8
58: W i2h2
59: B h6i6
60: W h2h1
61: B f4f5
62: W f6f5
63: B e1d1
64: W d2c2
65: B d1c1
66: W c2c1
winner:W wins
1: W e4d4
2: B h6i6
3: W i2h2
4: B h8h7
5: W b3c3
6: B g5h5
7: W c6c7
8: B e7d7
9: W i4h4
10: B d2d3
11: W c10c9
12: B e5f5
13: W g8g9
14: B f8f9
15: W b9b8
16: B d7c7
17: W j9i9
18: B d8c8
19: W b5c5
20: B j6j7
21: W e6d6
22: B e9e10
23: W a4a5
24: B h10g10
25: W e2e3
26: B b4c4
27: W a2a1
28: B f9g9
29: W g6f6
30: B i1h1
31: W a8a7
32: B d3e3
33: W g4g3
34: B e1f1
35: W f6f5
36: B j2j3
37: W j5i5
38: B h5i5
39: W d4c4
40: B f4f3
41: W c2c1
42: B b2b1
43: W d9d10
44: B c7b7
45: W d10e10
46: B b7a7
47: W e10f10
48: B g9h9
49: W i9h9
50: B b1a1
51: W i8i7
52: B h7i7
53: W i10j10
54: B g10f10
55: W a10a9
56: B g7f7
57: W b8c8
58: B b6a6
59: W a5a6
60: B a7a6
61: W h3i3
62: B f3g3
63: W g2f2
64: B h1h2
65: W f2f1
66: B g1f1
67: W i3j3
68: B j4j3
winner:B wins
