cgt_vs_cgtdb Data/cgt_mcts_results/cgt_cgtdb_10.txt 10x10 100 runs...
1: B g5g4
2: W d5c5
3: B e3e4
4: W b7b8
5: B b10b9
6: W g6g7
7: B f4f3
8: W c2c3
9: B d10e10
10: W e8e7
11: B c9d9
12: W e6f6
13: B a5a4
14: W e2f2
15: B b6b5
16: W j9j10
17: B g1g2
18: W h9h8
19: B e1d1
20: W j3i3
21: B h2h3
22: W i2i1
23: B j2j1
24: W i10i9
25: B j1i1
26: W i4h4
27: B h3h4
28: W h1i1
29: B h6h5
30: W b3b4
31: B b5c5
32: W j7i7
33: B j8i8
34: W b1a1
35: B f8f7
36: W f2f3
37: B f7f6
38: W c6d6
39: B g9f9
40: W c4d4
41: B j4j5
42: W f3g3
43: B i8i9
44: W i6i5
45: B g4g3
46: W i5h5
47: B h4h5
48: W g10f10
49: B a9a8
50: W c8d8
51: B b9b8
52: W a6a7
53: B e4d4
54: W a7a8
55: B d4d3
56: W f10e10
57: B d3c3
58: W d8d9
59: B c7d7
60: W e7d7
61: B b8a8
62: W e10e9
63: B f9e9
64: W d9e9
65: B f6f5
66: W b4a4
67: B a3a2
68: W a1a2
69: B b2a2
winner:B wins
1: W b3b4
2: B e5e6
3: W i6h6
4: B g3g2
5: W c8c9
6: B h2h1
7: W b9b10
8: B a9a8
9: W f3e3
10: B b2a2
11: W d9e9
12: B g5g6
13: W i4i3
14: B c3d3
15: W a4a5
16: B c1d1
17: W f7g7
18: B h4h5
19: W e4f4
20: B j2j3
21: W i10h10
22: B j6j5
23: W d7c7
24: B i7h7
25: W d5c5
26: B g6h6
27: W i8i9
28: B h8h9
29: W b7b6
30: B f6f5
31: W e8f8
32: B h9i9
33: W e10f10
34: B f5f4
35: W e2f2
36: B d10c10
37: W g10g9
38: B j10j9
39: W i2i1
40: B d4c4
41: W e3d3
42: B c4c5
43: W j7j8
44: B c5c6
45: W a6a7
46: B f4g4
47: W j8j9
48: B i9j9
49: W b1a1
50: B a8a7
51: W c7c6
52: B d2c2
53: W a1a2
54: B c10b10
55: W a10b10
56: B a3a2
57: W c6d6
58: B e6d6
59: W i3j3
60: B j4j3
61: W g7h7
62: B h6h7
63: W i1h1
64: B e1f1
65: W h1g1
66: B f1f2
67: W g1g2
68: B f2g2
winner:B wins
