cgt_vs_cgtdb Data/cgt_mcts_results/cgt_cgtdb_10.txt 10x10 100 runs...
1: B e3f3
2: W h9h10
3: B h4h3
4: W g4g5
5: B h8i8
6: W b9c9
7: B g7g8
8: W d5c5
9: B a1b1
10: W e4d4
11: B c7d7
12: W f5f6
13: B h6g6
14: W c2d2
15: B d10d9
16: W f9f10
17: B e9e8
18: W d1e1
19: B i7j7
20: W j5j4
21: B i5i4
22: W e6d6
23: B b8c8
24: W c4b4
25: B b6c6
26: W g2f2
27: B g1h1
28: W i2h2
29: B i9j9
30: W a10a9
31: B c3b3
32: W d6d7
33: B a5a4
34: W j1j2
35: B g6f6
36: W f7e7
37: B i4j4
38: W a6a7
39: B h1h2
40: W b4a4
41: B c6c5
42: W j3i3
43: B b10c10
44: W i6j6
45: B g9g10
46: W i3h3
47: B h2h3
48: W i10j10
49: B g10h10
50: W j6j7
51: B j8j7
52: W j10j9
53: B c5b5
54: W e7e8
55: B d8e8
56: W a2b2
57: B b3b2
58: W c9c10
59: B a3a4
60: W f2f3
61: B f4f3
winner:B wins
1: W c8c7
2: B d4e4
3: W b9b8
4: B b4a4
5: W h7h8
6: B j2j3
7: W e8f8
8: B d6c6
9: W g4g5
10: B c5b5
11: W g2h2
12: B h10h9
13: W d3d2
14: B i9i8
15: W j7j6
16: B h9h8
17: W f5f6
18: B i1h1
19: W e10d10
20: B e5e6
21: W g8h8
22: B e1f1
23: W a2b2
24: B a7a6
25: W f9f10
26: B c3b3
27: W h3g3
28: B c1d1
29: W c10c9
30: B i7i6
31: W g10g9
32: B j10j9
33: W f3f2
34: B a9a8
35: W h5i5
36: B i6i5
37: W i4i3
38: B j3i3
39: W g6g7
40: B i3i2
41: W d7d8
42: B i2h2
43: W h8i8
44: B a1b1
45: W f2f1
46: B a8b8
47: W b2b3
48: B e3e2
49: W f1g1
50: B b10a10
51: W i8j8
52: B j9j8
53: W b3a3
54: B b8b7
55: W c7b7
56: B a4a3
57: W g1h1
58: B h2h1
59: W d2e2
60: B j4j5
61: W j6j5
62: B i5j5
63: W b7b6
64: B e9d9
65: W b6a6
66: B d9d10
67: W a6a5
68: B b5a5
69: W f6e6
70: B e7e6
winner:B wins
