cgt_vs_cgtdb Data/cgt_mcts_results/cgt_cgtdb_10.txt 10x10 100 runs...
1: B g5g6
2: W f7f8
3: B j2i2
4: W i8i9
5: B j6i6
6: W b3b4
7: B g1f1
8: W e10e9
9: B c3c2
10: W h5h6
11: B c5b5
12: W d9d10
13: B g9h9
14: W e4d4
15: B i7h7
16: W b9b8
17: B d6d5
18: W g4g3
19: B c7b7
20: W b4b5
21: B i6h6
22: W f3f4
23: B e7e6
24: W j5j4
25: B h10i10
26: W d3d2
27: B i1h1
28: W e2e1
29: B h9i9
30: W i4i3
31: B j10j9
32: W e1f1
33: B f2g2
34: W a10a9
35: B d8c8
36: W a6a7
37: B b7b8
38: W f9f10
39: B c2d2
40: W a2a1
41: B d2d1
42: W j7j8
43: B b8a8
44: W j8j9
45: B b2b1
46: W a1b1
47: B c1b1
48: W j9i9
49: B b10c10
50: W d10c10
51: B c9c10
52: W d4d5
53: B e5f5
54: W f4f5
55: B f6f5
56: W g8h8
57: B h7h8
58: W a7a8
59: B i10i9
60: W a4a3
61: B a5b5
62: W c6b6
63: B b5b6
64: W h3h4
65: B g2g3
66: W i3i2
67: B h2i2
winner:B wins
1: W i4h4
2: B c3d3
3: W b3b2
4: B e9f9
5: W e8d8
6: B b4b5
7: W c6c7
8: B h6i6
9: W e6e7
10: B c1d1
11: W a8b8
12: B a1a2
13: W f5f4
14: B a9b9
15: W g6g7
16: B d10e10
17: W h7h8
18: B g9g10
19: W b2a2
20: B b9b8
21: W h1i1
22: B d4e4
23: W i2j2
24: B c5d5
25: W i8j8
26: B g3f3
27: W e2d2
28: B f3f4
29: W j9i9
30: B j4j5
31: W c8b8
32: B i3h3
33: W b7b6
34: B d1d2
35: W g4g5
36: B j10i10
37: W g2f2
38: B i10i9
39: W j7i7
40: B i9h9
41: W a6a7
42: B a3a4
43: W c10b10
44: B h3h4
45: W i7i6
46: B j6i6
47: W h5i5
48: B f6f7
49: W b6b5
50: B f7e7
51: W c2d2
52: B c9d9
53: W d2d3
54: B a5b5
55: W d7d6
56: B d9d8
57: W d6d5
58: B e5d5
59: W d3e3
60: B e4e3
61: W f1e1
62: B i6i5
63: W h8h9
64: B h10h9
65: W g8f8
66: B f9f8
winner:B wins
