cgt_vs_cgtdb Data/cgt_mcts_results/cgt_cgtdb_10.txt 10x10 100 runs...
1: B f6g6
2: W b5c5
3: B e5f5
4: W j9j8
5: B i1h1
6: W e2e3
7: B d6d5
8: W b9b10
9: B d8e8
10: W h7g7
11: B a9a8
12: W b7b8
13: B f2f1
14: W f9g9
15: B e7f7
16: W a2b2
17: B h4h5
18: W d9c9
19: B d10e10
20: W a6a7
21: B d2d1
22: W j3i3
23: B j2i2
24: W a4b4
25: B c7c6
26: W b3c3
27: B a8a7
28: W i6i5
29: B d4d3
30: W j5j4
31: B i2i3
32: W g10h10
33: B d5c5
34: W g8h8
35: B j10i10
36: W e3d3
37: B f4g4
38: W h3i3
39: B i9i8
40: W h8i8
41: B i10h10
42: W g7g6
43: B h10h9
44: W f3g3
45: B h6g6
46: W c2c1
47: B a1b1
48: W i5h5
49: B b1c1
50: W g2g1
51: B g4g3
52: W h5g5
53: B h9g9
54: W g1f1
55: B e1f1
56: W j7j6
57: B i7i8
58: W g5f5
59: B i8j8
60: W c4c5
61: B c6c5
winner:B wins
1: W g6g5
2: B f4f3
3: W b5c5
4: B j2j3
5: W j7j8
6: B a5a4
7: W e4d4
8: B i1h1
9: W h9h8
10: B g9f9
11: W d7e7
12: B h4g4
13: W c10c9
14: B a7a8
15: W i6i5
16: B h10i10
17: W b1c1
18: B b10b9
19: W e6f6
20: B b6b7
21: W i8i9
22: B b9c9
23: W e2d2
24: B c9c8
25: W b3a3
26: B d6c6
27: W h7h6
28: B g4g5
29: W g2f2
30: B f8e8
31: W j5j4
32: B g3h3
33: W i2i3
34: B j3i3
35: W f1e1
36: B g7f7
37: W d9e9
38: B b2a2
39: W f5g5
40: B c3d3
41: W e9e8
42: B d3d4
43: W c5c6
44: B d4d5
45: W a10a9
46: B a2a3
47: W e10f10
48: B f7e7
49: W c6c7
50: B c8c7
51: W c4b4
52: B d8e8
53: W b4a4
54: B a3a4
55: W a9a8
56: B b8a8
57: W f2f3
58: B f9f10
59: W f3e3
60: B f10g10
61: W i9i10
62: B j10i10
63: W i4i3
64: B h3i3
winner:B wins
