cgt_vs_cgtdb Data/cgt_mcts_results/cgt_cgtdb_10.txt 10x10 100 runs...
1: B d6c6
2: W c2b2
3: B h8h9
4: W i4i3
5: B e7f7
6: W g4f4
7: B h6g6
8: W d3d2
9: B b4b5
10: W f1f2
11: B j2i2
12: W h1h2
13: B d4c4
14: W b9b8
15: B a3a2
16: W d5e5
17: B a7a6
18: W c8c9
19: B e3e4
20: W e8d8
21: B c7b7
22: W g2g3
23: B j4j5
24: W a10a9
25: B h4h5
26: W i8i9
27: B g7g8
28: W f4e4
29: B f6f5
30: W c10d10
31: B f10g10
32: W d1c1
33: B e9f9
34: W j7i7
35: B e1e2
36: W i10j10
37: B e2d2
38: W i6i5
39: B h5i5
40: W b3c3
41: B a5a4
42: W b8b7
43: B b6b7
44: W c3c4
45: B i1j1
46: W c4c5
47: B i2i3
48: W c5c6
49: B i3j3
50: W i9h9
51: B j8j9
52: W h9g9
53: B j9j10
54: W g9g8
55: B f8g8
56: W e5f5
57: B g5f5
58: W b2a2
59: B a1a2
winner:B wins
1: W e8d8
2: B d4d5
3: W f3f2
4: B e9e10
5: W h3h4
6: B g5g6
7: W a6a7
8: B g9g8
9: W b3c3
10: B i7h7
11: W h9h10
12: B f10g10
13: W j5i5
14: B j8i8
15: W e4e3
16: B f6f5
17: W a4a3
18: B g3g4
19: W i2j2
20: B d6e6
21: W b9a9
22: B b10c10
23: W j1i1
24: B g1f1
25: W a8b8
26: B d2d3
27: W b5b4
28: B d3c3
29: W c6c5
30: B c1b1
31: W i10j10
32: B j6i6
33: W d7c7
34: B b6b7
35: W a2b2
36: B b7c7
37: W f7f8
38: B g8f8
39: W i4j4
40: B i3j3
41: W h1h2
42: B f1f2
43: W e2e1
44: B f2g2
45: W d9d10
46: B c7c8
47: W c5d5
48: B e10d10
49: W h4g4
50: B c3c4
51: W d5e5
52: B e6e5
53: W g4f4
54: B f5f4
55: W f9f8
56: B g10h10
57: W h2g2
58: B c4b4
59: W b8c8
60: B j3j2
61: W c8c9
62: B c10c9
63: W h5h6
64: B i6h6
65: W j9i9
66: B i8i9
67: W b2b1
68: B a1b1
winner:B wins
